ARM GAS  /var/folders/yt/6z6x8bjn5sjf5fbb45bk5m4c0000gn/T//ccJcOfAn.s 			page 1


   1              		.syntax unified
   2              		.cpu cortex-m3
   3              		.fpu softvfp
   4              		.eabi_attribute 20, 1	@ Tag_ABI_FP_denormal
   5              		.eabi_attribute 21, 1	@ Tag_ABI_FP_exceptions
   6              		.eabi_attribute 23, 3	@ Tag_ABI_FP_number_model
   7              		.eabi_attribute 24, 1	@ Tag_ABI_align8_needed
   8              		.eabi_attribute 25, 1	@ Tag_ABI_align8_preserved
   9              		.eabi_attribute 26, 1	@ Tag_ABI_enum_size
  10              		.eabi_attribute 30, 4	@ Tag_ABI_optimization_goals
  11              		.eabi_attribute 34, 1	@ Tag_CPU_unaligned_access
  12              		.eabi_attribute 18, 4	@ Tag_ABI_PCS_wchar_t
  13              		.file	"main.c"
  14              	@ GNU C (GNU Tools for ARM Embedded Processors) version 4.9.3 20150529 (release) [ARM/embedded-4_9-
  15              	@	compiled by GNU C version 4.2.1 (Based on Apple Inc. build 5658) (LLVM build 2336.9.00), GMP vers
  16              	@ GGC heuristics: --param ggc-min-expand=100 --param ggc-min-heapsize=131072
  17              	@ options passed:  -I . -I ./Libraries/CMSIS/CM3/CoreSupport
  18              	@ -I ./Libraries/CMSIS/CM3/DeviceSupport/ST/STM32F10x
  19              	@ -I ./Libraries/STM32F10x_StdPeriph_Driver/inc -I ./Libraries/Drivers/Leds
  20              	@ -I ./Libraries/Drivers/Buttons -I ./Libraries/Drivers/Usart
  21              	@ -I ./Libraries/Drivers/i2c -I ./Libraries/Drivers/BH1750
  22              	@ -I ./Libraries/Drivers/Utilities -I ./FreeRTOS/Source/include
  23              	@ -I ./FreeRTOS/Source/portable/GCC/ARM_CM3 -imultilib armv7-m
  24              	@ -iprefix /usr/local/Cellar/arm-none-eabi-gcc/20150921/bin/../lib/gcc/arm-none-eabi/4.9.3/
  25              	@ -isysroot /usr/local/Cellar/arm-none-eabi-gcc/20150921/bin/../arm-none-eabi
  26              	@ -MD main.d -MF .dep/main.o.d -MP -MQ main.o -D__USES_INITFINI__
  27              	@ -D STM32F10X_MD -D USE_STDPERIPH_DRIVER -D GCC_ARMCM3 -D RUN_FROM_FLASH=1
  28              	@ main.c -mcpu=cortex-m3 -mthumb -auxbase-strip main.o -gdwarf-2 -Os -Wall
  29              	@ -Wstrict-prototypes -fomit-frame-pointer -fverbose-asm
  30              	@ options enabled:  -faggressive-loop-optimizations -fauto-inc-dec
  31              	@ -fbranch-count-reg -fcaller-saves -fcombine-stack-adjustments -fcommon
  32              	@ -fcompare-elim -fcprop-registers -fcrossjumping -fcse-follow-jumps
  33              	@ -fdefer-pop -fdelete-null-pointer-checks -fdevirtualize
  34              	@ -fdevirtualize-speculatively -fdwarf2-cfi-asm -fearly-inlining
  35              	@ -feliminate-unused-debug-types -fexpensive-optimizations
  36              	@ -fforward-propagate -ffunction-cse -fgcse -fgcse-lm -fgnu-runtime
  37              	@ -fgnu-unique -fguess-branch-probability -fhoist-adjacent-loads -fident
  38              	@ -fif-conversion -fif-conversion2 -findirect-inlining -finline
  39              	@ -finline-atomics -finline-functions -finline-functions-called-once
  40              	@ -finline-small-functions -fipa-cp -fipa-profile -fipa-pure-const
  41              	@ -fipa-reference -fipa-sra -fira-hoist-pressure -fira-share-save-slots
  42              	@ -fira-share-spill-slots -fisolate-erroneous-paths-dereference -fivopts
  43              	@ -fkeep-static-consts -fleading-underscore -flifetime-dse -fmath-errno
  44              	@ -fmerge-constants -fmerge-debug-strings -fomit-frame-pointer
  45              	@ -foptimize-sibling-calls -fpartial-inlining -fpeephole -fpeephole2
  46              	@ -fprefetch-loop-arrays -freg-struct-return -freorder-blocks
  47              	@ -freorder-functions -frerun-cse-after-loop
  48              	@ -fsched-critical-path-heuristic -fsched-dep-count-heuristic
  49              	@ -fsched-group-heuristic -fsched-interblock -fsched-last-insn-heuristic
  50              	@ -fsched-pressure -fsched-rank-heuristic -fsched-spec
  51              	@ -fsched-spec-insn-heuristic -fsched-stalled-insns-dep -fschedule-insns2
  52              	@ -fsection-anchors -fshow-column -fsigned-zeros -fsplit-ivs-in-unroller
  53              	@ -fsplit-wide-types -fstrict-aliasing -fstrict-overflow
  54              	@ -fstrict-volatile-bitfields -fsync-libcalls -fthread-jumps
  55              	@ -ftoplevel-reorder -ftrapping-math -ftree-bit-ccp -ftree-builtin-call-dce
  56              	@ -ftree-ccp -ftree-ch -ftree-coalesce-vars -ftree-copy-prop
  57              	@ -ftree-copyrename -ftree-cselim -ftree-dce -ftree-dominator-opts
ARM GAS  /var/folders/yt/6z6x8bjn5sjf5fbb45bk5m4c0000gn/T//ccJcOfAn.s 			page 2


  58              	@ -ftree-dse -ftree-forwprop -ftree-fre -ftree-loop-if-convert
  59              	@ -ftree-loop-im -ftree-loop-ivcanon -ftree-loop-optimize
  60              	@ -ftree-parallelize-loops= -ftree-phiprop -ftree-pre -ftree-pta
  61              	@ -ftree-reassoc -ftree-scev-cprop -ftree-sink -ftree-slsr -ftree-sra
  62              	@ -ftree-switch-conversion -ftree-tail-merge -ftree-ter -ftree-vrp
  63              	@ -funit-at-a-time -fvar-tracking -fvar-tracking-assignments -fverbose-asm
  64              	@ -fzero-initialized-in-bss -mfix-cortex-m3-ldrd -mlittle-endian -mlra
  65              	@ -mpic-data-is-text-relative -msched-prolog -mthumb -munaligned-access
  66              	@ -mvectorize-with-neon-quad
  67              	
  68              		.text
  69              	.Ltext0:
  70              		.cfi_sections	.debug_frame
  71              		.align	1
  72              		.global	DelayAAA
  73              		.thumb
  74              		.thumb_func
  75              		.type	DelayAAA, %function
  76              	DelayAAA:
  77              	.LFB34:
  78              		.file 1 "main.c"
   1:main.c        **** //STM32F103ZET6 FreeRTOS Test
   2:main.c        **** #include "stm32f10x.h"
   3:main.c        **** //#include "stm32f10x_it.h"
   4:main.c        **** #include "mytasks.h"
   5:main.c        **** 
   6:main.c        **** //#include "ssd1306.h"
   7:main.c        **** 
   8:main.c        **** //task priorities
   9:main.c        **** #define mainLED_TASK_PRIORITY			( tskIDLE_PRIORITY )
  10:main.c        **** #define mainButton_TASK_PRIORITY                   ( tskIDLE_PRIORITY )
  11:main.c        **** #define mainButtonLEDs_TASK_PRIORITY                   ( tskIDLE_PRIORITY + 1 )
  12:main.c        **** #define mainUSART_TASK_PRIORITY                   ( tskIDLE_PRIORITY )
  13:main.c        **** #define mainUSART_TASK_STACK_SIZE configMINIMAL_STACK_SIZE+100
  14:main.c        **** 
  15:main.c        **** void DelayAAA(__IO uint32_t nCount)
  16:main.c        **** {
  79              		.loc 1 16 0
  80              		.cfi_startproc
  81              		@ args = 0, pretend = 0, frame = 8
  82              		@ frame_needed = 0, uses_anonymous_args = 0
  83              		@ link register save eliminated.
  84              	.LVL0:
  85 0000 82B0     		sub	sp, sp, #8	@,,
  86              	.LCFI0:
  87              		.cfi_def_cfa_offset 8
  88 0002 0190     		str	r0, [sp, #4]	@ nCount, nCount
  89              	.L2:
  17:main.c        ****   for(; nCount > 0; nCount--);
  90              		.loc 1 17 0 discriminator 1
  91 0004 019B     		ldr	r3, [sp, #4]	@ D.6011, nCount
  92 0006 1BB1     		cbz	r3, .L5	@ D.6011,
  93              		.loc 1 17 0 is_stmt 0 discriminator 2
  94 0008 019B     		ldr	r3, [sp, #4]	@ D.6011, nCount
  95 000a 013B     		subs	r3, r3, #1	@ D.6011, D.6011,
  96 000c 0193     		str	r3, [sp, #4]	@ D.6011, nCount
  97 000e F9E7     		b	.L2	@
ARM GAS  /var/folders/yt/6z6x8bjn5sjf5fbb45bk5m4c0000gn/T//ccJcOfAn.s 			page 3


  98              	.L5:
  18:main.c        **** }
  99              		.loc 1 18 0 is_stmt 1
 100 0010 02B0     		add	sp, sp, #8	@,,
 101              	.LCFI1:
 102              		.cfi_def_cfa_offset 0
 103              		@ sp needed	@
 104 0012 7047     		bx	lr	@
 105              		.cfi_endproc
 106              	.LFE34:
 107              		.size	DelayAAA, .-DelayAAA
 108              		.section	.text.startup,"ax",%progbits
 109              		.align	1
 110              		.global	main
 111              		.thumb
 112              		.thumb_func
 113              		.type	main, %function
 114              	main:
 115              	.LFB35:
  19:main.c        **** 
  20:main.c        **** int main(void)
  21:main.c        **** {
 116              		.loc 1 21 0
 117              		.cfi_startproc
 118              		@ Volatile: function does not return.
 119              		@ args = 0, pretend = 0, frame = 0
 120              		@ frame_needed = 0, uses_anonymous_args = 0
 121 0000 07B5     		push	{r0, r1, r2, lr}	@
 122              	.LCFI2:
 123              		.cfi_def_cfa_offset 16
 124              		.cfi_offset 14, -4
  22:main.c        ****   //init hardware
  23:main.c        ****   LEDsInit();
  24:main.c        ****   Usart1Init();    
  25:main.c        ****   ButtonsInitEXTI();
  26:main.c        ****   BH1750Init(BH1750_CONTINUOUS_HIGH_RES_MODE);
  27:main.c        ****   
  28:main.c        ****   xTaskCreate( vLEDFlashTask, ( const char * ) "LED", configMINIMAL_STACK_SIZE, NULL, mainLED_TASK_
 125              		.loc 1 28 0
 126 0002 0024     		movs	r4, #0	@ tmp113,
  23:main.c        ****   Usart1Init();    
 127              		.loc 1 23 0
 128 0004 FFF7FEFF 		bl	LEDsInit	@
 129              	.LVL1:
  24:main.c        ****   ButtonsInitEXTI();
 130              		.loc 1 24 0
 131 0008 FFF7FEFF 		bl	Usart1Init	@
 132              	.LVL2:
  25:main.c        ****   BH1750Init(BH1750_CONTINUOUS_HIGH_RES_MODE);
 133              		.loc 1 25 0
 134 000c FFF7FEFF 		bl	ButtonsInitEXTI	@
 135              	.LVL3:
  26:main.c        ****   
 136              		.loc 1 26 0
 137 0010 1020     		movs	r0, #16	@,
 138 0012 FFF7FEFF 		bl	BH1750Init	@
 139              	.LVL4:
ARM GAS  /var/folders/yt/6z6x8bjn5sjf5fbb45bk5m4c0000gn/T//ccJcOfAn.s 			page 4


 140              		.loc 1 28 0
 141 0016 0949     		ldr	r1, .L8	@,
 142 0018 7822     		movs	r2, #120	@,
 143 001a 2346     		mov	r3, r4	@, tmp113
 144 001c 0094     		str	r4, [sp]	@ tmp113,
 145 001e 0194     		str	r4, [sp, #4]	@ tmp113,
 146 0020 0748     		ldr	r0, .L8+4	@,
 147 0022 FFF7FEFF 		bl	xTaskCreate	@
 148              	.LVL5:
  29:main.c        ****   //xTaskCreate( vButtonCheckTask, ( const char * ) "Button", configMINIMAL_STACK_SIZE, NULL, mainB
  30:main.c        ****   //xTaskCreate( vButtonLEDsTask, ( const char * ) "ButtonLED", configMINIMAL_STACK_SIZE, NULL, mai
  31:main.c        ****   //xTaskCreate( vLCDTask, ( signed char * ) "LCD", mainLCD_TASK_STACK_SIZE, NULL, mainLCD_TASK_PRI
  32:main.c        ****   xTaskCreate( vUSARTTask, ( const char * ) "USART", mainUSART_TASK_STACK_SIZE, NULL, mainUSART_TAS
 149              		.loc 1 32 0
 150 0026 0749     		ldr	r1, .L8+8	@,
 151 0028 DC22     		movs	r2, #220	@,
 152 002a 2346     		mov	r3, r4	@, tmp113
 153 002c 0094     		str	r4, [sp]	@ tmp113,
 154 002e 0194     		str	r4, [sp, #4]	@ tmp113,
 155 0030 0548     		ldr	r0, .L8+12	@,
 156 0032 FFF7FEFF 		bl	xTaskCreate	@
 157              	.LVL6:
  33:main.c        ****   //start scheduler
  34:main.c        ****   vTaskStartScheduler();
 158              		.loc 1 34 0
 159 0036 FFF7FEFF 		bl	vTaskStartScheduler	@
 160              	.LVL7:
 161              	.L7:
  35:main.c        ****   //you should never get here
  36:main.c        ****   while(1)
  37:main.c        **** 	{
  38:main.c        **** 	}
 162              		.loc 1 38 0 discriminator 1
 163 003a FEE7     		b	.L7	@
 164              	.L9:
 165              		.align	2
 166              	.L8:
 167 003c 00000000 		.word	.LC0
 168 0040 00000000 		.word	vLEDFlashTask
 169 0044 04000000 		.word	.LC1
 170 0048 00000000 		.word	vUSARTTask
 171              		.cfi_endproc
 172              	.LFE35:
 173              		.size	main, .-main
 174              		.text
 175              		.align	1
 176              		.global	vApplicationStackOverflowHook
 177              		.thumb
 178              		.thumb_func
 179              		.type	vApplicationStackOverflowHook, %function
 180              	vApplicationStackOverflowHook:
 181              	.LFB36:
  39:main.c        **** }
  40:main.c        **** void vApplicationStackOverflowHook( TaskHandle_t *pxTask, signed portCHAR *pcTaskName )
  41:main.c        **** {
 182              		.loc 1 41 0
 183              		.cfi_startproc
ARM GAS  /var/folders/yt/6z6x8bjn5sjf5fbb45bk5m4c0000gn/T//ccJcOfAn.s 			page 5


 184              		@ Volatile: function does not return.
 185              		@ args = 0, pretend = 0, frame = 0
 186              		@ frame_needed = 0, uses_anonymous_args = 0
 187              	.LVL8:
  42:main.c        ****   //indicate stack overflow
  43:main.c        ****   LEDOn(1);
 188              		.loc 1 43 0
 189 0014 0120     		movs	r0, #1	@,
 190              	.LVL9:
  41:main.c        ****   //indicate stack overflow
 191              		.loc 1 41 0
 192 0016 08B5     		push	{r3, lr}	@
 193              	.LCFI3:
 194              		.cfi_def_cfa_offset 8
 195              		.cfi_offset 3, -8
 196              		.cfi_offset 14, -4
 197              		.loc 1 43 0
 198 0018 FFF7FEFF 		bl	LEDOn	@
 199              	.LVL10:
  44:main.c        ****   LEDOn(2);
 200              		.loc 1 44 0
 201 001c 0220     		movs	r0, #2	@,
 202 001e FFF7FEFF 		bl	LEDOn	@
 203              	.LVL11:
 204              	.L11:
  45:main.c        ****   for( ;; );
 205              		.loc 1 45 0 discriminator 1
 206 0022 FEE7     		b	.L11	@
 207              		.cfi_endproc
 208              	.LFE36:
 209              		.size	vApplicationStackOverflowHook, .-vApplicationStackOverflowHook
 210              		.align	1
 211              		.global	EXTI0_IRQHandler
 212              		.thumb
 213              		.thumb_func
 214              		.type	EXTI0_IRQHandler, %function
 215              	EXTI0_IRQHandler:
 216              	.LFB37:
  46:main.c        **** }
  47:main.c        **** 
  48:main.c        **** //Interrupts
  49:main.c        **** void EXTI0_IRQHandler(void)
  50:main.c        **** {
 217              		.loc 1 50 0
 218              		.cfi_startproc
 219              		@ args = 0, pretend = 0, frame = 0
 220              		@ frame_needed = 0, uses_anonymous_args = 0
 221 0024 08B5     		push	{r3, lr}	@
 222              	.LCFI4:
 223              		.cfi_def_cfa_offset 8
 224              		.cfi_offset 3, -8
 225              		.cfi_offset 14, -4
  51:main.c        ****  
  52:main.c        ****     //Check if EXTI_Line0 is asserted
  53:main.c        ****     if(EXTI_GetITStatus(EXTI_Line0) != RESET)
 226              		.loc 1 53 0
 227 0026 0120     		movs	r0, #1	@,
ARM GAS  /var/folders/yt/6z6x8bjn5sjf5fbb45bk5m4c0000gn/T//ccJcOfAn.s 			page 6


 228 0028 FFF7FEFF 		bl	EXTI_GetITStatus	@
 229              	.LVL12:
 230 002c 10B1     		cbz	r0, .L13	@,
  54:main.c        ****     {
  55:main.c        ****         LEDOn(1);
 231              		.loc 1 55 0
 232 002e 0120     		movs	r0, #1	@,
 233 0030 FFF7FEFF 		bl	LEDOn	@
 234              	.LVL13:
 235              	.L13:
  56:main.c        ****     }
  57:main.c        ****     //we need to clear line pending bit manually
  58:main.c        ****     EXTI_ClearITPendingBit(EXTI_Line0);
  59:main.c        **** }
 236              		.loc 1 59 0
 237 0034 BDE80840 		pop	{r3, lr}	@
 238              	.LCFI5:
 239              		.cfi_restore 14
 240              		.cfi_restore 3
 241              		.cfi_def_cfa_offset 0
  58:main.c        **** }
 242              		.loc 1 58 0
 243 0038 0120     		movs	r0, #1	@,
 244 003a FFF7FEBF 		b	EXTI_ClearITPendingBit	@
 245              	.LVL14:
 246              		.cfi_endproc
 247              	.LFE37:
 248              		.size	EXTI0_IRQHandler, .-EXTI0_IRQHandler
 249              		.align	1
 250              		.global	EXTI1_IRQHandler
 251              		.thumb
 252              		.thumb_func
 253              		.type	EXTI1_IRQHandler, %function
 254              	EXTI1_IRQHandler:
 255              	.LFB38:
  60:main.c        **** 
  61:main.c        **** void EXTI1_IRQHandler(void)
  62:main.c        **** {
 256              		.loc 1 62 0
 257              		.cfi_startproc
 258              		@ args = 0, pretend = 0, frame = 0
 259              		@ frame_needed = 0, uses_anonymous_args = 0
 260 003e 08B5     		push	{r3, lr}	@
 261              	.LCFI6:
 262              		.cfi_def_cfa_offset 8
 263              		.cfi_offset 3, -8
 264              		.cfi_offset 14, -4
  63:main.c        ****  
  64:main.c        ****     //Check if EXTI_Line0 is asserted
  65:main.c        ****     if(EXTI_GetITStatus(EXTI_Line1) != RESET)
 265              		.loc 1 65 0
 266 0040 0220     		movs	r0, #2	@,
 267 0042 FFF7FEFF 		bl	EXTI_GetITStatus	@
 268              	.LVL15:
 269 0046 10B1     		cbz	r0, .L18	@,
  66:main.c        ****     {
  67:main.c        ****         LEDOff(1);
ARM GAS  /var/folders/yt/6z6x8bjn5sjf5fbb45bk5m4c0000gn/T//ccJcOfAn.s 			page 7


 270              		.loc 1 67 0
 271 0048 0120     		movs	r0, #1	@,
 272 004a FFF7FEFF 		bl	LEDOff	@
 273              	.LVL16:
 274              	.L18:
  68:main.c        ****     }
  69:main.c        ****     //we need to clear line pending bit manually
  70:main.c        ****     EXTI_ClearITPendingBit(EXTI_Line1);
  71:main.c        **** }...
 275              		.loc 1 71 0
 276 004e BDE80840 		pop	{r3, lr}	@
 277              	.LCFI7:
 278              		.cfi_restore 14
 279              		.cfi_restore 3
 280              		.cfi_def_cfa_offset 0
  70:main.c        ****     EXTI_ClearITPendingBit(EXTI_Line1);
 281              		.loc 1 70 0
 282 0052 0220     		movs	r0, #2	@,
 283 0054 FFF7FEBF 		b	EXTI_ClearITPendingBit	@
 284              	.LVL17:
 285              		.cfi_endproc
 286              	.LFE38:
 287              		.size	EXTI1_IRQHandler, .-EXTI1_IRQHandler
 288              		.section	.rodata.str1.1,"aMS",%progbits,1
 289              	.LC0:
 290 0000 4C454400 		.ascii	"LED\000"
 291              	.LC1:
 292 0004 55534152 		.ascii	"USART\000"
 292      5400
 293              		.text
 294              	.Letext0:
 295              		.file 2 "/usr/local/Cellar/arm-none-eabi-gcc/20150921/arm-none-eabi/include/machine/_default_types
 296              		.file 3 "/usr/local/Cellar/arm-none-eabi-gcc/20150921/arm-none-eabi/include/sys/_stdint.h"
 297              		.file 4 "./Libraries/CMSIS/CM3/DeviceSupport/ST/STM32F10x/stm32f10x.h"
 298              		.file 5 "./FreeRTOS/Source/include/projdefs.h"
 299              		.file 6 "./FreeRTOS/Source/include/../../Source/portable/GCC/ARM_CM3/portmacro.h"
 300              		.file 7 "./FreeRTOS/Source/include/task.h"
 301              		.file 8 "./Libraries/Drivers/Leds/leds.h"
 302              		.file 9 "./Libraries/Drivers/Usart/usart.h"
 303              		.file 10 "./Libraries/Drivers/Buttons/buttons.h"
 304              		.file 11 "./Libraries/Drivers/BH1750/bh1750.h"
 305              		.file 12 "./Libraries/STM32F10x_StdPeriph_Driver/inc/stm32f10x_exti.h"
 306              		.file 13 "./Libraries/CMSIS/CM3/CoreSupport/core_cm3.h"
 307              		.section	.debug_info,"",%progbits
 308              	.Ldebug_info0:
 309 0000 FD030000 		.4byte	0x3fd
 310 0004 0200     		.2byte	0x2
 311 0006 00000000 		.4byte	.Ldebug_abbrev0
 312 000a 04       		.byte	0x4
 313 000b 01       		.uleb128 0x1
 314 000c 02010000 		.4byte	.LASF39
 315 0010 01       		.byte	0x1
 316 0011 00020000 		.4byte	.LASF40
 317 0015 AD010000 		.4byte	.LASF41
 318 0019 00000000 		.4byte	.Ldebug_ranges0+0
 319 001d 00000000 		.4byte	0
 320 0021 00000000 		.4byte	0
ARM GAS  /var/folders/yt/6z6x8bjn5sjf5fbb45bk5m4c0000gn/T//ccJcOfAn.s 			page 8


 321 0025 00000000 		.4byte	.Ldebug_line0
 322 0029 02       		.uleb128 0x2
 323 002a 01       		.byte	0x1
 324 002b 06       		.byte	0x6
 325 002c 80020000 		.4byte	.LASF0
 326 0030 03       		.uleb128 0x3
 327 0031 00000000 		.4byte	.LASF3
 328 0035 02       		.byte	0x2
 329 0036 1D       		.byte	0x1d
 330 0037 3B000000 		.4byte	0x3b
 331 003b 02       		.uleb128 0x2
 332 003c 01       		.byte	0x1
 333 003d 08       		.byte	0x8
 334 003e 94000000 		.4byte	.LASF1
 335 0042 02       		.uleb128 0x2
 336 0043 02       		.byte	0x2
 337 0044 05       		.byte	0x5
 338 0045 3F020000 		.4byte	.LASF2
 339 0049 03       		.uleb128 0x3
 340 004a E0000000 		.4byte	.LASF4
 341 004e 02       		.byte	0x2
 342 004f 2B       		.byte	0x2b
 343 0050 54000000 		.4byte	0x54
 344 0054 02       		.uleb128 0x2
 345 0055 02       		.byte	0x2
 346 0056 07       		.byte	0x7
 347 0057 41000000 		.4byte	.LASF5
 348 005b 02       		.uleb128 0x2
 349 005c 04       		.byte	0x4
 350 005d 05       		.byte	0x5
 351 005e 66020000 		.4byte	.LASF6
 352 0062 03       		.uleb128 0x3
 353 0063 CE000000 		.4byte	.LASF7
 354 0067 02       		.byte	0x2
 355 0068 41       		.byte	0x41
 356 0069 6D000000 		.4byte	0x6d
 357 006d 02       		.uleb128 0x2
 358 006e 04       		.byte	0x4
 359 006f 07       		.byte	0x7
 360 0070 EB000000 		.4byte	.LASF8
 361 0074 02       		.uleb128 0x2
 362 0075 08       		.byte	0x8
 363 0076 05       		.byte	0x5
 364 0077 F2010000 		.4byte	.LASF9
 365 007b 02       		.uleb128 0x2
 366 007c 08       		.byte	0x8
 367 007d 07       		.byte	0x7
 368 007e 7D000000 		.4byte	.LASF10
 369 0082 04       		.uleb128 0x4
 370 0083 04       		.byte	0x4
 371 0084 05       		.byte	0x5
 372 0085 696E7400 		.ascii	"int\000"
 373 0089 02       		.uleb128 0x2
 374 008a 04       		.byte	0x4
 375 008b 07       		.byte	0x7
 376 008c 93010000 		.4byte	.LASF11
 377 0090 03       		.uleb128 0x3
ARM GAS  /var/folders/yt/6z6x8bjn5sjf5fbb45bk5m4c0000gn/T//ccJcOfAn.s 			page 9


 378 0091 A5010000 		.4byte	.LASF12
 379 0095 03       		.byte	0x3
 380 0096 14       		.byte	0x14
 381 0097 30000000 		.4byte	0x30
 382 009b 03       		.uleb128 0x3
 383 009c 07020000 		.4byte	.LASF13
 384 00a0 03       		.byte	0x3
 385 00a1 1A       		.byte	0x1a
 386 00a2 49000000 		.4byte	0x49
 387 00a6 03       		.uleb128 0x3
 388 00a7 5D020000 		.4byte	.LASF14
 389 00ab 03       		.byte	0x3
 390 00ac 20       		.byte	0x20
 391 00ad 62000000 		.4byte	0x62
 392 00b1 02       		.uleb128 0x2
 393 00b2 04       		.byte	0x4
 394 00b3 07       		.byte	0x7
 395 00b4 E9010000 		.4byte	.LASF15
 396 00b8 05       		.uleb128 0x5
 397 00b9 A6000000 		.4byte	0xa6
 398 00bd 06       		.uleb128 0x6
 399 00be 9B000000 		.4byte	0x9b
 400 00c2 07       		.uleb128 0x7
 401 00c3 01       		.byte	0x1
 402 00c4 04       		.byte	0x4
 403 00c5 0702     		.2byte	0x207
 404 00c7 D8000000 		.4byte	0xd8
 405 00cb 08       		.uleb128 0x8
 406 00cc B4000000 		.4byte	.LASF16
 407 00d0 00       		.sleb128 0
 408 00d1 09       		.uleb128 0x9
 409 00d2 53455400 		.ascii	"SET\000"
 410 00d6 01       		.sleb128 1
 411 00d7 00       		.byte	0
 412 00d8 0A       		.uleb128 0xa
 413 00d9 1B000000 		.4byte	.LASF17
 414 00dd 04       		.byte	0x4
 415 00de 0702     		.2byte	0x207
 416 00e0 C2000000 		.4byte	0xc2
 417 00e4 03       		.uleb128 0x3
 418 00e5 6E000000 		.4byte	.LASF18
 419 00e9 05       		.byte	0x5
 420 00ea 4D       		.byte	0x4d
 421 00eb EF000000 		.4byte	0xef
 422 00ef 0B       		.uleb128 0xb
 423 00f0 04       		.byte	0x4
 424 00f1 F5000000 		.4byte	0xf5
 425 00f5 0C       		.uleb128 0xc
 426 00f6 01       		.byte	0x1
 427 00f7 01010000 		.4byte	0x101
 428 00fb 0D       		.uleb128 0xd
 429 00fc 01010000 		.4byte	0x101
 430 0100 00       		.byte	0
 431 0101 0E       		.uleb128 0xe
 432 0102 04       		.byte	0x4
 433 0103 03       		.uleb128 0x3
 434 0104 AA020000 		.4byte	.LASF19
ARM GAS  /var/folders/yt/6z6x8bjn5sjf5fbb45bk5m4c0000gn/T//ccJcOfAn.s 			page 10


 435 0108 06       		.byte	0x6
 436 0109 62       		.byte	0x62
 437 010a 5B000000 		.4byte	0x5b
 438 010e 03       		.uleb128 0x3
 439 010f DD010000 		.4byte	.LASF20
 440 0113 06       		.byte	0x6
 441 0114 63       		.byte	0x63
 442 0115 6D000000 		.4byte	0x6d
 443 0119 03       		.uleb128 0x3
 444 011a 34000000 		.4byte	.LASF21
 445 011e 07       		.byte	0x7
 446 011f 67       		.byte	0x67
 447 0120 01010000 		.4byte	0x101
 448 0124 06       		.uleb128 0x6
 449 0125 29010000 		.4byte	0x129
 450 0129 0B       		.uleb128 0xb
 451 012a 04       		.byte	0x4
 452 012b 2F010000 		.4byte	0x12f
 453 012f 06       		.uleb128 0x6
 454 0130 34010000 		.4byte	0x134
 455 0134 02       		.uleb128 0x2
 456 0135 01       		.byte	0x1
 457 0136 08       		.byte	0x8
 458 0137 A0010000 		.4byte	.LASF22
 459 013b 0F       		.uleb128 0xf
 460 013c 01       		.byte	0x1
 461 013d BA000000 		.4byte	.LASF23
 462 0141 01       		.byte	0x1
 463 0142 0F       		.byte	0xf
 464 0143 01       		.byte	0x1
 465 0144 00000000 		.4byte	.LFB34
 466 0148 14000000 		.4byte	.LFE34
 467 014c 00000000 		.4byte	.LLST0
 468 0150 01       		.byte	0x1
 469 0151 63010000 		.4byte	0x163
 470 0155 10       		.uleb128 0x10
 471 0156 AD000000 		.4byte	.LASF25
 472 015a 01       		.byte	0x1
 473 015b 0F       		.byte	0xf
 474 015c B8000000 		.4byte	0xb8
 475 0160 01       		.byte	0x1
 476 0161 50       		.byte	0x50
 477 0162 00       		.byte	0
 478 0163 11       		.uleb128 0x11
 479 0164 01       		.byte	0x1
 480 0165 FD000000 		.4byte	.LASF42
 481 0169 01       		.byte	0x1
 482 016a 14       		.byte	0x14
 483 016b 01       		.byte	0x1
 484 016c 82000000 		.4byte	0x82
 485 0170 00000000 		.4byte	.LFB35
 486 0174 4C000000 		.4byte	.LFE35
 487 0178 2C000000 		.4byte	.LLST1
 488 017c 01       		.byte	0x1
 489 017d 1B020000 		.4byte	0x21b
 490 0181 12       		.uleb128 0x12
 491 0182 08000000 		.4byte	.LVL1
ARM GAS  /var/folders/yt/6z6x8bjn5sjf5fbb45bk5m4c0000gn/T//ccJcOfAn.s 			page 11


 492 0186 37030000 		.4byte	0x337
 493 018a 12       		.uleb128 0x12
 494 018b 0C000000 		.4byte	.LVL2
 495 018f 41030000 		.4byte	0x341
 496 0193 12       		.uleb128 0x12
 497 0194 10000000 		.4byte	.LVL3
 498 0198 4B030000 		.4byte	0x34b
 499 019c 13       		.uleb128 0x13
 500 019d 16000000 		.4byte	.LVL4
 501 01a1 55030000 		.4byte	0x355
 502 01a5 AF010000 		.4byte	0x1af
 503 01a9 14       		.uleb128 0x14
 504 01aa 01       		.byte	0x1
 505 01ab 50       		.byte	0x50
 506 01ac 01       		.byte	0x1
 507 01ad 40       		.byte	0x40
 508 01ae 00       		.byte	0
 509 01af 13       		.uleb128 0x13
 510 01b0 26000000 		.4byte	.LVL5
 511 01b4 69030000 		.4byte	0x369
 512 01b8 E0010000 		.4byte	0x1e0
 513 01bc 14       		.uleb128 0x14
 514 01bd 01       		.byte	0x1
 515 01be 53       		.byte	0x53
 516 01bf 02       		.byte	0x2
 517 01c0 74       		.byte	0x74
 518 01c1 00       		.sleb128 0
 519 01c2 14       		.uleb128 0x14
 520 01c3 01       		.byte	0x1
 521 01c4 52       		.byte	0x52
 522 01c5 02       		.byte	0x2
 523 01c6 08       		.byte	0x8
 524 01c7 78       		.byte	0x78
 525 01c8 14       		.uleb128 0x14
 526 01c9 01       		.byte	0x1
 527 01ca 51       		.byte	0x51
 528 01cb 05       		.byte	0x5
 529 01cc 03       		.byte	0x3
 530 01cd 00000000 		.4byte	.LC0
 531 01d1 14       		.uleb128 0x14
 532 01d2 02       		.byte	0x2
 533 01d3 7D       		.byte	0x7d
 534 01d4 04       		.sleb128 4
 535 01d5 02       		.byte	0x2
 536 01d6 74       		.byte	0x74
 537 01d7 00       		.sleb128 0
 538 01d8 14       		.uleb128 0x14
 539 01d9 02       		.byte	0x2
 540 01da 7D       		.byte	0x7d
 541 01db 00       		.sleb128 0
 542 01dc 02       		.byte	0x2
 543 01dd 74       		.byte	0x74
 544 01de 00       		.sleb128 0
 545 01df 00       		.byte	0
 546 01e0 13       		.uleb128 0x13
 547 01e1 36000000 		.4byte	.LVL6
 548 01e5 69030000 		.4byte	0x369
ARM GAS  /var/folders/yt/6z6x8bjn5sjf5fbb45bk5m4c0000gn/T//ccJcOfAn.s 			page 12


 549 01e9 11020000 		.4byte	0x211
 550 01ed 14       		.uleb128 0x14
 551 01ee 01       		.byte	0x1
 552 01ef 53       		.byte	0x53
 553 01f0 02       		.byte	0x2
 554 01f1 74       		.byte	0x74
 555 01f2 00       		.sleb128 0
 556 01f3 14       		.uleb128 0x14
 557 01f4 01       		.byte	0x1
 558 01f5 52       		.byte	0x52
 559 01f6 02       		.byte	0x2
 560 01f7 08       		.byte	0x8
 561 01f8 DC       		.byte	0xdc
 562 01f9 14       		.uleb128 0x14
 563 01fa 01       		.byte	0x1
 564 01fb 51       		.byte	0x51
 565 01fc 05       		.byte	0x5
 566 01fd 03       		.byte	0x3
 567 01fe 04000000 		.4byte	.LC1
 568 0202 14       		.uleb128 0x14
 569 0203 02       		.byte	0x2
 570 0204 7D       		.byte	0x7d
 571 0205 04       		.sleb128 4
 572 0206 02       		.byte	0x2
 573 0207 74       		.byte	0x74
 574 0208 00       		.sleb128 0
 575 0209 14       		.uleb128 0x14
 576 020a 02       		.byte	0x2
 577 020b 7D       		.byte	0x7d
 578 020c 00       		.sleb128 0
 579 020d 02       		.byte	0x2
 580 020e 74       		.byte	0x74
 581 020f 00       		.sleb128 0
 582 0210 00       		.byte	0
 583 0211 12       		.uleb128 0x12
 584 0212 3A000000 		.4byte	.LVL7
 585 0216 A5030000 		.4byte	0x3a5
 586 021a 00       		.byte	0
 587 021b 0F       		.uleb128 0xf
 588 021c 01       		.byte	0x1
 589 021d 8C020000 		.4byte	.LASF24
 590 0221 01       		.byte	0x1
 591 0222 28       		.byte	0x28
 592 0223 01       		.byte	0x1
 593 0224 14000000 		.4byte	.LFB36
 594 0228 24000000 		.4byte	.LFE36
 595 022c 4C000000 		.4byte	.LLST2
 596 0230 01       		.byte	0x1
 597 0231 76020000 		.4byte	0x276
 598 0235 15       		.uleb128 0x15
 599 0236 10020000 		.4byte	.LASF26
 600 023a 01       		.byte	0x1
 601 023b 28       		.byte	0x28
 602 023c 76020000 		.4byte	0x276
 603 0240 6C000000 		.4byte	.LLST3
 604 0244 15       		.uleb128 0x15
 605 0245 49020000 		.4byte	.LASF27
ARM GAS  /var/folders/yt/6z6x8bjn5sjf5fbb45bk5m4c0000gn/T//ccJcOfAn.s 			page 13


 606 0249 01       		.byte	0x1
 607 024a 28       		.byte	0x28
 608 024b 7C020000 		.4byte	0x27c
 609 024f 8D000000 		.4byte	.LLST4
 610 0253 13       		.uleb128 0x13
 611 0254 1C000000 		.4byte	.LVL10
 612 0258 B0030000 		.4byte	0x3b0
 613 025c 66020000 		.4byte	0x266
 614 0260 14       		.uleb128 0x14
 615 0261 01       		.byte	0x1
 616 0262 50       		.byte	0x50
 617 0263 01       		.byte	0x1
 618 0264 31       		.byte	0x31
 619 0265 00       		.byte	0
 620 0266 16       		.uleb128 0x16
 621 0267 22000000 		.4byte	.LVL11
 622 026b B0030000 		.4byte	0x3b0
 623 026f 14       		.uleb128 0x14
 624 0270 01       		.byte	0x1
 625 0271 50       		.byte	0x50
 626 0272 01       		.byte	0x1
 627 0273 32       		.byte	0x32
 628 0274 00       		.byte	0
 629 0275 00       		.byte	0
 630 0276 0B       		.uleb128 0xb
 631 0277 04       		.byte	0x4
 632 0278 19010000 		.4byte	0x119
 633 027c 0B       		.uleb128 0xb
 634 027d 04       		.byte	0x4
 635 027e 29000000 		.4byte	0x29
 636 0282 0F       		.uleb128 0xf
 637 0283 01       		.byte	0x1
 638 0284 0A000000 		.4byte	.LASF28
 639 0288 01       		.byte	0x1
 640 0289 31       		.byte	0x31
 641 028a 01       		.byte	0x1
 642 028b 24000000 		.4byte	.LFB37
 643 028f 3E000000 		.4byte	.LFE37
 644 0293 AE000000 		.4byte	.LLST5
 645 0297 01       		.byte	0x1
 646 0298 D3020000 		.4byte	0x2d3
 647 029c 13       		.uleb128 0x13
 648 029d 2C000000 		.4byte	.LVL12
 649 02a1 C4030000 		.4byte	0x3c4
 650 02a5 AF020000 		.4byte	0x2af
 651 02a9 14       		.uleb128 0x14
 652 02aa 01       		.byte	0x1
 653 02ab 50       		.byte	0x50
 654 02ac 01       		.byte	0x1
 655 02ad 31       		.byte	0x31
 656 02ae 00       		.byte	0
 657 02af 13       		.uleb128 0x13
 658 02b0 34000000 		.4byte	.LVL13
 659 02b4 B0030000 		.4byte	0x3b0
 660 02b8 C2020000 		.4byte	0x2c2
 661 02bc 14       		.uleb128 0x14
 662 02bd 01       		.byte	0x1
ARM GAS  /var/folders/yt/6z6x8bjn5sjf5fbb45bk5m4c0000gn/T//ccJcOfAn.s 			page 14


 663 02be 50       		.byte	0x50
 664 02bf 01       		.byte	0x1
 665 02c0 31       		.byte	0x31
 666 02c1 00       		.byte	0
 667 02c2 17       		.uleb128 0x17
 668 02c3 3E000000 		.4byte	.LVL14
 669 02c7 01       		.byte	0x1
 670 02c8 DC030000 		.4byte	0x3dc
 671 02cc 14       		.uleb128 0x14
 672 02cd 01       		.byte	0x1
 673 02ce 50       		.byte	0x50
 674 02cf 01       		.byte	0x1
 675 02d0 31       		.byte	0x31
 676 02d1 00       		.byte	0
 677 02d2 00       		.byte	0
 678 02d3 0F       		.uleb128 0xf
 679 02d4 01       		.byte	0x1
 680 02d5 6F020000 		.4byte	.LASF29
 681 02d9 01       		.byte	0x1
 682 02da 3D       		.byte	0x3d
 683 02db 01       		.byte	0x1
 684 02dc 3E000000 		.4byte	.LFB38
 685 02e0 58000000 		.4byte	.LFE38
 686 02e4 DA000000 		.4byte	.LLST6
 687 02e8 01       		.byte	0x1
 688 02e9 24030000 		.4byte	0x324
 689 02ed 13       		.uleb128 0x13
 690 02ee 46000000 		.4byte	.LVL15
 691 02f2 C4030000 		.4byte	0x3c4
 692 02f6 00030000 		.4byte	0x300
 693 02fa 14       		.uleb128 0x14
 694 02fb 01       		.byte	0x1
 695 02fc 50       		.byte	0x50
 696 02fd 01       		.byte	0x1
 697 02fe 32       		.byte	0x32
 698 02ff 00       		.byte	0
 699 0300 13       		.uleb128 0x13
 700 0301 4E000000 		.4byte	.LVL16
 701 0305 F0030000 		.4byte	0x3f0
 702 0309 13030000 		.4byte	0x313
 703 030d 14       		.uleb128 0x14
 704 030e 01       		.byte	0x1
 705 030f 50       		.byte	0x50
 706 0310 01       		.byte	0x1
 707 0311 31       		.byte	0x31
 708 0312 00       		.byte	0
 709 0313 17       		.uleb128 0x17
 710 0314 58000000 		.4byte	.LVL17
 711 0318 01       		.byte	0x1
 712 0319 DC030000 		.4byte	0x3dc
 713 031d 14       		.uleb128 0x14
 714 031e 01       		.byte	0x1
 715 031f 50       		.byte	0x50
 716 0320 01       		.byte	0x1
 717 0321 32       		.byte	0x32
 718 0322 00       		.byte	0
 719 0323 00       		.byte	0
ARM GAS  /var/folders/yt/6z6x8bjn5sjf5fbb45bk5m4c0000gn/T//ccJcOfAn.s 			page 15


 720 0324 18       		.uleb128 0x18
 721 0325 86010000 		.4byte	.LASF43
 722 0329 0D       		.byte	0xd
 723 032a CF06     		.2byte	0x6cf
 724 032c 32030000 		.4byte	0x332
 725 0330 01       		.byte	0x1
 726 0331 01       		.byte	0x1
 727 0332 05       		.uleb128 0x5
 728 0333 82000000 		.4byte	0x82
 729 0337 19       		.uleb128 0x19
 730 0338 01       		.byte	0x1
 731 0339 54020000 		.4byte	.LASF30
 732 033d 08       		.byte	0x8
 733 033e 13       		.byte	0x13
 734 033f 01       		.byte	0x1
 735 0340 01       		.byte	0x1
 736 0341 19       		.uleb128 0x19
 737 0342 01       		.byte	0x1
 738 0343 C3000000 		.4byte	.LASF31
 739 0347 09       		.byte	0x9
 740 0348 08       		.byte	0x8
 741 0349 01       		.byte	0x1
 742 034a 01       		.byte	0x1
 743 034b 19       		.uleb128 0x19
 744 034c 01       		.byte	0x1
 745 034d 24000000 		.4byte	.LASF32
 746 0351 0A       		.byte	0xa
 747 0352 10       		.byte	0x10
 748 0353 01       		.byte	0x1
 749 0354 01       		.byte	0x1
 750 0355 1A       		.uleb128 0x1a
 751 0356 01       		.byte	0x1
 752 0357 A2000000 		.4byte	.LASF34
 753 035b 0B       		.byte	0xb
 754 035c 37       		.byte	0x37
 755 035d 01       		.byte	0x1
 756 035e 01       		.byte	0x1
 757 035f 69030000 		.4byte	0x369
 758 0363 0D       		.uleb128 0xd
 759 0364 90000000 		.4byte	0x90
 760 0368 00       		.byte	0
 761 0369 1B       		.uleb128 0x1b
 762 036a 01       		.byte	0x1
 763 036b B5020000 		.4byte	.LASF36
 764 036f 07       		.byte	0x7
 765 0370 6801     		.2byte	0x168
 766 0372 01       		.byte	0x1
 767 0373 03010000 		.4byte	0x103
 768 0377 01       		.byte	0x1
 769 0378 9B030000 		.4byte	0x39b
 770 037c 0D       		.uleb128 0xd
 771 037d E4000000 		.4byte	0xe4
 772 0381 0D       		.uleb128 0xd
 773 0382 24010000 		.4byte	0x124
 774 0386 0D       		.uleb128 0xd
 775 0387 BD000000 		.4byte	0xbd
 776 038b 0D       		.uleb128 0xd
ARM GAS  /var/folders/yt/6z6x8bjn5sjf5fbb45bk5m4c0000gn/T//ccJcOfAn.s 			page 16


 777 038c 9B030000 		.4byte	0x39b
 778 0390 0D       		.uleb128 0xd
 779 0391 0E010000 		.4byte	0x10e
 780 0395 0D       		.uleb128 0xd
 781 0396 A0030000 		.4byte	0x3a0
 782 039a 00       		.byte	0
 783 039b 06       		.uleb128 0x6
 784 039c 01010000 		.4byte	0x101
 785 03a0 06       		.uleb128 0x6
 786 03a1 76020000 		.4byte	0x276
 787 03a5 1C       		.uleb128 0x1c
 788 03a6 01       		.byte	0x1
 789 03a7 54000000 		.4byte	.LASF33
 790 03ab 07       		.byte	0x7
 791 03ac 5804     		.2byte	0x458
 792 03ae 01       		.byte	0x1
 793 03af 01       		.byte	0x1
 794 03b0 1A       		.uleb128 0x1a
 795 03b1 01       		.byte	0x1
 796 03b2 68000000 		.4byte	.LASF35
 797 03b6 08       		.byte	0x8
 798 03b7 14       		.byte	0x14
 799 03b8 01       		.byte	0x1
 800 03b9 01       		.byte	0x1
 801 03ba C4030000 		.4byte	0x3c4
 802 03be 0D       		.uleb128 0xd
 803 03bf A6000000 		.4byte	0xa6
 804 03c3 00       		.byte	0
 805 03c4 1D       		.uleb128 0x1d
 806 03c5 01       		.byte	0x1
 807 03c6 17020000 		.4byte	.LASF37
 808 03ca 0C       		.byte	0xc
 809 03cb A4       		.byte	0xa4
 810 03cc 01       		.byte	0x1
 811 03cd D8000000 		.4byte	0xd8
 812 03d1 01       		.byte	0x1
 813 03d2 DC030000 		.4byte	0x3dc
 814 03d6 0D       		.uleb128 0xd
 815 03d7 A6000000 		.4byte	0xa6
 816 03db 00       		.byte	0
 817 03dc 1A       		.uleb128 0x1a
 818 03dd 01       		.byte	0x1
 819 03de 28020000 		.4byte	.LASF38
 820 03e2 0C       		.byte	0xc
 821 03e3 A5       		.byte	0xa5
 822 03e4 01       		.byte	0x1
 823 03e5 01       		.byte	0x1
 824 03e6 F0030000 		.4byte	0x3f0
 825 03ea 0D       		.uleb128 0xd
 826 03eb A6000000 		.4byte	0xa6
 827 03ef 00       		.byte	0
 828 03f0 1E       		.uleb128 0x1e
 829 03f1 01       		.byte	0x1
 830 03f2 D9000000 		.4byte	.LASF44
 831 03f6 08       		.byte	0x8
 832 03f7 15       		.byte	0x15
 833 03f8 01       		.byte	0x1
ARM GAS  /var/folders/yt/6z6x8bjn5sjf5fbb45bk5m4c0000gn/T//ccJcOfAn.s 			page 17


 834 03f9 01       		.byte	0x1
 835 03fa 0D       		.uleb128 0xd
 836 03fb A6000000 		.4byte	0xa6
 837 03ff 00       		.byte	0
 838 0400 00       		.byte	0
 839              		.section	.debug_abbrev,"",%progbits
 840              	.Ldebug_abbrev0:
 841 0000 01       		.uleb128 0x1
 842 0001 11       		.uleb128 0x11
 843 0002 01       		.byte	0x1
 844 0003 25       		.uleb128 0x25
 845 0004 0E       		.uleb128 0xe
 846 0005 13       		.uleb128 0x13
 847 0006 0B       		.uleb128 0xb
 848 0007 03       		.uleb128 0x3
 849 0008 0E       		.uleb128 0xe
 850 0009 1B       		.uleb128 0x1b
 851 000a 0E       		.uleb128 0xe
 852 000b 55       		.uleb128 0x55
 853 000c 06       		.uleb128 0x6
 854 000d 11       		.uleb128 0x11
 855 000e 01       		.uleb128 0x1
 856 000f 52       		.uleb128 0x52
 857 0010 01       		.uleb128 0x1
 858 0011 10       		.uleb128 0x10
 859 0012 06       		.uleb128 0x6
 860 0013 00       		.byte	0
 861 0014 00       		.byte	0
 862 0015 02       		.uleb128 0x2
 863 0016 24       		.uleb128 0x24
 864 0017 00       		.byte	0
 865 0018 0B       		.uleb128 0xb
 866 0019 0B       		.uleb128 0xb
 867 001a 3E       		.uleb128 0x3e
 868 001b 0B       		.uleb128 0xb
 869 001c 03       		.uleb128 0x3
 870 001d 0E       		.uleb128 0xe
 871 001e 00       		.byte	0
 872 001f 00       		.byte	0
 873 0020 03       		.uleb128 0x3
 874 0021 16       		.uleb128 0x16
 875 0022 00       		.byte	0
 876 0023 03       		.uleb128 0x3
 877 0024 0E       		.uleb128 0xe
 878 0025 3A       		.uleb128 0x3a
 879 0026 0B       		.uleb128 0xb
 880 0027 3B       		.uleb128 0x3b
 881 0028 0B       		.uleb128 0xb
 882 0029 49       		.uleb128 0x49
 883 002a 13       		.uleb128 0x13
 884 002b 00       		.byte	0
 885 002c 00       		.byte	0
 886 002d 04       		.uleb128 0x4
 887 002e 24       		.uleb128 0x24
 888 002f 00       		.byte	0
 889 0030 0B       		.uleb128 0xb
 890 0031 0B       		.uleb128 0xb
ARM GAS  /var/folders/yt/6z6x8bjn5sjf5fbb45bk5m4c0000gn/T//ccJcOfAn.s 			page 18


 891 0032 3E       		.uleb128 0x3e
 892 0033 0B       		.uleb128 0xb
 893 0034 03       		.uleb128 0x3
 894 0035 08       		.uleb128 0x8
 895 0036 00       		.byte	0
 896 0037 00       		.byte	0
 897 0038 05       		.uleb128 0x5
 898 0039 35       		.uleb128 0x35
 899 003a 00       		.byte	0
 900 003b 49       		.uleb128 0x49
 901 003c 13       		.uleb128 0x13
 902 003d 00       		.byte	0
 903 003e 00       		.byte	0
 904 003f 06       		.uleb128 0x6
 905 0040 26       		.uleb128 0x26
 906 0041 00       		.byte	0
 907 0042 49       		.uleb128 0x49
 908 0043 13       		.uleb128 0x13
 909 0044 00       		.byte	0
 910 0045 00       		.byte	0
 911 0046 07       		.uleb128 0x7
 912 0047 04       		.uleb128 0x4
 913 0048 01       		.byte	0x1
 914 0049 0B       		.uleb128 0xb
 915 004a 0B       		.uleb128 0xb
 916 004b 3A       		.uleb128 0x3a
 917 004c 0B       		.uleb128 0xb
 918 004d 3B       		.uleb128 0x3b
 919 004e 05       		.uleb128 0x5
 920 004f 01       		.uleb128 0x1
 921 0050 13       		.uleb128 0x13
 922 0051 00       		.byte	0
 923 0052 00       		.byte	0
 924 0053 08       		.uleb128 0x8
 925 0054 28       		.uleb128 0x28
 926 0055 00       		.byte	0
 927 0056 03       		.uleb128 0x3
 928 0057 0E       		.uleb128 0xe
 929 0058 1C       		.uleb128 0x1c
 930 0059 0D       		.uleb128 0xd
 931 005a 00       		.byte	0
 932 005b 00       		.byte	0
 933 005c 09       		.uleb128 0x9
 934 005d 28       		.uleb128 0x28
 935 005e 00       		.byte	0
 936 005f 03       		.uleb128 0x3
 937 0060 08       		.uleb128 0x8
 938 0061 1C       		.uleb128 0x1c
 939 0062 0D       		.uleb128 0xd
 940 0063 00       		.byte	0
 941 0064 00       		.byte	0
 942 0065 0A       		.uleb128 0xa
 943 0066 16       		.uleb128 0x16
 944 0067 00       		.byte	0
 945 0068 03       		.uleb128 0x3
 946 0069 0E       		.uleb128 0xe
 947 006a 3A       		.uleb128 0x3a
ARM GAS  /var/folders/yt/6z6x8bjn5sjf5fbb45bk5m4c0000gn/T//ccJcOfAn.s 			page 19


 948 006b 0B       		.uleb128 0xb
 949 006c 3B       		.uleb128 0x3b
 950 006d 05       		.uleb128 0x5
 951 006e 49       		.uleb128 0x49
 952 006f 13       		.uleb128 0x13
 953 0070 00       		.byte	0
 954 0071 00       		.byte	0
 955 0072 0B       		.uleb128 0xb
 956 0073 0F       		.uleb128 0xf
 957 0074 00       		.byte	0
 958 0075 0B       		.uleb128 0xb
 959 0076 0B       		.uleb128 0xb
 960 0077 49       		.uleb128 0x49
 961 0078 13       		.uleb128 0x13
 962 0079 00       		.byte	0
 963 007a 00       		.byte	0
 964 007b 0C       		.uleb128 0xc
 965 007c 15       		.uleb128 0x15
 966 007d 01       		.byte	0x1
 967 007e 27       		.uleb128 0x27
 968 007f 0C       		.uleb128 0xc
 969 0080 01       		.uleb128 0x1
 970 0081 13       		.uleb128 0x13
 971 0082 00       		.byte	0
 972 0083 00       		.byte	0
 973 0084 0D       		.uleb128 0xd
 974 0085 05       		.uleb128 0x5
 975 0086 00       		.byte	0
 976 0087 49       		.uleb128 0x49
 977 0088 13       		.uleb128 0x13
 978 0089 00       		.byte	0
 979 008a 00       		.byte	0
 980 008b 0E       		.uleb128 0xe
 981 008c 0F       		.uleb128 0xf
 982 008d 00       		.byte	0
 983 008e 0B       		.uleb128 0xb
 984 008f 0B       		.uleb128 0xb
 985 0090 00       		.byte	0
 986 0091 00       		.byte	0
 987 0092 0F       		.uleb128 0xf
 988 0093 2E       		.uleb128 0x2e
 989 0094 01       		.byte	0x1
 990 0095 3F       		.uleb128 0x3f
 991 0096 0C       		.uleb128 0xc
 992 0097 03       		.uleb128 0x3
 993 0098 0E       		.uleb128 0xe
 994 0099 3A       		.uleb128 0x3a
 995 009a 0B       		.uleb128 0xb
 996 009b 3B       		.uleb128 0x3b
 997 009c 0B       		.uleb128 0xb
 998 009d 27       		.uleb128 0x27
 999 009e 0C       		.uleb128 0xc
 1000 009f 11       		.uleb128 0x11
 1001 00a0 01       		.uleb128 0x1
 1002 00a1 12       		.uleb128 0x12
 1003 00a2 01       		.uleb128 0x1
 1004 00a3 40       		.uleb128 0x40
ARM GAS  /var/folders/yt/6z6x8bjn5sjf5fbb45bk5m4c0000gn/T//ccJcOfAn.s 			page 20


 1005 00a4 06       		.uleb128 0x6
 1006 00a5 9742     		.uleb128 0x2117
 1007 00a7 0C       		.uleb128 0xc
 1008 00a8 01       		.uleb128 0x1
 1009 00a9 13       		.uleb128 0x13
 1010 00aa 00       		.byte	0
 1011 00ab 00       		.byte	0
 1012 00ac 10       		.uleb128 0x10
 1013 00ad 05       		.uleb128 0x5
 1014 00ae 00       		.byte	0
 1015 00af 03       		.uleb128 0x3
 1016 00b0 0E       		.uleb128 0xe
 1017 00b1 3A       		.uleb128 0x3a
 1018 00b2 0B       		.uleb128 0xb
 1019 00b3 3B       		.uleb128 0x3b
 1020 00b4 0B       		.uleb128 0xb
 1021 00b5 49       		.uleb128 0x49
 1022 00b6 13       		.uleb128 0x13
 1023 00b7 02       		.uleb128 0x2
 1024 00b8 0A       		.uleb128 0xa
 1025 00b9 00       		.byte	0
 1026 00ba 00       		.byte	0
 1027 00bb 11       		.uleb128 0x11
 1028 00bc 2E       		.uleb128 0x2e
 1029 00bd 01       		.byte	0x1
 1030 00be 3F       		.uleb128 0x3f
 1031 00bf 0C       		.uleb128 0xc
 1032 00c0 03       		.uleb128 0x3
 1033 00c1 0E       		.uleb128 0xe
 1034 00c2 3A       		.uleb128 0x3a
 1035 00c3 0B       		.uleb128 0xb
 1036 00c4 3B       		.uleb128 0x3b
 1037 00c5 0B       		.uleb128 0xb
 1038 00c6 27       		.uleb128 0x27
 1039 00c7 0C       		.uleb128 0xc
 1040 00c8 49       		.uleb128 0x49
 1041 00c9 13       		.uleb128 0x13
 1042 00ca 11       		.uleb128 0x11
 1043 00cb 01       		.uleb128 0x1
 1044 00cc 12       		.uleb128 0x12
 1045 00cd 01       		.uleb128 0x1
 1046 00ce 40       		.uleb128 0x40
 1047 00cf 06       		.uleb128 0x6
 1048 00d0 9742     		.uleb128 0x2117
 1049 00d2 0C       		.uleb128 0xc
 1050 00d3 01       		.uleb128 0x1
 1051 00d4 13       		.uleb128 0x13
 1052 00d5 00       		.byte	0
 1053 00d6 00       		.byte	0
 1054 00d7 12       		.uleb128 0x12
 1055 00d8 898201   		.uleb128 0x4109
 1056 00db 00       		.byte	0
 1057 00dc 11       		.uleb128 0x11
 1058 00dd 01       		.uleb128 0x1
 1059 00de 31       		.uleb128 0x31
 1060 00df 13       		.uleb128 0x13
 1061 00e0 00       		.byte	0
ARM GAS  /var/folders/yt/6z6x8bjn5sjf5fbb45bk5m4c0000gn/T//ccJcOfAn.s 			page 21


 1062 00e1 00       		.byte	0
 1063 00e2 13       		.uleb128 0x13
 1064 00e3 898201   		.uleb128 0x4109
 1065 00e6 01       		.byte	0x1
 1066 00e7 11       		.uleb128 0x11
 1067 00e8 01       		.uleb128 0x1
 1068 00e9 31       		.uleb128 0x31
 1069 00ea 13       		.uleb128 0x13
 1070 00eb 01       		.uleb128 0x1
 1071 00ec 13       		.uleb128 0x13
 1072 00ed 00       		.byte	0
 1073 00ee 00       		.byte	0
 1074 00ef 14       		.uleb128 0x14
 1075 00f0 8A8201   		.uleb128 0x410a
 1076 00f3 00       		.byte	0
 1077 00f4 02       		.uleb128 0x2
 1078 00f5 0A       		.uleb128 0xa
 1079 00f6 9142     		.uleb128 0x2111
 1080 00f8 0A       		.uleb128 0xa
 1081 00f9 00       		.byte	0
 1082 00fa 00       		.byte	0
 1083 00fb 15       		.uleb128 0x15
 1084 00fc 05       		.uleb128 0x5
 1085 00fd 00       		.byte	0
 1086 00fe 03       		.uleb128 0x3
 1087 00ff 0E       		.uleb128 0xe
 1088 0100 3A       		.uleb128 0x3a
 1089 0101 0B       		.uleb128 0xb
 1090 0102 3B       		.uleb128 0x3b
 1091 0103 0B       		.uleb128 0xb
 1092 0104 49       		.uleb128 0x49
 1093 0105 13       		.uleb128 0x13
 1094 0106 02       		.uleb128 0x2
 1095 0107 06       		.uleb128 0x6
 1096 0108 00       		.byte	0
 1097 0109 00       		.byte	0
 1098 010a 16       		.uleb128 0x16
 1099 010b 898201   		.uleb128 0x4109
 1100 010e 01       		.byte	0x1
 1101 010f 11       		.uleb128 0x11
 1102 0110 01       		.uleb128 0x1
 1103 0111 31       		.uleb128 0x31
 1104 0112 13       		.uleb128 0x13
 1105 0113 00       		.byte	0
 1106 0114 00       		.byte	0
 1107 0115 17       		.uleb128 0x17
 1108 0116 898201   		.uleb128 0x4109
 1109 0119 01       		.byte	0x1
 1110 011a 11       		.uleb128 0x11
 1111 011b 01       		.uleb128 0x1
 1112 011c 9542     		.uleb128 0x2115
 1113 011e 0C       		.uleb128 0xc
 1114 011f 31       		.uleb128 0x31
 1115 0120 13       		.uleb128 0x13
 1116 0121 00       		.byte	0
 1117 0122 00       		.byte	0
 1118 0123 18       		.uleb128 0x18
ARM GAS  /var/folders/yt/6z6x8bjn5sjf5fbb45bk5m4c0000gn/T//ccJcOfAn.s 			page 22


 1119 0124 34       		.uleb128 0x34
 1120 0125 00       		.byte	0
 1121 0126 03       		.uleb128 0x3
 1122 0127 0E       		.uleb128 0xe
 1123 0128 3A       		.uleb128 0x3a
 1124 0129 0B       		.uleb128 0xb
 1125 012a 3B       		.uleb128 0x3b
 1126 012b 05       		.uleb128 0x5
 1127 012c 49       		.uleb128 0x49
 1128 012d 13       		.uleb128 0x13
 1129 012e 3F       		.uleb128 0x3f
 1130 012f 0C       		.uleb128 0xc
 1131 0130 3C       		.uleb128 0x3c
 1132 0131 0C       		.uleb128 0xc
 1133 0132 00       		.byte	0
 1134 0133 00       		.byte	0
 1135 0134 19       		.uleb128 0x19
 1136 0135 2E       		.uleb128 0x2e
 1137 0136 00       		.byte	0
 1138 0137 3F       		.uleb128 0x3f
 1139 0138 0C       		.uleb128 0xc
 1140 0139 03       		.uleb128 0x3
 1141 013a 0E       		.uleb128 0xe
 1142 013b 3A       		.uleb128 0x3a
 1143 013c 0B       		.uleb128 0xb
 1144 013d 3B       		.uleb128 0x3b
 1145 013e 0B       		.uleb128 0xb
 1146 013f 27       		.uleb128 0x27
 1147 0140 0C       		.uleb128 0xc
 1148 0141 3C       		.uleb128 0x3c
 1149 0142 0C       		.uleb128 0xc
 1150 0143 00       		.byte	0
 1151 0144 00       		.byte	0
 1152 0145 1A       		.uleb128 0x1a
 1153 0146 2E       		.uleb128 0x2e
 1154 0147 01       		.byte	0x1
 1155 0148 3F       		.uleb128 0x3f
 1156 0149 0C       		.uleb128 0xc
 1157 014a 03       		.uleb128 0x3
 1158 014b 0E       		.uleb128 0xe
 1159 014c 3A       		.uleb128 0x3a
 1160 014d 0B       		.uleb128 0xb
 1161 014e 3B       		.uleb128 0x3b
 1162 014f 0B       		.uleb128 0xb
 1163 0150 27       		.uleb128 0x27
 1164 0151 0C       		.uleb128 0xc
 1165 0152 3C       		.uleb128 0x3c
 1166 0153 0C       		.uleb128 0xc
 1167 0154 01       		.uleb128 0x1
 1168 0155 13       		.uleb128 0x13
 1169 0156 00       		.byte	0
 1170 0157 00       		.byte	0
 1171 0158 1B       		.uleb128 0x1b
 1172 0159 2E       		.uleb128 0x2e
 1173 015a 01       		.byte	0x1
 1174 015b 3F       		.uleb128 0x3f
 1175 015c 0C       		.uleb128 0xc
ARM GAS  /var/folders/yt/6z6x8bjn5sjf5fbb45bk5m4c0000gn/T//ccJcOfAn.s 			page 23


 1176 015d 03       		.uleb128 0x3
 1177 015e 0E       		.uleb128 0xe
 1178 015f 3A       		.uleb128 0x3a
 1179 0160 0B       		.uleb128 0xb
 1180 0161 3B       		.uleb128 0x3b
 1181 0162 05       		.uleb128 0x5
 1182 0163 27       		.uleb128 0x27
 1183 0164 0C       		.uleb128 0xc
 1184 0165 49       		.uleb128 0x49
 1185 0166 13       		.uleb128 0x13
 1186 0167 3C       		.uleb128 0x3c
 1187 0168 0C       		.uleb128 0xc
 1188 0169 01       		.uleb128 0x1
 1189 016a 13       		.uleb128 0x13
 1190 016b 00       		.byte	0
 1191 016c 00       		.byte	0
 1192 016d 1C       		.uleb128 0x1c
 1193 016e 2E       		.uleb128 0x2e
 1194 016f 00       		.byte	0
 1195 0170 3F       		.uleb128 0x3f
 1196 0171 0C       		.uleb128 0xc
 1197 0172 03       		.uleb128 0x3
 1198 0173 0E       		.uleb128 0xe
 1199 0174 3A       		.uleb128 0x3a
 1200 0175 0B       		.uleb128 0xb
 1201 0176 3B       		.uleb128 0x3b
 1202 0177 05       		.uleb128 0x5
 1203 0178 27       		.uleb128 0x27
 1204 0179 0C       		.uleb128 0xc
 1205 017a 3C       		.uleb128 0x3c
 1206 017b 0C       		.uleb128 0xc
 1207 017c 00       		.byte	0
 1208 017d 00       		.byte	0
 1209 017e 1D       		.uleb128 0x1d
 1210 017f 2E       		.uleb128 0x2e
 1211 0180 01       		.byte	0x1
 1212 0181 3F       		.uleb128 0x3f
 1213 0182 0C       		.uleb128 0xc
 1214 0183 03       		.uleb128 0x3
 1215 0184 0E       		.uleb128 0xe
 1216 0185 3A       		.uleb128 0x3a
 1217 0186 0B       		.uleb128 0xb
 1218 0187 3B       		.uleb128 0x3b
 1219 0188 0B       		.uleb128 0xb
 1220 0189 27       		.uleb128 0x27
 1221 018a 0C       		.uleb128 0xc
 1222 018b 49       		.uleb128 0x49
 1223 018c 13       		.uleb128 0x13
 1224 018d 3C       		.uleb128 0x3c
 1225 018e 0C       		.uleb128 0xc
 1226 018f 01       		.uleb128 0x1
 1227 0190 13       		.uleb128 0x13
 1228 0191 00       		.byte	0
 1229 0192 00       		.byte	0
 1230 0193 1E       		.uleb128 0x1e
 1231 0194 2E       		.uleb128 0x2e
 1232 0195 01       		.byte	0x1
ARM GAS  /var/folders/yt/6z6x8bjn5sjf5fbb45bk5m4c0000gn/T//ccJcOfAn.s 			page 24


 1233 0196 3F       		.uleb128 0x3f
 1234 0197 0C       		.uleb128 0xc
 1235 0198 03       		.uleb128 0x3
 1236 0199 0E       		.uleb128 0xe
 1237 019a 3A       		.uleb128 0x3a
 1238 019b 0B       		.uleb128 0xb
 1239 019c 3B       		.uleb128 0x3b
 1240 019d 0B       		.uleb128 0xb
 1241 019e 27       		.uleb128 0x27
 1242 019f 0C       		.uleb128 0xc
 1243 01a0 3C       		.uleb128 0x3c
 1244 01a1 0C       		.uleb128 0xc
 1245 01a2 00       		.byte	0
 1246 01a3 00       		.byte	0
 1247 01a4 00       		.byte	0
 1248              		.section	.debug_loc,"",%progbits
 1249              	.Ldebug_loc0:
 1250              	.LLST0:
 1251 0000 00000000 		.4byte	.LFB34
 1252 0004 02000000 		.4byte	.LCFI0
 1253 0008 0200     		.2byte	0x2
 1254 000a 7D       		.byte	0x7d
 1255 000b 00       		.sleb128 0
 1256 000c 02000000 		.4byte	.LCFI0
 1257 0010 12000000 		.4byte	.LCFI1
 1258 0014 0200     		.2byte	0x2
 1259 0016 7D       		.byte	0x7d
 1260 0017 08       		.sleb128 8
 1261 0018 12000000 		.4byte	.LCFI1
 1262 001c 14000000 		.4byte	.LFE34
 1263 0020 0200     		.2byte	0x2
 1264 0022 7D       		.byte	0x7d
 1265 0023 00       		.sleb128 0
 1266 0024 00000000 		.4byte	0
 1267 0028 00000000 		.4byte	0
 1268              	.LLST1:
 1269 002c 00000000 		.4byte	.LFB35
 1270 0030 02000000 		.4byte	.LCFI2
 1271 0034 0200     		.2byte	0x2
 1272 0036 7D       		.byte	0x7d
 1273 0037 00       		.sleb128 0
 1274 0038 02000000 		.4byte	.LCFI2
 1275 003c 4C000000 		.4byte	.LFE35
 1276 0040 0200     		.2byte	0x2
 1277 0042 7D       		.byte	0x7d
 1278 0043 10       		.sleb128 16
 1279 0044 00000000 		.4byte	0
 1280 0048 00000000 		.4byte	0
 1281              	.LLST2:
 1282 004c 14000000 		.4byte	.LFB36
 1283 0050 18000000 		.4byte	.LCFI3
 1284 0054 0200     		.2byte	0x2
 1285 0056 7D       		.byte	0x7d
 1286 0057 00       		.sleb128 0
 1287 0058 18000000 		.4byte	.LCFI3
 1288 005c 24000000 		.4byte	.LFE36
 1289 0060 0200     		.2byte	0x2
ARM GAS  /var/folders/yt/6z6x8bjn5sjf5fbb45bk5m4c0000gn/T//ccJcOfAn.s 			page 25


 1290 0062 7D       		.byte	0x7d
 1291 0063 08       		.sleb128 8
 1292 0064 00000000 		.4byte	0
 1293 0068 00000000 		.4byte	0
 1294              	.LLST3:
 1295 006c 14000000 		.4byte	.LVL8
 1296 0070 16000000 		.4byte	.LVL9
 1297 0074 0100     		.2byte	0x1
 1298 0076 50       		.byte	0x50
 1299 0077 16000000 		.4byte	.LVL9
 1300 007b 24000000 		.4byte	.LFE36
 1301 007f 0400     		.2byte	0x4
 1302 0081 F3       		.byte	0xf3
 1303 0082 01       		.uleb128 0x1
 1304 0083 50       		.byte	0x50
 1305 0084 9F       		.byte	0x9f
 1306 0085 00000000 		.4byte	0
 1307 0089 00000000 		.4byte	0
 1308              	.LLST4:
 1309 008d 14000000 		.4byte	.LVL8
 1310 0091 1B000000 		.4byte	.LVL10-1
 1311 0095 0100     		.2byte	0x1
 1312 0097 51       		.byte	0x51
 1313 0098 1B000000 		.4byte	.LVL10-1
 1314 009c 24000000 		.4byte	.LFE36
 1315 00a0 0400     		.2byte	0x4
 1316 00a2 F3       		.byte	0xf3
 1317 00a3 01       		.uleb128 0x1
 1318 00a4 51       		.byte	0x51
 1319 00a5 9F       		.byte	0x9f
 1320 00a6 00000000 		.4byte	0
 1321 00aa 00000000 		.4byte	0
 1322              	.LLST5:
 1323 00ae 24000000 		.4byte	.LFB37
 1324 00b2 26000000 		.4byte	.LCFI4
 1325 00b6 0200     		.2byte	0x2
 1326 00b8 7D       		.byte	0x7d
 1327 00b9 00       		.sleb128 0
 1328 00ba 26000000 		.4byte	.LCFI4
 1329 00be 38000000 		.4byte	.LCFI5
 1330 00c2 0200     		.2byte	0x2
 1331 00c4 7D       		.byte	0x7d
 1332 00c5 08       		.sleb128 8
 1333 00c6 38000000 		.4byte	.LCFI5
 1334 00ca 3E000000 		.4byte	.LFE37
 1335 00ce 0200     		.2byte	0x2
 1336 00d0 7D       		.byte	0x7d
 1337 00d1 00       		.sleb128 0
 1338 00d2 00000000 		.4byte	0
 1339 00d6 00000000 		.4byte	0
 1340              	.LLST6:
 1341 00da 3E000000 		.4byte	.LFB38
 1342 00de 40000000 		.4byte	.LCFI6
 1343 00e2 0200     		.2byte	0x2
 1344 00e4 7D       		.byte	0x7d
 1345 00e5 00       		.sleb128 0
 1346 00e6 40000000 		.4byte	.LCFI6
ARM GAS  /var/folders/yt/6z6x8bjn5sjf5fbb45bk5m4c0000gn/T//ccJcOfAn.s 			page 26


 1347 00ea 52000000 		.4byte	.LCFI7
 1348 00ee 0200     		.2byte	0x2
 1349 00f0 7D       		.byte	0x7d
 1350 00f1 08       		.sleb128 8
 1351 00f2 52000000 		.4byte	.LCFI7
 1352 00f6 58000000 		.4byte	.LFE38
 1353 00fa 0200     		.2byte	0x2
 1354 00fc 7D       		.byte	0x7d
 1355 00fd 00       		.sleb128 0
 1356 00fe 00000000 		.4byte	0
 1357 0102 00000000 		.4byte	0
 1358              		.section	.debug_aranges,"",%progbits
 1359 0000 24000000 		.4byte	0x24
 1360 0004 0200     		.2byte	0x2
 1361 0006 00000000 		.4byte	.Ldebug_info0
 1362 000a 04       		.byte	0x4
 1363 000b 00       		.byte	0
 1364 000c 0000     		.2byte	0
 1365 000e 0000     		.2byte	0
 1366 0010 00000000 		.4byte	.Ltext0
 1367 0014 58000000 		.4byte	.Letext0-.Ltext0
 1368 0018 00000000 		.4byte	.LFB35
 1369 001c 4C000000 		.4byte	.LFE35-.LFB35
 1370 0020 00000000 		.4byte	0
 1371 0024 00000000 		.4byte	0
 1372              		.section	.debug_ranges,"",%progbits
 1373              	.Ldebug_ranges0:
 1374 0000 00000000 		.4byte	.Ltext0
 1375 0004 58000000 		.4byte	.Letext0
 1376 0008 00000000 		.4byte	.LFB35
 1377 000c 4C000000 		.4byte	.LFE35
 1378 0010 00000000 		.4byte	0
 1379 0014 00000000 		.4byte	0
 1380              		.section	.debug_line,"",%progbits
 1381              	.Ldebug_line0:
 1382 0000 E8020000 		.section	.debug_str,"MS",%progbits,1
 1382      02009402 
 1382      00000201 
 1382      FB0E0D00 
 1382      01010101 
 1383              	.LASF3:
 1384 0000 5F5F7569 		.ascii	"__uint8_t\000"
 1384      6E74385F 
 1384      7400
 1385              	.LASF28:
 1386 000a 45585449 		.ascii	"EXTI0_IRQHandler\000"
 1386      305F4952 
 1386      5148616E 
 1386      646C6572 
 1386      00
 1387              	.LASF17:
 1388 001b 49545374 		.ascii	"ITStatus\000"
 1388      61747573 
 1388      00
 1389              	.LASF32:
 1390 0024 42757474 		.ascii	"ButtonsInitEXTI\000"
 1390      6F6E7349 
ARM GAS  /var/folders/yt/6z6x8bjn5sjf5fbb45bk5m4c0000gn/T//ccJcOfAn.s 			page 27


 1390      6E697445 
 1390      58544900 
 1391              	.LASF21:
 1392 0034 5461736B 		.ascii	"TaskHandle_t\000"
 1392      48616E64 
 1392      6C655F74 
 1392      00
 1393              	.LASF5:
 1394 0041 73686F72 		.ascii	"short unsigned int\000"
 1394      7420756E 
 1394      7369676E 
 1394      65642069 
 1394      6E7400
 1395              	.LASF33:
 1396 0054 76546173 		.ascii	"vTaskStartScheduler\000"
 1396      6B537461 
 1396      72745363 
 1396      68656475 
 1396      6C657200 
 1397              	.LASF35:
 1398 0068 4C45444F 		.ascii	"LEDOn\000"
 1398      6E00
 1399              	.LASF18:
 1400 006e 5461736B 		.ascii	"TaskFunction_t\000"
 1400      46756E63 
 1400      74696F6E 
 1400      5F7400
 1401              	.LASF10:
 1402 007d 6C6F6E67 		.ascii	"long long unsigned int\000"
 1402      206C6F6E 
 1402      6720756E 
 1402      7369676E 
 1402      65642069 
 1403              	.LASF1:
 1404 0094 756E7369 		.ascii	"unsigned char\000"
 1404      676E6564 
 1404      20636861 
 1404      7200
 1405              	.LASF34:
 1406 00a2 42483137 		.ascii	"BH1750Init\000"
 1406      3530496E 
 1406      697400
 1407              	.LASF25:
 1408 00ad 6E436F75 		.ascii	"nCount\000"
 1408      6E7400
 1409              	.LASF16:
 1410 00b4 52455345 		.ascii	"RESET\000"
 1410      5400
 1411              	.LASF23:
 1412 00ba 44656C61 		.ascii	"DelayAAA\000"
 1412      79414141 
 1412      00
 1413              	.LASF31:
 1414 00c3 55736172 		.ascii	"Usart1Init\000"
 1414      7431496E 
 1414      697400
 1415              	.LASF7:
ARM GAS  /var/folders/yt/6z6x8bjn5sjf5fbb45bk5m4c0000gn/T//ccJcOfAn.s 			page 28


 1416 00ce 5F5F7569 		.ascii	"__uint32_t\000"
 1416      6E743332 
 1416      5F7400
 1417              	.LASF44:
 1418 00d9 4C45444F 		.ascii	"LEDOff\000"
 1418      666600
 1419              	.LASF4:
 1420 00e0 5F5F7569 		.ascii	"__uint16_t\000"
 1420      6E743136 
 1420      5F7400
 1421              	.LASF8:
 1422 00eb 6C6F6E67 		.ascii	"long unsigned int\000"
 1422      20756E73 
 1422      69676E65 
 1422      6420696E 
 1422      7400
 1423              	.LASF42:
 1424 00fd 6D61696E 		.ascii	"main\000"
 1424      00
 1425              	.LASF39:
 1426 0102 474E5520 		.ascii	"GNU C 4.9.3 20150529 (release) [ARM/embedded-4_9-br"
 1426      4320342E 
 1426      392E3320 
 1426      32303135 
 1426      30353239 
 1427 0135 616E6368 		.ascii	"anch revision 227977] -mcpu=cortex-m3 -mthumb -gdwa"
 1427      20726576 
 1427      6973696F 
 1427      6E203232 
 1427      37393737 
 1428 0168 72662D32 		.ascii	"rf-2 -Os -fomit-frame-pointer\000"
 1428      202D4F73 
 1428      202D666F 
 1428      6D69742D 
 1428      6672616D 
 1429              	.LASF43:
 1430 0186 49544D5F 		.ascii	"ITM_RxBuffer\000"
 1430      52784275 
 1430      66666572 
 1430      00
 1431              	.LASF11:
 1432 0193 756E7369 		.ascii	"unsigned int\000"
 1432      676E6564 
 1432      20696E74 
 1432      00
 1433              	.LASF22:
 1434 01a0 63686172 		.ascii	"char\000"
 1434      00
 1435              	.LASF12:
 1436 01a5 75696E74 		.ascii	"uint8_t\000"
 1436      385F7400 
 1437              	.LASF41:
 1438 01ad 2F557365 		.ascii	"/Users/ingamedeo/ownCloud/STM32F103RBT6FreeRTOS\000"
 1438      72732F69 
 1438      6E67616D 
 1438      6564656F 
 1438      2F6F776E 
ARM GAS  /var/folders/yt/6z6x8bjn5sjf5fbb45bk5m4c0000gn/T//ccJcOfAn.s 			page 29


 1439              	.LASF20:
 1440 01dd 55426173 		.ascii	"UBaseType_t\000"
 1440      65547970 
 1440      655F7400 
 1441              	.LASF15:
 1442 01e9 73697A65 		.ascii	"sizetype\000"
 1442      74797065 
 1442      00
 1443              	.LASF9:
 1444 01f2 6C6F6E67 		.ascii	"long long int\000"
 1444      206C6F6E 
 1444      6720696E 
 1444      7400
 1445              	.LASF40:
 1446 0200 6D61696E 		.ascii	"main.c\000"
 1446      2E6300
 1447              	.LASF13:
 1448 0207 75696E74 		.ascii	"uint16_t\000"
 1448      31365F74 
 1448      00
 1449              	.LASF26:
 1450 0210 70785461 		.ascii	"pxTask\000"
 1450      736B00
 1451              	.LASF37:
 1452 0217 45585449 		.ascii	"EXTI_GetITStatus\000"
 1452      5F476574 
 1452      49545374 
 1452      61747573 
 1452      00
 1453              	.LASF38:
 1454 0228 45585449 		.ascii	"EXTI_ClearITPendingBit\000"
 1454      5F436C65 
 1454      61724954 
 1454      50656E64 
 1454      696E6742 
 1455              	.LASF2:
 1456 023f 73686F72 		.ascii	"short int\000"
 1456      7420696E 
 1456      7400
 1457              	.LASF27:
 1458 0249 70635461 		.ascii	"pcTaskName\000"
 1458      736B4E61 
 1458      6D6500
 1459              	.LASF30:
 1460 0254 4C454473 		.ascii	"LEDsInit\000"
 1460      496E6974 
 1460      00
 1461              	.LASF14:
 1462 025d 75696E74 		.ascii	"uint32_t\000"
 1462      33325F74 
 1462      00
 1463              	.LASF6:
 1464 0266 6C6F6E67 		.ascii	"long int\000"
 1464      20696E74 
 1464      00
 1465              	.LASF29:
 1466 026f 45585449 		.ascii	"EXTI1_IRQHandler\000"
ARM GAS  /var/folders/yt/6z6x8bjn5sjf5fbb45bk5m4c0000gn/T//ccJcOfAn.s 			page 30


 1466      315F4952 
 1466      5148616E 
 1466      646C6572 
 1466      00
 1467              	.LASF0:
 1468 0280 7369676E 		.ascii	"signed char\000"
 1468      65642063 
 1468      68617200 
 1469              	.LASF24:
 1470 028c 76417070 		.ascii	"vApplicationStackOverflowHook\000"
 1470      6C696361 
 1470      74696F6E 
 1470      53746163 
 1470      6B4F7665 
 1471              	.LASF19:
 1472 02aa 42617365 		.ascii	"BaseType_t\000"
 1472      54797065 
 1472      5F7400
 1473              	.LASF36:
 1474 02b5 78546173 		.ascii	"xTaskCreate\000"
 1474      6B437265 
 1474      61746500 
 1475              		.ident	"GCC: (GNU Tools for ARM Embedded Processors) 4.9.3 20150529 (release) [ARM/embedded-4_9-br
ARM GAS  /var/folders/yt/6z6x8bjn5sjf5fbb45bk5m4c0000gn/T//ccJcOfAn.s 			page 31


DEFINED SYMBOLS
                            *ABS*:0000000000000000 main.c
/var/folders/yt/6z6x8bjn5sjf5fbb45bk5m4c0000gn/T//ccJcOfAn.s:71     .text:0000000000000000 $t
/var/folders/yt/6z6x8bjn5sjf5fbb45bk5m4c0000gn/T//ccJcOfAn.s:76     .text:0000000000000000 DelayAAA
/var/folders/yt/6z6x8bjn5sjf5fbb45bk5m4c0000gn/T//ccJcOfAn.s:109    .text.startup:0000000000000000 $t
/var/folders/yt/6z6x8bjn5sjf5fbb45bk5m4c0000gn/T//ccJcOfAn.s:114    .text.startup:0000000000000000 main
/var/folders/yt/6z6x8bjn5sjf5fbb45bk5m4c0000gn/T//ccJcOfAn.s:167    .text.startup:000000000000003c $d
/var/folders/yt/6z6x8bjn5sjf5fbb45bk5m4c0000gn/T//ccJcOfAn.s:180    .text:0000000000000014 vApplicationStackOverflowHook
/var/folders/yt/6z6x8bjn5sjf5fbb45bk5m4c0000gn/T//ccJcOfAn.s:215    .text:0000000000000024 EXTI0_IRQHandler
/var/folders/yt/6z6x8bjn5sjf5fbb45bk5m4c0000gn/T//ccJcOfAn.s:254    .text:000000000000003e EXTI1_IRQHandler
                     .debug_frame:0000000000000010 $d

UNDEFINED SYMBOLS
LEDsInit
Usart1Init
ButtonsInitEXTI
BH1750Init
xTaskCreate
vTaskStartScheduler
vLEDFlashTask
vUSARTTask
LEDOn
EXTI_GetITStatus
EXTI_ClearITPendingBit
LEDOff
