ARM GAS  /var/folders/yt/6z6x8bjn5sjf5fbb45bk5m4c0000gn/T//ccX50q5d.s 			page 1


   1              		.syntax unified
   2              		.cpu cortex-m3
   3              		.fpu softvfp
   4              		.eabi_attribute 20, 1	@ Tag_ABI_FP_denormal
   5              		.eabi_attribute 21, 1	@ Tag_ABI_FP_exceptions
   6              		.eabi_attribute 23, 3	@ Tag_ABI_FP_number_model
   7              		.eabi_attribute 24, 1	@ Tag_ABI_align8_needed
   8              		.eabi_attribute 25, 1	@ Tag_ABI_align8_preserved
   9              		.eabi_attribute 26, 1	@ Tag_ABI_enum_size
  10              		.eabi_attribute 30, 4	@ Tag_ABI_optimization_goals
  11              		.eabi_attribute 34, 1	@ Tag_CPU_unaligned_access
  12              		.eabi_attribute 18, 4	@ Tag_ABI_PCS_wchar_t
  13              		.file	"stm32f10x_it.c"
  14              	@ GNU C (GNU Tools for ARM Embedded Processors) version 4.9.3 20150529 (release) [ARM/embedded-4_9-
  15              	@	compiled by GNU C version 4.2.1 (Based on Apple Inc. build 5658) (LLVM build 2336.9.00), GMP vers
  16              	@ GGC heuristics: --param ggc-min-expand=100 --param ggc-min-heapsize=131072
  17              	@ options passed:  -I . -I ./Libraries/CMSIS/CM3/CoreSupport
  18              	@ -I ./Libraries/CMSIS/CM3/DeviceSupport/ST/STM32F10x
  19              	@ -I ./Libraries/STM32F10x_StdPeriph_Driver/inc -I ./Libraries/Drivers/Leds
  20              	@ -I ./Libraries/Drivers/Buttons -I ./Libraries/Drivers/Usart
  21              	@ -I ./Libraries/Drivers/i2c -I ./Libraries/Drivers/BH1750
  22              	@ -I ./Libraries/Drivers/Utilities -I ./FreeRTOS/Source/include
  23              	@ -I ./FreeRTOS/Source/portable/GCC/ARM_CM3 -imultilib armv7-m
  24              	@ -iprefix /usr/local/Cellar/arm-none-eabi-gcc/20150921/bin/../lib/gcc/arm-none-eabi/4.9.3/
  25              	@ -isysroot /usr/local/Cellar/arm-none-eabi-gcc/20150921/bin/../arm-none-eabi
  26              	@ -MD stm32f10x_it.d -MF .dep/stm32f10x_it.o.d -MP -MQ stm32f10x_it.o
  27              	@ -D__USES_INITFINI__ -D STM32F10X_MD -D USE_STDPERIPH_DRIVER -D GCC_ARMCM3
  28              	@ -D RUN_FROM_FLASH=1 stm32f10x_it.c -mcpu=cortex-m3 -mthumb
  29              	@ -auxbase-strip stm32f10x_it.o -gdwarf-2 -Os -Wall -Wstrict-prototypes
  30              	@ -fomit-frame-pointer -fverbose-asm
  31              	@ options enabled:  -faggressive-loop-optimizations -fauto-inc-dec
  32              	@ -fbranch-count-reg -fcaller-saves -fcombine-stack-adjustments -fcommon
  33              	@ -fcompare-elim -fcprop-registers -fcrossjumping -fcse-follow-jumps
  34              	@ -fdefer-pop -fdelete-null-pointer-checks -fdevirtualize
  35              	@ -fdevirtualize-speculatively -fdwarf2-cfi-asm -fearly-inlining
  36              	@ -feliminate-unused-debug-types -fexpensive-optimizations
  37              	@ -fforward-propagate -ffunction-cse -fgcse -fgcse-lm -fgnu-runtime
  38              	@ -fgnu-unique -fguess-branch-probability -fhoist-adjacent-loads -fident
  39              	@ -fif-conversion -fif-conversion2 -findirect-inlining -finline
  40              	@ -finline-atomics -finline-functions -finline-functions-called-once
  41              	@ -finline-small-functions -fipa-cp -fipa-profile -fipa-pure-const
  42              	@ -fipa-reference -fipa-sra -fira-hoist-pressure -fira-share-save-slots
  43              	@ -fira-share-spill-slots -fisolate-erroneous-paths-dereference -fivopts
  44              	@ -fkeep-static-consts -fleading-underscore -flifetime-dse -fmath-errno
  45              	@ -fmerge-constants -fmerge-debug-strings -fomit-frame-pointer
  46              	@ -foptimize-sibling-calls -fpartial-inlining -fpeephole -fpeephole2
  47              	@ -fprefetch-loop-arrays -freg-struct-return -freorder-blocks
  48              	@ -freorder-functions -frerun-cse-after-loop
  49              	@ -fsched-critical-path-heuristic -fsched-dep-count-heuristic
  50              	@ -fsched-group-heuristic -fsched-interblock -fsched-last-insn-heuristic
  51              	@ -fsched-pressure -fsched-rank-heuristic -fsched-spec
  52              	@ -fsched-spec-insn-heuristic -fsched-stalled-insns-dep -fschedule-insns2
  53              	@ -fsection-anchors -fshow-column -fsigned-zeros -fsplit-ivs-in-unroller
  54              	@ -fsplit-wide-types -fstrict-aliasing -fstrict-overflow
  55              	@ -fstrict-volatile-bitfields -fsync-libcalls -fthread-jumps
  56              	@ -ftoplevel-reorder -ftrapping-math -ftree-bit-ccp -ftree-builtin-call-dce
  57              	@ -ftree-ccp -ftree-ch -ftree-coalesce-vars -ftree-copy-prop
ARM GAS  /var/folders/yt/6z6x8bjn5sjf5fbb45bk5m4c0000gn/T//ccX50q5d.s 			page 2


  58              	@ -ftree-copyrename -ftree-cselim -ftree-dce -ftree-dominator-opts
  59              	@ -ftree-dse -ftree-forwprop -ftree-fre -ftree-loop-if-convert
  60              	@ -ftree-loop-im -ftree-loop-ivcanon -ftree-loop-optimize
  61              	@ -ftree-parallelize-loops= -ftree-phiprop -ftree-pre -ftree-pta
  62              	@ -ftree-reassoc -ftree-scev-cprop -ftree-sink -ftree-slsr -ftree-sra
  63              	@ -ftree-switch-conversion -ftree-tail-merge -ftree-ter -ftree-vrp
  64              	@ -funit-at-a-time -fvar-tracking -fvar-tracking-assignments -fverbose-asm
  65              	@ -fzero-initialized-in-bss -mfix-cortex-m3-ldrd -mlittle-endian -mlra
  66              	@ -mpic-data-is-text-relative -msched-prolog -mthumb -munaligned-access
  67              	@ -mvectorize-with-neon-quad
  68              	
  69              		.text
  70              	.Ltext0:
  71              		.cfi_sections	.debug_frame
  72              		.align	1
  73              		.global	NMI_Handler
  74              		.thumb
  75              		.thumb_func
  76              		.type	NMI_Handler, %function
  77              	NMI_Handler:
  78              	.LFB34:
  79              		.file 1 "stm32f10x_it.c"
   1:stm32f10x_it.c **** /**
   2:stm32f10x_it.c ****   ******************************************************************************
   3:stm32f10x_it.c ****   * @file    stm32f10x_it.c
   4:stm32f10x_it.c ****   * @author  MCD Application Team
   5:stm32f10x_it.c ****   * @version V1.0.0
   6:stm32f10x_it.c ****   * @date    09/13/2010
   7:stm32f10x_it.c ****   * @brief   Main Interrupt Service Routines.
   8:stm32f10x_it.c ****   *          This file provides template for all exceptions handler and peripherals
   9:stm32f10x_it.c ****   *          interrupt service routine.
  10:stm32f10x_it.c ****   ******************************************************************************
  11:stm32f10x_it.c ****   * @copy
  12:stm32f10x_it.c ****   *
  13:stm32f10x_it.c ****   * THE PRESENT FIRMWARE WHICH IS FOR GUIDANCE ONLY AIMS AT PROVIDING CUSTOMERS
  14:stm32f10x_it.c ****   * WITH CODING INFORMATION REGARDING THEIR PRODUCTS IN ORDER FOR THEM TO SAVE
  15:stm32f10x_it.c ****   * TIME. AS A RESULT, STMICROELECTRONICS SHALL NOT BE HELD LIABLE FOR ANY
  16:stm32f10x_it.c ****   * DIRECT, INDIRECT OR CONSEQUENTIAL DAMAGES WITH RESPECT TO ANY CLAIMS ARISING
  17:stm32f10x_it.c ****   * FROM THE CONTENT OF SUCH FIRMWARE AND/OR THE USE MADE BY CUSTOMERS OF THE
  18:stm32f10x_it.c ****   * CODING INFORMATION CONTAINED HEREIN IN CONNECTION WITH THEIR PRODUCTS.
  19:stm32f10x_it.c ****   *
  20:stm32f10x_it.c ****   * <h2><center>&copy; COPYRIGHT 2010 STMicroelectronics</center></h2>
  21:stm32f10x_it.c ****   */
  22:stm32f10x_it.c **** 
  23:stm32f10x_it.c **** /* Includes ------------------------------------------------------------------*/
  24:stm32f10x_it.c **** #include "stm32f10x_it.h"
  25:stm32f10x_it.c **** #include "usart.h"
  26:stm32f10x_it.c **** #include "mytasks.h"
  27:stm32f10x_it.c **** /** @addtogroup Examples
  28:stm32f10x_it.c ****   * @{
  29:stm32f10x_it.c ****   */
  30:stm32f10x_it.c **** 
  31:stm32f10x_it.c **** /* Private typedef -----------------------------------------------------------*/
  32:stm32f10x_it.c **** /* Private define ------------------------------------------------------------*/
  33:stm32f10x_it.c **** /* Private macro -------------------------------------------------------------*/
  34:stm32f10x_it.c **** /* Private variables ---------------------------------------------------------*/
  35:stm32f10x_it.c **** /* Private function prototypes -----------------------------------------------*/
ARM GAS  /var/folders/yt/6z6x8bjn5sjf5fbb45bk5m4c0000gn/T//ccX50q5d.s 			page 3


  36:stm32f10x_it.c **** /* Private functions ---------------------------------------------------------*/
  37:stm32f10x_it.c **** 
  38:stm32f10x_it.c **** /******************************************************************************/
  39:stm32f10x_it.c **** /*            Cortex-M3 Processor Exceptions Handlers                         */
  40:stm32f10x_it.c **** /******************************************************************************/
  41:stm32f10x_it.c **** 
  42:stm32f10x_it.c **** /**
  43:stm32f10x_it.c ****   * @brief  This function handles NMI exception.
  44:stm32f10x_it.c ****   * @param  None
  45:stm32f10x_it.c ****   * @retval None
  46:stm32f10x_it.c ****   */
  47:stm32f10x_it.c **** void NMI_Handler(void)
  48:stm32f10x_it.c **** {
  80              		.loc 1 48 0
  81              		.cfi_startproc
  82              		@ args = 0, pretend = 0, frame = 0
  83              		@ frame_needed = 0, uses_anonymous_args = 0
  84              		@ link register save eliminated.
  85 0000 7047     		bx	lr	@
  86              		.cfi_endproc
  87              	.LFE34:
  88              		.size	NMI_Handler, .-NMI_Handler
  89              		.align	1
  90              		.global	HardFault_Handler
  91              		.thumb
  92              		.thumb_func
  93              		.type	HardFault_Handler, %function
  94              	HardFault_Handler:
  95              	.LFB35:
  49:stm32f10x_it.c **** }
  50:stm32f10x_it.c **** 
  51:stm32f10x_it.c **** /**
  52:stm32f10x_it.c ****   * @brief  This function handles Hard Fault exception.
  53:stm32f10x_it.c ****   * @param  None
  54:stm32f10x_it.c ****   * @retval None
  55:stm32f10x_it.c ****   */
  56:stm32f10x_it.c **** void HardFault_Handler(void)
  57:stm32f10x_it.c **** {
  96              		.loc 1 57 0
  97              		.cfi_startproc
  98              		@ Volatile: function does not return.
  99              		@ args = 0, pretend = 0, frame = 0
 100              		@ frame_needed = 0, uses_anonymous_args = 0
 101              		@ link register save eliminated.
 102              	.L3:
  58:stm32f10x_it.c ****   /* Go to infinite loop when Hard Fault exception occurs */
  59:stm32f10x_it.c ****   while (1)
  60:stm32f10x_it.c ****   {
  61:stm32f10x_it.c ****   }
 103              		.loc 1 61 0 discriminator 1
 104 0002 FEE7     		b	.L3	@
 105              		.cfi_endproc
 106              	.LFE35:
 107              		.size	HardFault_Handler, .-HardFault_Handler
 108              		.align	1
 109              		.global	MemManage_Handler
 110              		.thumb
ARM GAS  /var/folders/yt/6z6x8bjn5sjf5fbb45bk5m4c0000gn/T//ccX50q5d.s 			page 4


 111              		.thumb_func
 112              		.type	MemManage_Handler, %function
 113              	MemManage_Handler:
 114              	.LFB36:
  62:stm32f10x_it.c **** }
  63:stm32f10x_it.c **** 
  64:stm32f10x_it.c **** /**
  65:stm32f10x_it.c ****   * @brief  This function handles Memory Manage exception.
  66:stm32f10x_it.c ****   * @param  None
  67:stm32f10x_it.c ****   * @retval None
  68:stm32f10x_it.c ****   */
  69:stm32f10x_it.c **** void MemManage_Handler(void)
  70:stm32f10x_it.c **** {
 115              		.loc 1 70 0
 116              		.cfi_startproc
 117              		@ Volatile: function does not return.
 118              		@ args = 0, pretend = 0, frame = 0
 119              		@ frame_needed = 0, uses_anonymous_args = 0
 120              		@ link register save eliminated.
 121              	.L5:
  71:stm32f10x_it.c ****   /* Go to infinite loop when Memory Manage exception occurs */
  72:stm32f10x_it.c ****   while (1)
  73:stm32f10x_it.c ****   {
  74:stm32f10x_it.c ****   }
 122              		.loc 1 74 0 discriminator 1
 123 0004 FEE7     		b	.L5	@
 124              		.cfi_endproc
 125              	.LFE36:
 126              		.size	MemManage_Handler, .-MemManage_Handler
 127              		.align	1
 128              		.global	BusFault_Handler
 129              		.thumb
 130              		.thumb_func
 131              		.type	BusFault_Handler, %function
 132              	BusFault_Handler:
 133              	.LFB37:
  75:stm32f10x_it.c **** }
  76:stm32f10x_it.c **** 
  77:stm32f10x_it.c **** /**
  78:stm32f10x_it.c ****   * @brief  This function handles Bus Fault exception.
  79:stm32f10x_it.c ****   * @param  None
  80:stm32f10x_it.c ****   * @retval None
  81:stm32f10x_it.c ****   */
  82:stm32f10x_it.c **** void BusFault_Handler(void)
  83:stm32f10x_it.c **** {
 134              		.loc 1 83 0
 135              		.cfi_startproc
 136              		@ Volatile: function does not return.
 137              		@ args = 0, pretend = 0, frame = 0
 138              		@ frame_needed = 0, uses_anonymous_args = 0
 139              		@ link register save eliminated.
 140              	.L7:
  84:stm32f10x_it.c ****   /* Go to infinite loop when Bus Fault exception occurs */
  85:stm32f10x_it.c ****   while (1)
  86:stm32f10x_it.c ****   {
  87:stm32f10x_it.c ****   }
 141              		.loc 1 87 0 discriminator 1
ARM GAS  /var/folders/yt/6z6x8bjn5sjf5fbb45bk5m4c0000gn/T//ccX50q5d.s 			page 5


 142 0006 FEE7     		b	.L7	@
 143              		.cfi_endproc
 144              	.LFE37:
 145              		.size	BusFault_Handler, .-BusFault_Handler
 146              		.align	1
 147              		.global	UsageFault_Handler
 148              		.thumb
 149              		.thumb_func
 150              		.type	UsageFault_Handler, %function
 151              	UsageFault_Handler:
 152              	.LFB38:
  88:stm32f10x_it.c **** }
  89:stm32f10x_it.c **** 
  90:stm32f10x_it.c **** /**
  91:stm32f10x_it.c ****   * @brief  This function handles Usage Fault exception.
  92:stm32f10x_it.c ****   * @param  None
  93:stm32f10x_it.c ****   * @retval None
  94:stm32f10x_it.c ****   */
  95:stm32f10x_it.c **** void UsageFault_Handler(void)
  96:stm32f10x_it.c **** {
 153              		.loc 1 96 0
 154              		.cfi_startproc
 155              		@ Volatile: function does not return.
 156              		@ args = 0, pretend = 0, frame = 0
 157              		@ frame_needed = 0, uses_anonymous_args = 0
 158              		@ link register save eliminated.
 159              	.L9:
  97:stm32f10x_it.c ****   /* Go to infinite loop when Usage Fault exception occurs */
  98:stm32f10x_it.c ****   while (1)
  99:stm32f10x_it.c ****   {
 100:stm32f10x_it.c ****   }
 160              		.loc 1 100 0 discriminator 1
 161 0008 FEE7     		b	.L9	@
 162              		.cfi_endproc
 163              	.LFE38:
 164              		.size	UsageFault_Handler, .-UsageFault_Handler
 165              		.align	1
 166              		.global	DebugMon_Handler
 167              		.thumb
 168              		.thumb_func
 169              		.type	DebugMon_Handler, %function
 170              	DebugMon_Handler:
 171              	.LFB39:
 101:stm32f10x_it.c **** }
 102:stm32f10x_it.c **** 
 103:stm32f10x_it.c **** /**
 104:stm32f10x_it.c ****   * @brief  This function handles SVCall exception.
 105:stm32f10x_it.c ****   * @param  None
 106:stm32f10x_it.c ****   * @retval None
 107:stm32f10x_it.c ****   */
 108:stm32f10x_it.c **** /*void SVC_Handler(void)
 109:stm32f10x_it.c **** {
 110:stm32f10x_it.c **** }*/
 111:stm32f10x_it.c **** 
 112:stm32f10x_it.c **** /**
 113:stm32f10x_it.c ****   * @brief  This function handles Debug Monitor exception.
 114:stm32f10x_it.c ****   * @param  None
ARM GAS  /var/folders/yt/6z6x8bjn5sjf5fbb45bk5m4c0000gn/T//ccX50q5d.s 			page 6


 115:stm32f10x_it.c ****   * @retval None
 116:stm32f10x_it.c ****   */
 117:stm32f10x_it.c **** void DebugMon_Handler(void)
 118:stm32f10x_it.c **** {
 172              		.loc 1 118 0
 173              		.cfi_startproc
 174              		@ args = 0, pretend = 0, frame = 0
 175              		@ frame_needed = 0, uses_anonymous_args = 0
 176              		@ link register save eliminated.
 177 000a 7047     		bx	lr	@
 178              		.cfi_endproc
 179              	.LFE39:
 180              		.size	DebugMon_Handler, .-DebugMon_Handler
 181              		.align	1
 182              		.global	EXTI0_IRQHandler
 183              		.thumb
 184              		.thumb_func
 185              		.type	EXTI0_IRQHandler, %function
 186              	EXTI0_IRQHandler:
 187              	.LFB40:
 119:stm32f10x_it.c **** }
 120:stm32f10x_it.c **** 
 121:stm32f10x_it.c **** /**
 122:stm32f10x_it.c ****   * @brief  This function handles PendSV_Handler exception.
 123:stm32f10x_it.c ****   * @param  None
 124:stm32f10x_it.c ****   * @retval None
 125:stm32f10x_it.c ****   */
 126:stm32f10x_it.c **** /*void PendSV_Handler(void)
 127:stm32f10x_it.c **** {
 128:stm32f10x_it.c **** }*/
 129:stm32f10x_it.c **** 
 130:stm32f10x_it.c **** /**
 131:stm32f10x_it.c ****   * @brief  This function handles SysTick Handler.
 132:stm32f10x_it.c ****   * @param  None
 133:stm32f10x_it.c ****   * @retval None
 134:stm32f10x_it.c ****   */
 135:stm32f10x_it.c **** /*void SysTick_Handler(void)
 136:stm32f10x_it.c **** {
 137:stm32f10x_it.c **** 	LEDToggle(5);
 138:stm32f10x_it.c **** //Decrement the TimingDelay variable
 139:stm32f10x_it.c **** 	Decrement_TimingDelay();
 140:stm32f10x_it.c **** }*/
 141:stm32f10x_it.c **** 
 142:stm32f10x_it.c **** /******************************************************************************/
 143:stm32f10x_it.c **** /*                 STM32F10x Peripherals Interrupt Handlers                   */
 144:stm32f10x_it.c **** /*  Add here the Interrupt Handler for the used peripheral(s) (PPP), for the  */
 145:stm32f10x_it.c **** /*  available peripheral interrupt handler's name please refer to the startup */
 146:stm32f10x_it.c **** /*  file (startup_stm32f10x_xx.s).                                            */
 147:stm32f10x_it.c **** /******************************************************************************/
 148:stm32f10x_it.c **** 
 149:stm32f10x_it.c **** /**
 150:stm32f10x_it.c ****   * @brief  This function handles PPP interrupt request.
 151:stm32f10x_it.c ****   * @param  None
 152:stm32f10x_it.c ****   * @retval None
 153:stm32f10x_it.c ****   */
 154:stm32f10x_it.c **** void EXTI0_IRQHandler(void)
 155:stm32f10x_it.c **** {
ARM GAS  /var/folders/yt/6z6x8bjn5sjf5fbb45bk5m4c0000gn/T//ccX50q5d.s 			page 7


 188              		.loc 1 155 0
 189              		.cfi_startproc
 190              		@ args = 0, pretend = 0, frame = 0
 191              		@ frame_needed = 0, uses_anonymous_args = 0
 192              		@ link register save eliminated.
 193 000c 7047     		bx	lr	@
 194              		.cfi_endproc
 195              	.LFE40:
 196              		.size	EXTI0_IRQHandler, .-EXTI0_IRQHandler
 197              		.align	1
 198              		.global	EXTI3_IRQHandler
 199              		.thumb
 200              		.thumb_func
 201              		.type	EXTI3_IRQHandler, %function
 202              	EXTI3_IRQHandler:
 203              	.LFB41:
 156:stm32f10x_it.c **** 
 157:stm32f10x_it.c **** }
 158:stm32f10x_it.c **** void EXTI3_IRQHandler(void)
 159:stm32f10x_it.c **** {
 204              		.loc 1 159 0
 205              		.cfi_startproc
 206              		@ args = 0, pretend = 0, frame = 0
 207              		@ frame_needed = 0, uses_anonymous_args = 0
 208              		@ link register save eliminated.
 209 000e 7047     		bx	lr	@
 210              		.cfi_endproc
 211              	.LFE41:
 212              		.size	EXTI3_IRQHandler, .-EXTI3_IRQHandler
 213              		.align	1
 214              		.global	EXTI9_5_IRQHandler
 215              		.thumb
 216              		.thumb_func
 217              		.type	EXTI9_5_IRQHandler, %function
 218              	EXTI9_5_IRQHandler:
 219              	.LFB42:
 160:stm32f10x_it.c **** 
 161:stm32f10x_it.c **** }
 162:stm32f10x_it.c **** void EXTI9_5_IRQHandler(void)
 163:stm32f10x_it.c **** {
 220              		.loc 1 163 0
 221              		.cfi_startproc
 222              		@ args = 0, pretend = 0, frame = 0
 223              		@ frame_needed = 0, uses_anonymous_args = 0
 224              		@ link register save eliminated.
 225 0010 7047     		bx	lr	@
 226              		.cfi_endproc
 227              	.LFE42:
 228              		.size	EXTI9_5_IRQHandler, .-EXTI9_5_IRQHandler
 229              		.align	1
 230              		.global	EXTI15_10_IRQHandler
 231              		.thumb
 232              		.thumb_func
 233              		.type	EXTI15_10_IRQHandler, %function
 234              	EXTI15_10_IRQHandler:
 235              	.LFB43:
 164:stm32f10x_it.c **** 
ARM GAS  /var/folders/yt/6z6x8bjn5sjf5fbb45bk5m4c0000gn/T//ccX50q5d.s 			page 8


 165:stm32f10x_it.c **** }
 166:stm32f10x_it.c **** void EXTI15_10_IRQHandler(void)
 167:stm32f10x_it.c **** {
 236              		.loc 1 167 0
 237              		.cfi_startproc
 238              		@ args = 0, pretend = 0, frame = 0
 239              		@ frame_needed = 0, uses_anonymous_args = 0
 240              		@ link register save eliminated.
 241 0012 7047     		bx	lr	@
 242              		.cfi_endproc
 243              	.LFE43:
 244              		.size	EXTI15_10_IRQHandler, .-EXTI15_10_IRQHandler
 245              		.align	1
 246              		.global	USART1_IRQHandler
 247              		.thumb
 248              		.thumb_func
 249              		.type	USART1_IRQHandler, %function
 250              	USART1_IRQHandler:
 251              	.LFB44:
 168:stm32f10x_it.c **** 
 169:stm32f10x_it.c **** }
 170:stm32f10x_it.c **** void USART1_IRQHandler(void)
 171:stm32f10x_it.c **** {
 252              		.loc 1 171 0
 253              		.cfi_startproc
 254              		@ args = 0, pretend = 0, frame = 8
 255              		@ frame_needed = 0, uses_anonymous_args = 0
 256              		.loc 1 171 0
 257 0014 13B5     		push	{r0, r1, r4, lr}	@
 258              	.LCFI0:
 259              		.cfi_def_cfa_offset 16
 260              		.cfi_offset 4, -8
 261              		.cfi_offset 14, -4
 172:stm32f10x_it.c ****   long xHigherPriorityTaskWoken = pdFALSE;
 262              		.loc 1 172 0
 263 0016 0024     		movs	r4, #0	@ tmp120,
 173:stm32f10x_it.c ****   uint8_t ch;
 174:stm32f10x_it.c ****   //if Receive interrupt
 175:stm32f10x_it.c ****   if (USART_GetITStatus(USART1, USART_IT_RXNE) != RESET)
 264              		.loc 1 175 0
 265 0018 1B48     		ldr	r0, .L30	@,
 266 001a 40F22551 		movw	r1, #1317	@,
 172:stm32f10x_it.c ****   long xHigherPriorityTaskWoken = pdFALSE;
 267              		.loc 1 172 0
 268 001e 0194     		str	r4, [sp, #4]	@ tmp120, xHigherPriorityTaskWoken
 269              		.loc 1 175 0
 270 0020 FFF7FEFF 		bl	USART_GetITStatus	@
 271              	.LVL0:
 272 0024 58B1     		cbz	r0, .L16	@,
 176:stm32f10x_it.c ****     {
 177:stm32f10x_it.c ****       ch=(uint8_t)USART_ReceiveData(USART1);
 273              		.loc 1 177 0
 274 0026 1848     		ldr	r0, .L30	@,
 275 0028 FFF7FEFF 		bl	USART_ReceiveData	@
 276              	.LVL1:
 178:stm32f10x_it.c ****       xQueueSendToBackFromISR( RxQueue, &ch, &xHigherPriorityTaskWoken );
 277              		.loc 1 178 0
ARM GAS  /var/folders/yt/6z6x8bjn5sjf5fbb45bk5m4c0000gn/T//ccX50q5d.s 			page 9


 278 002c 174B     		ldr	r3, .L30+4	@ tmp126,
 177:stm32f10x_it.c ****       xQueueSendToBackFromISR( RxQueue, &ch, &xHigherPriorityTaskWoken );
 279              		.loc 1 177 0
 280 002e 02A9     		add	r1, sp, #8	@ tmp127,,
 281 0030 01F8050D 		strb	r0, [r1, #-5]!	@, ch
 282              		.loc 1 178 0
 283 0034 01AA     		add	r2, sp, #4	@,,
 284 0036 1868     		ldr	r0, [r3]	@, RxQueue
 285 0038 2346     		mov	r3, r4	@, tmp120
 286 003a FFF7FEFF 		bl	xQueueGenericSendFromISR	@
 287              	.LVL2:
 288              	.L16:
 179:stm32f10x_it.c ****     }
 180:stm32f10x_it.c **** 
 181:stm32f10x_it.c ****   if (USART_GetITStatus(USART1, USART_IT_TXE) != RESET)
 289              		.loc 1 181 0
 290 003e 1248     		ldr	r0, .L30	@,
 291 0040 40F22771 		movw	r1, #1831	@,
 292 0044 FFF7FEFF 		bl	USART_GetITStatus	@
 293              	.LVL3:
 294 0048 90B1     		cbz	r0, .L17	@,
 182:stm32f10x_it.c ****         {
 183:stm32f10x_it.c ****       if( xQueueReceiveFromISR( TxQueue, &ch, &xHigherPriorityTaskWoken ) )
 295              		.loc 1 183 0
 296 004a 114B     		ldr	r3, .L30+8	@ tmp131,
 297 004c 01AA     		add	r2, sp, #4	@,,
 298 004e 1868     		ldr	r0, [r3]	@, TxQueue
 299 0050 0DF10301 		add	r1, sp, #3	@,,
 300 0054 FFF7FEFF 		bl	xQueueReceiveFromISR	@
 301              	.LVL4:
 302 0058 0246     		mov	r2, r0	@ D.6102,
 184:stm32f10x_it.c ****         {
 185:stm32f10x_it.c ****           USART_SendData(USART1, ch);
 303              		.loc 1 185 0
 304 005a 0B48     		ldr	r0, .L30	@,
 183:stm32f10x_it.c ****         {
 305              		.loc 1 183 0
 306 005c 22B1     		cbz	r2, .L18	@ D.6102,
 307              		.loc 1 185 0
 308 005e 9DF80310 		ldrb	r1, [sp, #3]	@ zero_extendqisi2	@, ch
 309 0062 FFF7FEFF 		bl	USART_SendData	@
 310              	.LVL5:
 311 0066 03E0     		b	.L17	@
 312              	.L18:
 186:stm32f10x_it.c ****         }else{
 187:stm32f10x_it.c ****            //disable Transmit Data Register empty interrupt
 188:stm32f10x_it.c ****            USART_ITConfig(USART1, USART_IT_TXE, DISABLE);
 313              		.loc 1 188 0
 314 0068 40F22771 		movw	r1, #1831	@,
 315 006c FFF7FEFF 		bl	USART_ITConfig	@
 316              	.LVL6:
 317              	.L17:
 189:stm32f10x_it.c ****              }
 190:stm32f10x_it.c ****         }
 191:stm32f10x_it.c ****   portEND_SWITCHING_ISR( xHigherPriorityTaskWoken );
 318              		.loc 1 191 0
 319 0070 019B     		ldr	r3, [sp, #4]	@ xHigherPriorityTaskWoken, xHigherPriorityTaskWoken
ARM GAS  /var/folders/yt/6z6x8bjn5sjf5fbb45bk5m4c0000gn/T//ccX50q5d.s 			page 10


 320 0072 3BB1     		cbz	r3, .L15	@ xHigherPriorityTaskWoken,
 321              		.loc 1 191 0 is_stmt 0 discriminator 1
 322 0074 074B     		ldr	r3, .L30+12	@ tmp140,
 323 0076 4FF08052 		mov	r2, #268435456	@ tmp141,
 324 007a 1A60     		str	r2, [r3]	@ tmp141, MEM[(volatile uint32_t *)3758157060B]
 325              	@ 191 "stm32f10x_it.c" 1
 326 007c BFF34F8F 		dsb
 327              	@ 0 "" 2
 328              	@ 191 "stm32f10x_it.c" 1
 329 0080 BFF36F8F 		isb
 330              	@ 0 "" 2
 331              		.thumb
 332              	.L15:
 192:stm32f10x_it.c **** }
 333              		.loc 1 192 0 is_stmt 1
 334 0084 02B0     		add	sp, sp, #8	@,,
 335              	.LCFI1:
 336              		.cfi_def_cfa_offset 8
 337              		@ sp needed	@
 338 0086 10BD     		pop	{r4, pc}	@
 339              	.L31:
 340              		.align	2
 341              	.L30:
 342 0088 00380140 		.word	1073821696
 343 008c 00000000 		.word	RxQueue
 344 0090 00000000 		.word	TxQueue
 345 0094 04ED00E0 		.word	-536810236
 346              		.cfi_endproc
 347              	.LFE44:
 348              		.size	USART1_IRQHandler, .-USART1_IRQHandler
 349              	.Letext0:
 350              		.file 2 "/usr/local/Cellar/arm-none-eabi-gcc/20150921/arm-none-eabi/include/machine/_default_types
 351              		.file 3 "/usr/local/Cellar/arm-none-eabi-gcc/20150921/arm-none-eabi/include/sys/_stdint.h"
 352              		.file 4 "./Libraries/CMSIS/CM3/DeviceSupport/ST/STM32F10x/stm32f10x.h"
 353              		.file 5 "./FreeRTOS/Source/include/../../Source/portable/GCC/ARM_CM3/portmacro.h"
 354              		.file 6 "./FreeRTOS/Source/include/queue.h"
 355              		.file 7 "./Libraries/CMSIS/CM3/CoreSupport/core_cm3.h"
 356              		.file 8 "mytasks.h"
 357              		.file 9 "./Libraries/STM32F10x_StdPeriph_Driver/inc/stm32f10x_usart.h"
 358              		.section	.debug_info,"",%progbits
 359              	.Ldebug_info0:
 360 0000 C7040000 		.4byte	0x4c7
 361 0004 0200     		.2byte	0x2
 362 0006 00000000 		.4byte	.Ldebug_abbrev0
 363 000a 04       		.byte	0x4
 364 000b 01       		.uleb128 0x1
 365 000c 51000000 		.4byte	.LASF51
 366 0010 01       		.byte	0x1
 367 0011 B0020000 		.4byte	.LASF52
 368 0015 F8020000 		.4byte	.LASF53
 369 0019 00000000 		.4byte	.Ltext0
 370 001d 98000000 		.4byte	.Letext0
 371 0021 00000000 		.4byte	.Ldebug_line0
 372 0025 02       		.uleb128 0x2
 373 0026 01       		.byte	0x1
 374 0027 06       		.byte	0x6
 375 0028 13010000 		.4byte	.LASF0
ARM GAS  /var/folders/yt/6z6x8bjn5sjf5fbb45bk5m4c0000gn/T//ccX50q5d.s 			page 11


 376 002c 03       		.uleb128 0x3
 377 002d 51010000 		.4byte	.LASF3
 378 0031 02       		.byte	0x2
 379 0032 1D       		.byte	0x1d
 380 0033 37000000 		.4byte	0x37
 381 0037 02       		.uleb128 0x2
 382 0038 01       		.byte	0x1
 383 0039 08       		.byte	0x8
 384 003a 69010000 		.4byte	.LASF1
 385 003e 02       		.uleb128 0x2
 386 003f 02       		.byte	0x2
 387 0040 05       		.byte	0x5
 388 0041 D5000000 		.4byte	.LASF2
 389 0045 03       		.uleb128 0x3
 390 0046 38000000 		.4byte	.LASF4
 391 004a 02       		.byte	0x2
 392 004b 2B       		.byte	0x2b
 393 004c 50000000 		.4byte	0x50
 394 0050 02       		.uleb128 0x2
 395 0051 02       		.byte	0x2
 396 0052 07       		.byte	0x7
 397 0053 27020000 		.4byte	.LASF5
 398 0057 02       		.uleb128 0x2
 399 0058 04       		.byte	0x4
 400 0059 05       		.byte	0x5
 401 005a 48010000 		.4byte	.LASF6
 402 005e 03       		.uleb128 0x3
 403 005f 2D000000 		.4byte	.LASF7
 404 0063 02       		.byte	0x2
 405 0064 41       		.byte	0x41
 406 0065 69000000 		.4byte	0x69
 407 0069 02       		.uleb128 0x2
 408 006a 04       		.byte	0x4
 409 006b 07       		.byte	0x7
 410 006c 06020000 		.4byte	.LASF8
 411 0070 02       		.uleb128 0x2
 412 0071 08       		.byte	0x8
 413 0072 05       		.byte	0x5
 414 0073 1F010000 		.4byte	.LASF9
 415 0077 02       		.uleb128 0x2
 416 0078 08       		.byte	0x8
 417 0079 07       		.byte	0x7
 418 007a AC010000 		.4byte	.LASF10
 419 007e 04       		.uleb128 0x4
 420 007f 04       		.byte	0x4
 421 0080 05       		.byte	0x5
 422 0081 696E7400 		.ascii	"int\000"
 423 0085 02       		.uleb128 0x2
 424 0086 04       		.byte	0x4
 425 0087 07       		.byte	0x7
 426 0088 E5010000 		.4byte	.LASF11
 427 008c 03       		.uleb128 0x3
 428 008d EE000000 		.4byte	.LASF12
 429 0091 03       		.byte	0x3
 430 0092 14       		.byte	0x14
 431 0093 2C000000 		.4byte	0x2c
 432 0097 03       		.uleb128 0x3
ARM GAS  /var/folders/yt/6z6x8bjn5sjf5fbb45bk5m4c0000gn/T//ccX50q5d.s 			page 12


 433 0098 F2010000 		.4byte	.LASF13
 434 009c 03       		.byte	0x3
 435 009d 1A       		.byte	0x1a
 436 009e 45000000 		.4byte	0x45
 437 00a2 03       		.uleb128 0x3
 438 00a3 DC010000 		.4byte	.LASF14
 439 00a7 03       		.byte	0x3
 440 00a8 20       		.byte	0x20
 441 00a9 5E000000 		.4byte	0x5e
 442 00ad 02       		.uleb128 0x2
 443 00ae 04       		.byte	0x4
 444 00af 07       		.byte	0x7
 445 00b0 18000000 		.4byte	.LASF15
 446 00b4 05       		.uleb128 0x5
 447 00b5 97000000 		.4byte	0x97
 448 00b9 06       		.uleb128 0x6
 449 00ba 01       		.byte	0x1
 450 00bb 04       		.byte	0x4
 451 00bc 0702     		.2byte	0x207
 452 00be CF000000 		.4byte	0xcf
 453 00c2 07       		.uleb128 0x7
 454 00c3 E1020000 		.4byte	.LASF16
 455 00c7 00       		.sleb128 0
 456 00c8 08       		.uleb128 0x8
 457 00c9 53455400 		.ascii	"SET\000"
 458 00cd 01       		.sleb128 1
 459 00ce 00       		.byte	0
 460 00cf 09       		.uleb128 0x9
 461 00d0 3F010000 		.4byte	.LASF17
 462 00d4 04       		.byte	0x4
 463 00d5 0702     		.2byte	0x207
 464 00d7 B9000000 		.4byte	0xb9
 465 00db 06       		.uleb128 0x6
 466 00dc 01       		.byte	0x1
 467 00dd 04       		.byte	0x4
 468 00de 0902     		.2byte	0x209
 469 00e0 F1000000 		.4byte	0xf1
 470 00e4 07       		.uleb128 0x7
 471 00e5 0B010000 		.4byte	.LASF18
 472 00e9 00       		.sleb128 0
 473 00ea 07       		.uleb128 0x7
 474 00eb 90030000 		.4byte	.LASF19
 475 00ef 01       		.sleb128 1
 476 00f0 00       		.byte	0
 477 00f1 09       		.uleb128 0x9
 478 00f2 BF020000 		.4byte	.LASF20
 479 00f6 04       		.byte	0x4
 480 00f7 0902     		.2byte	0x209
 481 00f9 DB000000 		.4byte	0xdb
 482 00fd 0A       		.uleb128 0xa
 483 00fe 1C       		.byte	0x1c
 484 00ff 04       		.byte	0x4
 485 0100 D204     		.2byte	0x4d2
 486 0102 D7010000 		.4byte	0x1d7
 487 0106 0B       		.uleb128 0xb
 488 0107 535200   		.ascii	"SR\000"
 489 010a 04       		.byte	0x4
ARM GAS  /var/folders/yt/6z6x8bjn5sjf5fbb45bk5m4c0000gn/T//ccX50q5d.s 			page 13


 490 010b D404     		.2byte	0x4d4
 491 010d B4000000 		.4byte	0xb4
 492 0111 02       		.byte	0x2
 493 0112 23       		.byte	0x23
 494 0113 00       		.uleb128 0
 495 0114 0C       		.uleb128 0xc
 496 0115 6A020000 		.4byte	.LASF21
 497 0119 04       		.byte	0x4
 498 011a D504     		.2byte	0x4d5
 499 011c 97000000 		.4byte	0x97
 500 0120 02       		.byte	0x2
 501 0121 23       		.byte	0x23
 502 0122 02       		.uleb128 0x2
 503 0123 0B       		.uleb128 0xb
 504 0124 445200   		.ascii	"DR\000"
 505 0127 04       		.byte	0x4
 506 0128 D604     		.2byte	0x4d6
 507 012a B4000000 		.4byte	0xb4
 508 012e 02       		.byte	0x2
 509 012f 23       		.byte	0x23
 510 0130 04       		.uleb128 0x4
 511 0131 0C       		.uleb128 0xc
 512 0132 74020000 		.4byte	.LASF22
 513 0136 04       		.byte	0x4
 514 0137 D704     		.2byte	0x4d7
 515 0139 97000000 		.4byte	0x97
 516 013d 02       		.byte	0x2
 517 013e 23       		.byte	0x23
 518 013f 06       		.uleb128 0x6
 519 0140 0B       		.uleb128 0xb
 520 0141 42525200 		.ascii	"BRR\000"
 521 0145 04       		.byte	0x4
 522 0146 D804     		.2byte	0x4d8
 523 0148 B4000000 		.4byte	0xb4
 524 014c 02       		.byte	0x2
 525 014d 23       		.byte	0x23
 526 014e 08       		.uleb128 0x8
 527 014f 0C       		.uleb128 0xc
 528 0150 7E020000 		.4byte	.LASF23
 529 0154 04       		.byte	0x4
 530 0155 D904     		.2byte	0x4d9
 531 0157 97000000 		.4byte	0x97
 532 015b 02       		.byte	0x2
 533 015c 23       		.byte	0x23
 534 015d 0A       		.uleb128 0xa
 535 015e 0B       		.uleb128 0xb
 536 015f 43523100 		.ascii	"CR1\000"
 537 0163 04       		.byte	0x4
 538 0164 DA04     		.2byte	0x4da
 539 0166 B4000000 		.4byte	0xb4
 540 016a 02       		.byte	0x2
 541 016b 23       		.byte	0x23
 542 016c 0C       		.uleb128 0xc
 543 016d 0C       		.uleb128 0xc
 544 016e 88020000 		.4byte	.LASF24
 545 0172 04       		.byte	0x4
 546 0173 DB04     		.2byte	0x4db
ARM GAS  /var/folders/yt/6z6x8bjn5sjf5fbb45bk5m4c0000gn/T//ccX50q5d.s 			page 14


 547 0175 97000000 		.4byte	0x97
 548 0179 02       		.byte	0x2
 549 017a 23       		.byte	0x23
 550 017b 0E       		.uleb128 0xe
 551 017c 0B       		.uleb128 0xb
 552 017d 43523200 		.ascii	"CR2\000"
 553 0181 04       		.byte	0x4
 554 0182 DC04     		.2byte	0x4dc
 555 0184 B4000000 		.4byte	0xb4
 556 0188 02       		.byte	0x2
 557 0189 23       		.byte	0x23
 558 018a 10       		.uleb128 0x10
 559 018b 0C       		.uleb128 0xc
 560 018c 92020000 		.4byte	.LASF25
 561 0190 04       		.byte	0x4
 562 0191 DD04     		.2byte	0x4dd
 563 0193 97000000 		.4byte	0x97
 564 0197 02       		.byte	0x2
 565 0198 23       		.byte	0x23
 566 0199 12       		.uleb128 0x12
 567 019a 0B       		.uleb128 0xb
 568 019b 43523300 		.ascii	"CR3\000"
 569 019f 04       		.byte	0x4
 570 01a0 DE04     		.2byte	0x4de
 571 01a2 B4000000 		.4byte	0xb4
 572 01a6 02       		.byte	0x2
 573 01a7 23       		.byte	0x23
 574 01a8 14       		.uleb128 0x14
 575 01a9 0C       		.uleb128 0xc
 576 01aa 9C020000 		.4byte	.LASF26
 577 01ae 04       		.byte	0x4
 578 01af DF04     		.2byte	0x4df
 579 01b1 97000000 		.4byte	0x97
 580 01b5 02       		.byte	0x2
 581 01b6 23       		.byte	0x23
 582 01b7 16       		.uleb128 0x16
 583 01b8 0C       		.uleb128 0xc
 584 01b9 00000000 		.4byte	.LASF27
 585 01bd 04       		.byte	0x4
 586 01be E004     		.2byte	0x4e0
 587 01c0 B4000000 		.4byte	0xb4
 588 01c4 02       		.byte	0x2
 589 01c5 23       		.byte	0x23
 590 01c6 18       		.uleb128 0x18
 591 01c7 0C       		.uleb128 0xc
 592 01c8 A6020000 		.4byte	.LASF28
 593 01cc 04       		.byte	0x4
 594 01cd E104     		.2byte	0x4e1
 595 01cf 97000000 		.4byte	0x97
 596 01d3 02       		.byte	0x2
 597 01d4 23       		.byte	0x23
 598 01d5 1A       		.uleb128 0x1a
 599 01d6 00       		.byte	0
 600 01d7 09       		.uleb128 0x9
 601 01d8 43000000 		.4byte	.LASF29
 602 01dc 04       		.byte	0x4
 603 01dd E204     		.2byte	0x4e2
ARM GAS  /var/folders/yt/6z6x8bjn5sjf5fbb45bk5m4c0000gn/T//ccX50q5d.s 			page 15


 604 01df FD000000 		.4byte	0xfd
 605 01e3 0D       		.uleb128 0xd
 606 01e4 04       		.byte	0x4
 607 01e5 03       		.uleb128 0x3
 608 01e6 FB010000 		.4byte	.LASF30
 609 01ea 05       		.byte	0x5
 610 01eb 62       		.byte	0x62
 611 01ec 57000000 		.4byte	0x57
 612 01f0 02       		.uleb128 0x2
 613 01f1 01       		.byte	0x1
 614 01f2 08       		.byte	0x8
 615 01f3 53020000 		.4byte	.LASF31
 616 01f7 03       		.uleb128 0x3
 617 01f8 5B010000 		.4byte	.LASF32
 618 01fc 06       		.byte	0x6
 619 01fd 58       		.byte	0x58
 620 01fe E3010000 		.4byte	0x1e3
 621 0202 0E       		.uleb128 0xe
 622 0203 01       		.byte	0x1
 623 0204 21000000 		.4byte	.LASF33
 624 0208 01       		.byte	0x1
 625 0209 2F       		.byte	0x2f
 626 020a 01       		.byte	0x1
 627 020b 00000000 		.4byte	.LFB34
 628 020f 02000000 		.4byte	.LFE34
 629 0213 02       		.byte	0x2
 630 0214 7D       		.byte	0x7d
 631 0215 00       		.sleb128 0
 632 0216 01       		.byte	0x1
 633 0217 0E       		.uleb128 0xe
 634 0218 01       		.byte	0x1
 635 0219 2D010000 		.4byte	.LASF34
 636 021d 01       		.byte	0x1
 637 021e 38       		.byte	0x38
 638 021f 01       		.byte	0x1
 639 0220 02000000 		.4byte	.LFB35
 640 0224 04000000 		.4byte	.LFE35
 641 0228 02       		.byte	0x2
 642 0229 7D       		.byte	0x7d
 643 022a 00       		.sleb128 0
 644 022b 01       		.byte	0x1
 645 022c 0E       		.uleb128 0xe
 646 022d 01       		.byte	0x1
 647 022e 54030000 		.4byte	.LASF35
 648 0232 01       		.byte	0x1
 649 0233 45       		.byte	0x45
 650 0234 01       		.byte	0x1
 651 0235 04000000 		.4byte	.LFB36
 652 0239 06000000 		.4byte	.LFE36
 653 023d 02       		.byte	0x2
 654 023e 7D       		.byte	0x7d
 655 023f 00       		.sleb128 0
 656 0240 01       		.byte	0x1
 657 0241 0E       		.uleb128 0xe
 658 0242 01       		.byte	0x1
 659 0243 E7020000 		.4byte	.LASF36
 660 0247 01       		.byte	0x1
ARM GAS  /var/folders/yt/6z6x8bjn5sjf5fbb45bk5m4c0000gn/T//ccX50q5d.s 			page 16


 661 0248 52       		.byte	0x52
 662 0249 01       		.byte	0x1
 663 024a 06000000 		.4byte	.LFB37
 664 024e 08000000 		.4byte	.LFE37
 665 0252 02       		.byte	0x2
 666 0253 7D       		.byte	0x7d
 667 0254 00       		.sleb128 0
 668 0255 01       		.byte	0x1
 669 0256 0E       		.uleb128 0xe
 670 0257 01       		.byte	0x1
 671 0258 05000000 		.4byte	.LASF37
 672 025c 01       		.byte	0x1
 673 025d 5F       		.byte	0x5f
 674 025e 01       		.byte	0x1
 675 025f 08000000 		.4byte	.LFB38
 676 0263 0A000000 		.4byte	.LFE38
 677 0267 02       		.byte	0x2
 678 0268 7D       		.byte	0x7d
 679 0269 00       		.sleb128 0
 680 026a 01       		.byte	0x1
 681 026b 0E       		.uleb128 0xe
 682 026c 01       		.byte	0x1
 683 026d 77010000 		.4byte	.LASF38
 684 0271 01       		.byte	0x1
 685 0272 75       		.byte	0x75
 686 0273 01       		.byte	0x1
 687 0274 0A000000 		.4byte	.LFB39
 688 0278 0C000000 		.4byte	.LFE39
 689 027c 02       		.byte	0x2
 690 027d 7D       		.byte	0x7d
 691 027e 00       		.sleb128 0
 692 027f 01       		.byte	0x1
 693 0280 0E       		.uleb128 0xe
 694 0281 01       		.byte	0x1
 695 0282 43030000 		.4byte	.LASF39
 696 0286 01       		.byte	0x1
 697 0287 9A       		.byte	0x9a
 698 0288 01       		.byte	0x1
 699 0289 0C000000 		.4byte	.LFB40
 700 028d 0E000000 		.4byte	.LFE40
 701 0291 02       		.byte	0x2
 702 0292 7D       		.byte	0x7d
 703 0293 00       		.sleb128 0
 704 0294 01       		.byte	0x1
 705 0295 0E       		.uleb128 0xe
 706 0296 01       		.byte	0x1
 707 0297 88010000 		.4byte	.LASF40
 708 029b 01       		.byte	0x1
 709 029c 9E       		.byte	0x9e
 710 029d 01       		.byte	0x1
 711 029e 0E000000 		.4byte	.LFB41
 712 02a2 10000000 		.4byte	.LFE41
 713 02a6 02       		.byte	0x2
 714 02a7 7D       		.byte	0x7d
 715 02a8 00       		.sleb128 0
 716 02a9 01       		.byte	0x1
 717 02aa 0E       		.uleb128 0xe
ARM GAS  /var/folders/yt/6z6x8bjn5sjf5fbb45bk5m4c0000gn/T//ccX50q5d.s 			page 17


 718 02ab 01       		.byte	0x1
 719 02ac 99010000 		.4byte	.LASF41
 720 02b0 01       		.byte	0x1
 721 02b1 A2       		.byte	0xa2
 722 02b2 01       		.byte	0x1
 723 02b3 10000000 		.4byte	.LFB42
 724 02b7 12000000 		.4byte	.LFE42
 725 02bb 02       		.byte	0x2
 726 02bc 7D       		.byte	0x7d
 727 02bd 00       		.sleb128 0
 728 02be 01       		.byte	0x1
 729 02bf 0E       		.uleb128 0xe
 730 02c0 01       		.byte	0x1
 731 02c1 66030000 		.4byte	.LASF42
 732 02c5 01       		.byte	0x1
 733 02c6 A6       		.byte	0xa6
 734 02c7 01       		.byte	0x1
 735 02c8 12000000 		.4byte	.LFB43
 736 02cc 14000000 		.4byte	.LFE43
 737 02d0 02       		.byte	0x2
 738 02d1 7D       		.byte	0x7d
 739 02d2 00       		.sleb128 0
 740 02d3 01       		.byte	0x1
 741 02d4 0F       		.uleb128 0xf
 742 02d5 01       		.byte	0x1
 743 02d6 CF020000 		.4byte	.LASF54
 744 02da 01       		.byte	0x1
 745 02db AA       		.byte	0xaa
 746 02dc 01       		.byte	0x1
 747 02dd 14000000 		.4byte	.LFB44
 748 02e1 98000000 		.4byte	.LFE44
 749 02e5 00000000 		.4byte	.LLST0
 750 02e9 01       		.byte	0x1
 751 02ea BF030000 		.4byte	0x3bf
 752 02ee 10       		.uleb128 0x10
 753 02ef C3010000 		.4byte	.LASF43
 754 02f3 01       		.byte	0x1
 755 02f4 AC       		.byte	0xac
 756 02f5 57000000 		.4byte	0x57
 757 02f9 02       		.byte	0x2
 758 02fa 91       		.byte	0x91
 759 02fb 74       		.sleb128 -12
 760 02fc 11       		.uleb128 0x11
 761 02fd 636800   		.ascii	"ch\000"
 762 0300 01       		.byte	0x1
 763 0301 AD       		.byte	0xad
 764 0302 8C000000 		.4byte	0x8c
 765 0306 02       		.byte	0x2
 766 0307 91       		.byte	0x91
 767 0308 73       		.sleb128 -13
 768 0309 12       		.uleb128 0x12
 769 030a 24000000 		.4byte	.LVL0
 770 030e EC030000 		.4byte	0x3ec
 771 0312 27030000 		.4byte	0x327
 772 0316 13       		.uleb128 0x13
 773 0317 01       		.byte	0x1
 774 0318 51       		.byte	0x51
ARM GAS  /var/folders/yt/6z6x8bjn5sjf5fbb45bk5m4c0000gn/T//ccX50q5d.s 			page 18


 775 0319 03       		.byte	0x3
 776 031a 0A       		.byte	0xa
 777 031b 2505     		.2byte	0x525
 778 031d 13       		.uleb128 0x13
 779 031e 01       		.byte	0x1
 780 031f 50       		.byte	0x50
 781 0320 05       		.byte	0x5
 782 0321 0C       		.byte	0xc
 783 0322 00380140 		.4byte	0x40013800
 784 0326 00       		.byte	0
 785 0327 12       		.uleb128 0x12
 786 0328 2C000000 		.4byte	.LVL1
 787 032c 10040000 		.4byte	0x410
 788 0330 3E030000 		.4byte	0x33e
 789 0334 13       		.uleb128 0x13
 790 0335 01       		.byte	0x1
 791 0336 50       		.byte	0x50
 792 0337 05       		.byte	0x5
 793 0338 0C       		.byte	0xc
 794 0339 00380140 		.4byte	0x40013800
 795 033d 00       		.byte	0
 796 033e 12       		.uleb128 0x12
 797 033f 3E000000 		.4byte	.LVL2
 798 0343 29040000 		.4byte	0x429
 799 0347 5E030000 		.4byte	0x35e
 800 034b 13       		.uleb128 0x13
 801 034c 01       		.byte	0x1
 802 034d 53       		.byte	0x53
 803 034e 02       		.byte	0x2
 804 034f 74       		.byte	0x74
 805 0350 00       		.sleb128 0
 806 0351 13       		.uleb128 0x13
 807 0352 01       		.byte	0x1
 808 0353 52       		.byte	0x52
 809 0354 02       		.byte	0x2
 810 0355 91       		.byte	0x91
 811 0356 74       		.sleb128 -12
 812 0357 13       		.uleb128 0x13
 813 0358 01       		.byte	0x1
 814 0359 51       		.byte	0x51
 815 035a 02       		.byte	0x2
 816 035b 91       		.byte	0x91
 817 035c 73       		.sleb128 -13
 818 035d 00       		.byte	0
 819 035e 12       		.uleb128 0x12
 820 035f 48000000 		.4byte	.LVL3
 821 0363 EC030000 		.4byte	0x3ec
 822 0367 7C030000 		.4byte	0x37c
 823 036b 13       		.uleb128 0x13
 824 036c 01       		.byte	0x1
 825 036d 51       		.byte	0x51
 826 036e 03       		.byte	0x3
 827 036f 0A       		.byte	0xa
 828 0370 2707     		.2byte	0x727
 829 0372 13       		.uleb128 0x13
 830 0373 01       		.byte	0x1
 831 0374 50       		.byte	0x50
ARM GAS  /var/folders/yt/6z6x8bjn5sjf5fbb45bk5m4c0000gn/T//ccX50q5d.s 			page 19


 832 0375 05       		.byte	0x5
 833 0376 0C       		.byte	0xc
 834 0377 00380140 		.4byte	0x40013800
 835 037b 00       		.byte	0
 836 037c 12       		.uleb128 0x12
 837 037d 58000000 		.4byte	.LVL4
 838 0381 6D040000 		.4byte	0x46d
 839 0385 96030000 		.4byte	0x396
 840 0389 13       		.uleb128 0x13
 841 038a 01       		.byte	0x1
 842 038b 52       		.byte	0x52
 843 038c 02       		.byte	0x2
 844 038d 91       		.byte	0x91
 845 038e 74       		.sleb128 -12
 846 038f 13       		.uleb128 0x13
 847 0390 01       		.byte	0x1
 848 0391 51       		.byte	0x51
 849 0392 02       		.byte	0x2
 850 0393 91       		.byte	0x91
 851 0394 73       		.sleb128 -13
 852 0395 00       		.byte	0
 853 0396 12       		.uleb128 0x12
 854 0397 66000000 		.4byte	.LVL5
 855 039b 95040000 		.4byte	0x495
 856 039f AD030000 		.4byte	0x3ad
 857 03a3 13       		.uleb128 0x13
 858 03a4 01       		.byte	0x1
 859 03a5 50       		.byte	0x50
 860 03a6 05       		.byte	0x5
 861 03a7 0C       		.byte	0xc
 862 03a8 00380140 		.4byte	0x40013800
 863 03ac 00       		.byte	0
 864 03ad 14       		.uleb128 0x14
 865 03ae 70000000 		.4byte	.LVL6
 866 03b2 AF040000 		.4byte	0x4af
 867 03b6 13       		.uleb128 0x13
 868 03b7 01       		.byte	0x1
 869 03b8 51       		.byte	0x51
 870 03b9 03       		.byte	0x3
 871 03ba 0A       		.byte	0xa
 872 03bb 2707     		.2byte	0x727
 873 03bd 00       		.byte	0
 874 03be 00       		.byte	0
 875 03bf 15       		.uleb128 0x15
 876 03c0 7B030000 		.4byte	.LASF44
 877 03c4 07       		.byte	0x7
 878 03c5 CF06     		.2byte	0x6cf
 879 03c7 CD030000 		.4byte	0x3cd
 880 03cb 01       		.byte	0x1
 881 03cc 01       		.byte	0x1
 882 03cd 05       		.uleb128 0x5
 883 03ce 7E000000 		.4byte	0x7e
 884 03d2 16       		.uleb128 0x16
 885 03d3 29030000 		.4byte	.LASF45
 886 03d7 08       		.byte	0x8
 887 03d8 16       		.byte	0x16
 888 03d9 F7010000 		.4byte	0x1f7
ARM GAS  /var/folders/yt/6z6x8bjn5sjf5fbb45bk5m4c0000gn/T//ccX50q5d.s 			page 20


 889 03dd 01       		.byte	0x1
 890 03de 01       		.byte	0x1
 891 03df 16       		.uleb128 0x16
 892 03e0 88030000 		.4byte	.LASF46
 893 03e4 08       		.byte	0x8
 894 03e5 16       		.byte	0x16
 895 03e6 F7010000 		.4byte	0x1f7
 896 03ea 01       		.byte	0x1
 897 03eb 01       		.byte	0x1
 898 03ec 17       		.uleb128 0x17
 899 03ed 01       		.byte	0x1
 900 03ee 58020000 		.4byte	.LASF47
 901 03f2 09       		.byte	0x9
 902 03f3 8801     		.2byte	0x188
 903 03f5 01       		.byte	0x1
 904 03f6 CF000000 		.4byte	0xcf
 905 03fa 01       		.byte	0x1
 906 03fb 0A040000 		.4byte	0x40a
 907 03ff 18       		.uleb128 0x18
 908 0400 0A040000 		.4byte	0x40a
 909 0404 18       		.uleb128 0x18
 910 0405 97000000 		.4byte	0x97
 911 0409 00       		.byte	0
 912 040a 19       		.uleb128 0x19
 913 040b 04       		.byte	0x4
 914 040c D7010000 		.4byte	0x1d7
 915 0410 17       		.uleb128 0x17
 916 0411 01       		.byte	0x1
 917 0412 31030000 		.4byte	.LASF48
 918 0416 09       		.byte	0x9
 919 0417 7B01     		.2byte	0x17b
 920 0419 01       		.byte	0x1
 921 041a 97000000 		.4byte	0x97
 922 041e 01       		.byte	0x1
 923 041f 29040000 		.4byte	0x429
 924 0423 18       		.uleb128 0x18
 925 0424 0A040000 		.4byte	0x40a
 926 0428 00       		.byte	0
 927 0429 17       		.uleb128 0x17
 928 042a 01       		.byte	0x1
 929 042b 3A020000 		.4byte	.LASF49
 930 042f 06       		.byte	0x6
 931 0430 A005     		.2byte	0x5a0
 932 0432 01       		.byte	0x1
 933 0433 E5010000 		.4byte	0x1e5
 934 0437 01       		.byte	0x1
 935 0438 51040000 		.4byte	0x451
 936 043c 18       		.uleb128 0x18
 937 043d F7010000 		.4byte	0x1f7
 938 0441 18       		.uleb128 0x18
 939 0442 51040000 		.4byte	0x451
 940 0446 18       		.uleb128 0x18
 941 0447 5D040000 		.4byte	0x45d
 942 044b 18       		.uleb128 0x18
 943 044c 68040000 		.4byte	0x468
 944 0450 00       		.byte	0
 945 0451 1A       		.uleb128 0x1a
ARM GAS  /var/folders/yt/6z6x8bjn5sjf5fbb45bk5m4c0000gn/T//ccX50q5d.s 			page 21


 946 0452 56040000 		.4byte	0x456
 947 0456 19       		.uleb128 0x19
 948 0457 04       		.byte	0x4
 949 0458 5C040000 		.4byte	0x45c
 950 045c 1B       		.uleb128 0x1b
 951 045d 1A       		.uleb128 0x1a
 952 045e 62040000 		.4byte	0x462
 953 0462 19       		.uleb128 0x19
 954 0463 04       		.byte	0x4
 955 0464 E5010000 		.4byte	0x1e5
 956 0468 1A       		.uleb128 0x1a
 957 0469 E5010000 		.4byte	0x1e5
 958 046d 17       		.uleb128 0x17
 959 046e 01       		.byte	0x1
 960 046f F6000000 		.4byte	.LASF50
 961 0473 06       		.byte	0x6
 962 0474 FA05     		.2byte	0x5fa
 963 0476 01       		.byte	0x1
 964 0477 E5010000 		.4byte	0x1e5
 965 047b 01       		.byte	0x1
 966 047c 90040000 		.4byte	0x490
 967 0480 18       		.uleb128 0x18
 968 0481 F7010000 		.4byte	0x1f7
 969 0485 18       		.uleb128 0x18
 970 0486 90040000 		.4byte	0x490
 971 048a 18       		.uleb128 0x18
 972 048b 5D040000 		.4byte	0x45d
 973 048f 00       		.byte	0
 974 0490 1A       		.uleb128 0x1a
 975 0491 E3010000 		.4byte	0x1e3
 976 0495 1C       		.uleb128 0x1c
 977 0496 01       		.byte	0x1
 978 0497 DF000000 		.4byte	.LASF55
 979 049b 09       		.byte	0x9
 980 049c 7A01     		.2byte	0x17a
 981 049e 01       		.byte	0x1
 982 049f 01       		.byte	0x1
 983 04a0 AF040000 		.4byte	0x4af
 984 04a4 18       		.uleb128 0x18
 985 04a5 0A040000 		.4byte	0x40a
 986 04a9 18       		.uleb128 0x18
 987 04aa 97000000 		.4byte	0x97
 988 04ae 00       		.byte	0
 989 04af 1D       		.uleb128 0x1d
 990 04b0 01       		.byte	0x1
 991 04b1 18020000 		.4byte	.LASF56
 992 04b5 09       		.byte	0x9
 993 04b6 7301     		.2byte	0x173
 994 04b8 01       		.byte	0x1
 995 04b9 01       		.byte	0x1
 996 04ba 18       		.uleb128 0x18
 997 04bb 0A040000 		.4byte	0x40a
 998 04bf 18       		.uleb128 0x18
 999 04c0 97000000 		.4byte	0x97
 1000 04c4 18       		.uleb128 0x18
 1001 04c5 F1000000 		.4byte	0xf1
 1002 04c9 00       		.byte	0
ARM GAS  /var/folders/yt/6z6x8bjn5sjf5fbb45bk5m4c0000gn/T//ccX50q5d.s 			page 22


 1003 04ca 00       		.byte	0
 1004              		.section	.debug_abbrev,"",%progbits
 1005              	.Ldebug_abbrev0:
 1006 0000 01       		.uleb128 0x1
 1007 0001 11       		.uleb128 0x11
 1008 0002 01       		.byte	0x1
 1009 0003 25       		.uleb128 0x25
 1010 0004 0E       		.uleb128 0xe
 1011 0005 13       		.uleb128 0x13
 1012 0006 0B       		.uleb128 0xb
 1013 0007 03       		.uleb128 0x3
 1014 0008 0E       		.uleb128 0xe
 1015 0009 1B       		.uleb128 0x1b
 1016 000a 0E       		.uleb128 0xe
 1017 000b 11       		.uleb128 0x11
 1018 000c 01       		.uleb128 0x1
 1019 000d 12       		.uleb128 0x12
 1020 000e 01       		.uleb128 0x1
 1021 000f 10       		.uleb128 0x10
 1022 0010 06       		.uleb128 0x6
 1023 0011 00       		.byte	0
 1024 0012 00       		.byte	0
 1025 0013 02       		.uleb128 0x2
 1026 0014 24       		.uleb128 0x24
 1027 0015 00       		.byte	0
 1028 0016 0B       		.uleb128 0xb
 1029 0017 0B       		.uleb128 0xb
 1030 0018 3E       		.uleb128 0x3e
 1031 0019 0B       		.uleb128 0xb
 1032 001a 03       		.uleb128 0x3
 1033 001b 0E       		.uleb128 0xe
 1034 001c 00       		.byte	0
 1035 001d 00       		.byte	0
 1036 001e 03       		.uleb128 0x3
 1037 001f 16       		.uleb128 0x16
 1038 0020 00       		.byte	0
 1039 0021 03       		.uleb128 0x3
 1040 0022 0E       		.uleb128 0xe
 1041 0023 3A       		.uleb128 0x3a
 1042 0024 0B       		.uleb128 0xb
 1043 0025 3B       		.uleb128 0x3b
 1044 0026 0B       		.uleb128 0xb
 1045 0027 49       		.uleb128 0x49
 1046 0028 13       		.uleb128 0x13
 1047 0029 00       		.byte	0
 1048 002a 00       		.byte	0
 1049 002b 04       		.uleb128 0x4
 1050 002c 24       		.uleb128 0x24
 1051 002d 00       		.byte	0
 1052 002e 0B       		.uleb128 0xb
 1053 002f 0B       		.uleb128 0xb
 1054 0030 3E       		.uleb128 0x3e
 1055 0031 0B       		.uleb128 0xb
 1056 0032 03       		.uleb128 0x3
 1057 0033 08       		.uleb128 0x8
 1058 0034 00       		.byte	0
 1059 0035 00       		.byte	0
ARM GAS  /var/folders/yt/6z6x8bjn5sjf5fbb45bk5m4c0000gn/T//ccX50q5d.s 			page 23


 1060 0036 05       		.uleb128 0x5
 1061 0037 35       		.uleb128 0x35
 1062 0038 00       		.byte	0
 1063 0039 49       		.uleb128 0x49
 1064 003a 13       		.uleb128 0x13
 1065 003b 00       		.byte	0
 1066 003c 00       		.byte	0
 1067 003d 06       		.uleb128 0x6
 1068 003e 04       		.uleb128 0x4
 1069 003f 01       		.byte	0x1
 1070 0040 0B       		.uleb128 0xb
 1071 0041 0B       		.uleb128 0xb
 1072 0042 3A       		.uleb128 0x3a
 1073 0043 0B       		.uleb128 0xb
 1074 0044 3B       		.uleb128 0x3b
 1075 0045 05       		.uleb128 0x5
 1076 0046 01       		.uleb128 0x1
 1077 0047 13       		.uleb128 0x13
 1078 0048 00       		.byte	0
 1079 0049 00       		.byte	0
 1080 004a 07       		.uleb128 0x7
 1081 004b 28       		.uleb128 0x28
 1082 004c 00       		.byte	0
 1083 004d 03       		.uleb128 0x3
 1084 004e 0E       		.uleb128 0xe
 1085 004f 1C       		.uleb128 0x1c
 1086 0050 0D       		.uleb128 0xd
 1087 0051 00       		.byte	0
 1088 0052 00       		.byte	0
 1089 0053 08       		.uleb128 0x8
 1090 0054 28       		.uleb128 0x28
 1091 0055 00       		.byte	0
 1092 0056 03       		.uleb128 0x3
 1093 0057 08       		.uleb128 0x8
 1094 0058 1C       		.uleb128 0x1c
 1095 0059 0D       		.uleb128 0xd
 1096 005a 00       		.byte	0
 1097 005b 00       		.byte	0
 1098 005c 09       		.uleb128 0x9
 1099 005d 16       		.uleb128 0x16
 1100 005e 00       		.byte	0
 1101 005f 03       		.uleb128 0x3
 1102 0060 0E       		.uleb128 0xe
 1103 0061 3A       		.uleb128 0x3a
 1104 0062 0B       		.uleb128 0xb
 1105 0063 3B       		.uleb128 0x3b
 1106 0064 05       		.uleb128 0x5
 1107 0065 49       		.uleb128 0x49
 1108 0066 13       		.uleb128 0x13
 1109 0067 00       		.byte	0
 1110 0068 00       		.byte	0
 1111 0069 0A       		.uleb128 0xa
 1112 006a 13       		.uleb128 0x13
 1113 006b 01       		.byte	0x1
 1114 006c 0B       		.uleb128 0xb
 1115 006d 0B       		.uleb128 0xb
 1116 006e 3A       		.uleb128 0x3a
ARM GAS  /var/folders/yt/6z6x8bjn5sjf5fbb45bk5m4c0000gn/T//ccX50q5d.s 			page 24


 1117 006f 0B       		.uleb128 0xb
 1118 0070 3B       		.uleb128 0x3b
 1119 0071 05       		.uleb128 0x5
 1120 0072 01       		.uleb128 0x1
 1121 0073 13       		.uleb128 0x13
 1122 0074 00       		.byte	0
 1123 0075 00       		.byte	0
 1124 0076 0B       		.uleb128 0xb
 1125 0077 0D       		.uleb128 0xd
 1126 0078 00       		.byte	0
 1127 0079 03       		.uleb128 0x3
 1128 007a 08       		.uleb128 0x8
 1129 007b 3A       		.uleb128 0x3a
 1130 007c 0B       		.uleb128 0xb
 1131 007d 3B       		.uleb128 0x3b
 1132 007e 05       		.uleb128 0x5
 1133 007f 49       		.uleb128 0x49
 1134 0080 13       		.uleb128 0x13
 1135 0081 38       		.uleb128 0x38
 1136 0082 0A       		.uleb128 0xa
 1137 0083 00       		.byte	0
 1138 0084 00       		.byte	0
 1139 0085 0C       		.uleb128 0xc
 1140 0086 0D       		.uleb128 0xd
 1141 0087 00       		.byte	0
 1142 0088 03       		.uleb128 0x3
 1143 0089 0E       		.uleb128 0xe
 1144 008a 3A       		.uleb128 0x3a
 1145 008b 0B       		.uleb128 0xb
 1146 008c 3B       		.uleb128 0x3b
 1147 008d 05       		.uleb128 0x5
 1148 008e 49       		.uleb128 0x49
 1149 008f 13       		.uleb128 0x13
 1150 0090 38       		.uleb128 0x38
 1151 0091 0A       		.uleb128 0xa
 1152 0092 00       		.byte	0
 1153 0093 00       		.byte	0
 1154 0094 0D       		.uleb128 0xd
 1155 0095 0F       		.uleb128 0xf
 1156 0096 00       		.byte	0
 1157 0097 0B       		.uleb128 0xb
 1158 0098 0B       		.uleb128 0xb
 1159 0099 00       		.byte	0
 1160 009a 00       		.byte	0
 1161 009b 0E       		.uleb128 0xe
 1162 009c 2E       		.uleb128 0x2e
 1163 009d 00       		.byte	0
 1164 009e 3F       		.uleb128 0x3f
 1165 009f 0C       		.uleb128 0xc
 1166 00a0 03       		.uleb128 0x3
 1167 00a1 0E       		.uleb128 0xe
 1168 00a2 3A       		.uleb128 0x3a
 1169 00a3 0B       		.uleb128 0xb
 1170 00a4 3B       		.uleb128 0x3b
 1171 00a5 0B       		.uleb128 0xb
 1172 00a6 27       		.uleb128 0x27
 1173 00a7 0C       		.uleb128 0xc
ARM GAS  /var/folders/yt/6z6x8bjn5sjf5fbb45bk5m4c0000gn/T//ccX50q5d.s 			page 25


 1174 00a8 11       		.uleb128 0x11
 1175 00a9 01       		.uleb128 0x1
 1176 00aa 12       		.uleb128 0x12
 1177 00ab 01       		.uleb128 0x1
 1178 00ac 40       		.uleb128 0x40
 1179 00ad 0A       		.uleb128 0xa
 1180 00ae 9742     		.uleb128 0x2117
 1181 00b0 0C       		.uleb128 0xc
 1182 00b1 00       		.byte	0
 1183 00b2 00       		.byte	0
 1184 00b3 0F       		.uleb128 0xf
 1185 00b4 2E       		.uleb128 0x2e
 1186 00b5 01       		.byte	0x1
 1187 00b6 3F       		.uleb128 0x3f
 1188 00b7 0C       		.uleb128 0xc
 1189 00b8 03       		.uleb128 0x3
 1190 00b9 0E       		.uleb128 0xe
 1191 00ba 3A       		.uleb128 0x3a
 1192 00bb 0B       		.uleb128 0xb
 1193 00bc 3B       		.uleb128 0x3b
 1194 00bd 0B       		.uleb128 0xb
 1195 00be 27       		.uleb128 0x27
 1196 00bf 0C       		.uleb128 0xc
 1197 00c0 11       		.uleb128 0x11
 1198 00c1 01       		.uleb128 0x1
 1199 00c2 12       		.uleb128 0x12
 1200 00c3 01       		.uleb128 0x1
 1201 00c4 40       		.uleb128 0x40
 1202 00c5 06       		.uleb128 0x6
 1203 00c6 9742     		.uleb128 0x2117
 1204 00c8 0C       		.uleb128 0xc
 1205 00c9 01       		.uleb128 0x1
 1206 00ca 13       		.uleb128 0x13
 1207 00cb 00       		.byte	0
 1208 00cc 00       		.byte	0
 1209 00cd 10       		.uleb128 0x10
 1210 00ce 34       		.uleb128 0x34
 1211 00cf 00       		.byte	0
 1212 00d0 03       		.uleb128 0x3
 1213 00d1 0E       		.uleb128 0xe
 1214 00d2 3A       		.uleb128 0x3a
 1215 00d3 0B       		.uleb128 0xb
 1216 00d4 3B       		.uleb128 0x3b
 1217 00d5 0B       		.uleb128 0xb
 1218 00d6 49       		.uleb128 0x49
 1219 00d7 13       		.uleb128 0x13
 1220 00d8 02       		.uleb128 0x2
 1221 00d9 0A       		.uleb128 0xa
 1222 00da 00       		.byte	0
 1223 00db 00       		.byte	0
 1224 00dc 11       		.uleb128 0x11
 1225 00dd 34       		.uleb128 0x34
 1226 00de 00       		.byte	0
 1227 00df 03       		.uleb128 0x3
 1228 00e0 08       		.uleb128 0x8
 1229 00e1 3A       		.uleb128 0x3a
 1230 00e2 0B       		.uleb128 0xb
ARM GAS  /var/folders/yt/6z6x8bjn5sjf5fbb45bk5m4c0000gn/T//ccX50q5d.s 			page 26


 1231 00e3 3B       		.uleb128 0x3b
 1232 00e4 0B       		.uleb128 0xb
 1233 00e5 49       		.uleb128 0x49
 1234 00e6 13       		.uleb128 0x13
 1235 00e7 02       		.uleb128 0x2
 1236 00e8 0A       		.uleb128 0xa
 1237 00e9 00       		.byte	0
 1238 00ea 00       		.byte	0
 1239 00eb 12       		.uleb128 0x12
 1240 00ec 898201   		.uleb128 0x4109
 1241 00ef 01       		.byte	0x1
 1242 00f0 11       		.uleb128 0x11
 1243 00f1 01       		.uleb128 0x1
 1244 00f2 31       		.uleb128 0x31
 1245 00f3 13       		.uleb128 0x13
 1246 00f4 01       		.uleb128 0x1
 1247 00f5 13       		.uleb128 0x13
 1248 00f6 00       		.byte	0
 1249 00f7 00       		.byte	0
 1250 00f8 13       		.uleb128 0x13
 1251 00f9 8A8201   		.uleb128 0x410a
 1252 00fc 00       		.byte	0
 1253 00fd 02       		.uleb128 0x2
 1254 00fe 0A       		.uleb128 0xa
 1255 00ff 9142     		.uleb128 0x2111
 1256 0101 0A       		.uleb128 0xa
 1257 0102 00       		.byte	0
 1258 0103 00       		.byte	0
 1259 0104 14       		.uleb128 0x14
 1260 0105 898201   		.uleb128 0x4109
 1261 0108 01       		.byte	0x1
 1262 0109 11       		.uleb128 0x11
 1263 010a 01       		.uleb128 0x1
 1264 010b 31       		.uleb128 0x31
 1265 010c 13       		.uleb128 0x13
 1266 010d 00       		.byte	0
 1267 010e 00       		.byte	0
 1268 010f 15       		.uleb128 0x15
 1269 0110 34       		.uleb128 0x34
 1270 0111 00       		.byte	0
 1271 0112 03       		.uleb128 0x3
 1272 0113 0E       		.uleb128 0xe
 1273 0114 3A       		.uleb128 0x3a
 1274 0115 0B       		.uleb128 0xb
 1275 0116 3B       		.uleb128 0x3b
 1276 0117 05       		.uleb128 0x5
 1277 0118 49       		.uleb128 0x49
 1278 0119 13       		.uleb128 0x13
 1279 011a 3F       		.uleb128 0x3f
 1280 011b 0C       		.uleb128 0xc
 1281 011c 3C       		.uleb128 0x3c
 1282 011d 0C       		.uleb128 0xc
 1283 011e 00       		.byte	0
 1284 011f 00       		.byte	0
 1285 0120 16       		.uleb128 0x16
 1286 0121 34       		.uleb128 0x34
 1287 0122 00       		.byte	0
ARM GAS  /var/folders/yt/6z6x8bjn5sjf5fbb45bk5m4c0000gn/T//ccX50q5d.s 			page 27


 1288 0123 03       		.uleb128 0x3
 1289 0124 0E       		.uleb128 0xe
 1290 0125 3A       		.uleb128 0x3a
 1291 0126 0B       		.uleb128 0xb
 1292 0127 3B       		.uleb128 0x3b
 1293 0128 0B       		.uleb128 0xb
 1294 0129 49       		.uleb128 0x49
 1295 012a 13       		.uleb128 0x13
 1296 012b 3F       		.uleb128 0x3f
 1297 012c 0C       		.uleb128 0xc
 1298 012d 3C       		.uleb128 0x3c
 1299 012e 0C       		.uleb128 0xc
 1300 012f 00       		.byte	0
 1301 0130 00       		.byte	0
 1302 0131 17       		.uleb128 0x17
 1303 0132 2E       		.uleb128 0x2e
 1304 0133 01       		.byte	0x1
 1305 0134 3F       		.uleb128 0x3f
 1306 0135 0C       		.uleb128 0xc
 1307 0136 03       		.uleb128 0x3
 1308 0137 0E       		.uleb128 0xe
 1309 0138 3A       		.uleb128 0x3a
 1310 0139 0B       		.uleb128 0xb
 1311 013a 3B       		.uleb128 0x3b
 1312 013b 05       		.uleb128 0x5
 1313 013c 27       		.uleb128 0x27
 1314 013d 0C       		.uleb128 0xc
 1315 013e 49       		.uleb128 0x49
 1316 013f 13       		.uleb128 0x13
 1317 0140 3C       		.uleb128 0x3c
 1318 0141 0C       		.uleb128 0xc
 1319 0142 01       		.uleb128 0x1
 1320 0143 13       		.uleb128 0x13
 1321 0144 00       		.byte	0
 1322 0145 00       		.byte	0
 1323 0146 18       		.uleb128 0x18
 1324 0147 05       		.uleb128 0x5
 1325 0148 00       		.byte	0
 1326 0149 49       		.uleb128 0x49
 1327 014a 13       		.uleb128 0x13
 1328 014b 00       		.byte	0
 1329 014c 00       		.byte	0
 1330 014d 19       		.uleb128 0x19
 1331 014e 0F       		.uleb128 0xf
 1332 014f 00       		.byte	0
 1333 0150 0B       		.uleb128 0xb
 1334 0151 0B       		.uleb128 0xb
 1335 0152 49       		.uleb128 0x49
 1336 0153 13       		.uleb128 0x13
 1337 0154 00       		.byte	0
 1338 0155 00       		.byte	0
 1339 0156 1A       		.uleb128 0x1a
 1340 0157 26       		.uleb128 0x26
 1341 0158 00       		.byte	0
 1342 0159 49       		.uleb128 0x49
 1343 015a 13       		.uleb128 0x13
 1344 015b 00       		.byte	0
ARM GAS  /var/folders/yt/6z6x8bjn5sjf5fbb45bk5m4c0000gn/T//ccX50q5d.s 			page 28


 1345 015c 00       		.byte	0
 1346 015d 1B       		.uleb128 0x1b
 1347 015e 26       		.uleb128 0x26
 1348 015f 00       		.byte	0
 1349 0160 00       		.byte	0
 1350 0161 00       		.byte	0
 1351 0162 1C       		.uleb128 0x1c
 1352 0163 2E       		.uleb128 0x2e
 1353 0164 01       		.byte	0x1
 1354 0165 3F       		.uleb128 0x3f
 1355 0166 0C       		.uleb128 0xc
 1356 0167 03       		.uleb128 0x3
 1357 0168 0E       		.uleb128 0xe
 1358 0169 3A       		.uleb128 0x3a
 1359 016a 0B       		.uleb128 0xb
 1360 016b 3B       		.uleb128 0x3b
 1361 016c 05       		.uleb128 0x5
 1362 016d 27       		.uleb128 0x27
 1363 016e 0C       		.uleb128 0xc
 1364 016f 3C       		.uleb128 0x3c
 1365 0170 0C       		.uleb128 0xc
 1366 0171 01       		.uleb128 0x1
 1367 0172 13       		.uleb128 0x13
 1368 0173 00       		.byte	0
 1369 0174 00       		.byte	0
 1370 0175 1D       		.uleb128 0x1d
 1371 0176 2E       		.uleb128 0x2e
 1372 0177 01       		.byte	0x1
 1373 0178 3F       		.uleb128 0x3f
 1374 0179 0C       		.uleb128 0xc
 1375 017a 03       		.uleb128 0x3
 1376 017b 0E       		.uleb128 0xe
 1377 017c 3A       		.uleb128 0x3a
 1378 017d 0B       		.uleb128 0xb
 1379 017e 3B       		.uleb128 0x3b
 1380 017f 05       		.uleb128 0x5
 1381 0180 27       		.uleb128 0x27
 1382 0181 0C       		.uleb128 0xc
 1383 0182 3C       		.uleb128 0x3c
 1384 0183 0C       		.uleb128 0xc
 1385 0184 00       		.byte	0
 1386 0185 00       		.byte	0
 1387 0186 00       		.byte	0
 1388              		.section	.debug_loc,"",%progbits
 1389              	.Ldebug_loc0:
 1390              	.LLST0:
 1391 0000 14000000 		.4byte	.LFB44-.Ltext0
 1392 0004 16000000 		.4byte	.LCFI0-.Ltext0
 1393 0008 0200     		.2byte	0x2
 1394 000a 7D       		.byte	0x7d
 1395 000b 00       		.sleb128 0
 1396 000c 16000000 		.4byte	.LCFI0-.Ltext0
 1397 0010 86000000 		.4byte	.LCFI1-.Ltext0
 1398 0014 0200     		.2byte	0x2
 1399 0016 7D       		.byte	0x7d
 1400 0017 10       		.sleb128 16
 1401 0018 86000000 		.4byte	.LCFI1-.Ltext0
ARM GAS  /var/folders/yt/6z6x8bjn5sjf5fbb45bk5m4c0000gn/T//ccX50q5d.s 			page 29


 1402 001c 98000000 		.4byte	.LFE44-.Ltext0
 1403 0020 0200     		.2byte	0x2
 1404 0022 7D       		.byte	0x7d
 1405 0023 08       		.sleb128 8
 1406 0024 00000000 		.4byte	0
 1407 0028 00000000 		.4byte	0
 1408              		.section	.debug_aranges,"",%progbits
 1409 0000 1C000000 		.4byte	0x1c
 1410 0004 0200     		.2byte	0x2
 1411 0006 00000000 		.4byte	.Ldebug_info0
 1412 000a 04       		.byte	0x4
 1413 000b 00       		.byte	0
 1414 000c 0000     		.2byte	0
 1415 000e 0000     		.2byte	0
 1416 0010 00000000 		.4byte	.Ltext0
 1417 0014 98000000 		.4byte	.Letext0-.Ltext0
 1418 0018 00000000 		.4byte	0
 1419 001c 00000000 		.4byte	0
 1420              		.section	.debug_line,"",%progbits
 1421              	.Ldebug_line0:
 1422 0000 5C020000 		.section	.debug_str,"MS",%progbits,1
 1422      02000502 
 1422      00000201 
 1422      FB0E0D00 
 1422      01010101 
 1423              	.LASF27:
 1424 0000 47545052 		.ascii	"GTPR\000"
 1424      00
 1425              	.LASF37:
 1426 0005 55736167 		.ascii	"UsageFault_Handler\000"
 1426      65466175 
 1426      6C745F48 
 1426      616E646C 
 1426      657200
 1427              	.LASF15:
 1428 0018 73697A65 		.ascii	"sizetype\000"
 1428      74797065 
 1428      00
 1429              	.LASF33:
 1430 0021 4E4D495F 		.ascii	"NMI_Handler\000"
 1430      48616E64 
 1430      6C657200 
 1431              	.LASF7:
 1432 002d 5F5F7569 		.ascii	"__uint32_t\000"
 1432      6E743332 
 1432      5F7400
 1433              	.LASF4:
 1434 0038 5F5F7569 		.ascii	"__uint16_t\000"
 1434      6E743136 
 1434      5F7400
 1435              	.LASF29:
 1436 0043 55534152 		.ascii	"USART_TypeDef\000"
 1436      545F5479 
 1436      70654465 
 1436      6600
 1437              	.LASF51:
 1438 0051 474E5520 		.ascii	"GNU C 4.9.3 20150529 (release) [ARM/embedded-4_9-br"
ARM GAS  /var/folders/yt/6z6x8bjn5sjf5fbb45bk5m4c0000gn/T//ccX50q5d.s 			page 30


 1438      4320342E 
 1438      392E3320 
 1438      32303135 
 1438      30353239 
 1439 0084 616E6368 		.ascii	"anch revision 227977] -mcpu=cortex-m3 -mthumb -gdwa"
 1439      20726576 
 1439      6973696F 
 1439      6E203232 
 1439      37393737 
 1440 00b7 72662D32 		.ascii	"rf-2 -Os -fomit-frame-pointer\000"
 1440      202D4F73 
 1440      202D666F 
 1440      6D69742D 
 1440      6672616D 
 1441              	.LASF2:
 1442 00d5 73686F72 		.ascii	"short int\000"
 1442      7420696E 
 1442      7400
 1443              	.LASF55:
 1444 00df 55534152 		.ascii	"USART_SendData\000"
 1444      545F5365 
 1444      6E644461 
 1444      746100
 1445              	.LASF12:
 1446 00ee 75696E74 		.ascii	"uint8_t\000"
 1446      385F7400 
 1447              	.LASF50:
 1448 00f6 78517565 		.ascii	"xQueueReceiveFromISR\000"
 1448      75655265 
 1448      63656976 
 1448      6546726F 
 1448      6D495352 
 1449              	.LASF18:
 1450 010b 44495341 		.ascii	"DISABLE\000"
 1450      424C4500 
 1451              	.LASF0:
 1452 0113 7369676E 		.ascii	"signed char\000"
 1452      65642063 
 1452      68617200 
 1453              	.LASF9:
 1454 011f 6C6F6E67 		.ascii	"long long int\000"
 1454      206C6F6E 
 1454      6720696E 
 1454      7400
 1455              	.LASF34:
 1456 012d 48617264 		.ascii	"HardFault_Handler\000"
 1456      4661756C 
 1456      745F4861 
 1456      6E646C65 
 1456      7200
 1457              	.LASF17:
 1458 013f 49545374 		.ascii	"ITStatus\000"
 1458      61747573 
 1458      00
 1459              	.LASF6:
 1460 0148 6C6F6E67 		.ascii	"long int\000"
 1460      20696E74 
ARM GAS  /var/folders/yt/6z6x8bjn5sjf5fbb45bk5m4c0000gn/T//ccX50q5d.s 			page 31


 1460      00
 1461              	.LASF3:
 1462 0151 5F5F7569 		.ascii	"__uint8_t\000"
 1462      6E74385F 
 1462      7400
 1463              	.LASF32:
 1464 015b 51756575 		.ascii	"QueueHandle_t\000"
 1464      6548616E 
 1464      646C655F 
 1464      7400
 1465              	.LASF1:
 1466 0169 756E7369 		.ascii	"unsigned char\000"
 1466      676E6564 
 1466      20636861 
 1466      7200
 1467              	.LASF38:
 1468 0177 44656275 		.ascii	"DebugMon_Handler\000"
 1468      674D6F6E 
 1468      5F48616E 
 1468      646C6572 
 1468      00
 1469              	.LASF40:
 1470 0188 45585449 		.ascii	"EXTI3_IRQHandler\000"
 1470      335F4952 
 1470      5148616E 
 1470      646C6572 
 1470      00
 1471              	.LASF41:
 1472 0199 45585449 		.ascii	"EXTI9_5_IRQHandler\000"
 1472      395F355F 
 1472      49525148 
 1472      616E646C 
 1472      657200
 1473              	.LASF10:
 1474 01ac 6C6F6E67 		.ascii	"long long unsigned int\000"
 1474      206C6F6E 
 1474      6720756E 
 1474      7369676E 
 1474      65642069 
 1475              	.LASF43:
 1476 01c3 78486967 		.ascii	"xHigherPriorityTaskWoken\000"
 1476      68657250 
 1476      72696F72 
 1476      69747954 
 1476      61736B57 
 1477              	.LASF14:
 1478 01dc 75696E74 		.ascii	"uint32_t\000"
 1478      33325F74 
 1478      00
 1479              	.LASF11:
 1480 01e5 756E7369 		.ascii	"unsigned int\000"
 1480      676E6564 
 1480      20696E74 
 1480      00
 1481              	.LASF13:
 1482 01f2 75696E74 		.ascii	"uint16_t\000"
 1482      31365F74 
ARM GAS  /var/folders/yt/6z6x8bjn5sjf5fbb45bk5m4c0000gn/T//ccX50q5d.s 			page 32


 1482      00
 1483              	.LASF30:
 1484 01fb 42617365 		.ascii	"BaseType_t\000"
 1484      54797065 
 1484      5F7400
 1485              	.LASF8:
 1486 0206 6C6F6E67 		.ascii	"long unsigned int\000"
 1486      20756E73 
 1486      69676E65 
 1486      6420696E 
 1486      7400
 1487              	.LASF56:
 1488 0218 55534152 		.ascii	"USART_ITConfig\000"
 1488      545F4954 
 1488      436F6E66 
 1488      696700
 1489              	.LASF5:
 1490 0227 73686F72 		.ascii	"short unsigned int\000"
 1490      7420756E 
 1490      7369676E 
 1490      65642069 
 1490      6E7400
 1491              	.LASF49:
 1492 023a 78517565 		.ascii	"xQueueGenericSendFromISR\000"
 1492      75654765 
 1492      6E657269 
 1492      6353656E 
 1492      6446726F 
 1493              	.LASF31:
 1494 0253 63686172 		.ascii	"char\000"
 1494      00
 1495              	.LASF47:
 1496 0258 55534152 		.ascii	"USART_GetITStatus\000"
 1496      545F4765 
 1496      74495453 
 1496      74617475 
 1496      7300
 1497              	.LASF21:
 1498 026a 52455345 		.ascii	"RESERVED0\000"
 1498      52564544 
 1498      3000
 1499              	.LASF22:
 1500 0274 52455345 		.ascii	"RESERVED1\000"
 1500      52564544 
 1500      3100
 1501              	.LASF23:
 1502 027e 52455345 		.ascii	"RESERVED2\000"
 1502      52564544 
 1502      3200
 1503              	.LASF24:
 1504 0288 52455345 		.ascii	"RESERVED3\000"
 1504      52564544 
 1504      3300
 1505              	.LASF25:
 1506 0292 52455345 		.ascii	"RESERVED4\000"
 1506      52564544 
 1506      3400
ARM GAS  /var/folders/yt/6z6x8bjn5sjf5fbb45bk5m4c0000gn/T//ccX50q5d.s 			page 33


 1507              	.LASF26:
 1508 029c 52455345 		.ascii	"RESERVED5\000"
 1508      52564544 
 1508      3500
 1509              	.LASF28:
 1510 02a6 52455345 		.ascii	"RESERVED6\000"
 1510      52564544 
 1510      3600
 1511              	.LASF52:
 1512 02b0 73746D33 		.ascii	"stm32f10x_it.c\000"
 1512      32663130 
 1512      785F6974 
 1512      2E6300
 1513              	.LASF20:
 1514 02bf 46756E63 		.ascii	"FunctionalState\000"
 1514      74696F6E 
 1514      616C5374 
 1514      61746500 
 1515              	.LASF54:
 1516 02cf 55534152 		.ascii	"USART1_IRQHandler\000"
 1516      54315F49 
 1516      52514861 
 1516      6E646C65 
 1516      7200
 1517              	.LASF16:
 1518 02e1 52455345 		.ascii	"RESET\000"
 1518      5400
 1519              	.LASF36:
 1520 02e7 42757346 		.ascii	"BusFault_Handler\000"
 1520      61756C74 
 1520      5F48616E 
 1520      646C6572 
 1520      00
 1521              	.LASF53:
 1522 02f8 2F557365 		.ascii	"/Users/ingamedeo/Downloads/STM32F103RBT6FreeRTOS\000"
 1522      72732F69 
 1522      6E67616D 
 1522      6564656F 
 1522      2F446F77 
 1523              	.LASF45:
 1524 0329 52785175 		.ascii	"RxQueue\000"
 1524      65756500 
 1525              	.LASF48:
 1526 0331 55534152 		.ascii	"USART_ReceiveData\000"
 1526      545F5265 
 1526      63656976 
 1526      65446174 
 1526      6100
 1527              	.LASF39:
 1528 0343 45585449 		.ascii	"EXTI0_IRQHandler\000"
 1528      305F4952 
 1528      5148616E 
 1528      646C6572 
 1528      00
 1529              	.LASF35:
 1530 0354 4D656D4D 		.ascii	"MemManage_Handler\000"
 1530      616E6167 
ARM GAS  /var/folders/yt/6z6x8bjn5sjf5fbb45bk5m4c0000gn/T//ccX50q5d.s 			page 34


 1530      655F4861 
 1530      6E646C65 
 1530      7200
 1531              	.LASF42:
 1532 0366 45585449 		.ascii	"EXTI15_10_IRQHandler\000"
 1532      31355F31 
 1532      305F4952 
 1532      5148616E 
 1532      646C6572 
 1533              	.LASF44:
 1534 037b 49544D5F 		.ascii	"ITM_RxBuffer\000"
 1534      52784275 
 1534      66666572 
 1534      00
 1535              	.LASF46:
 1536 0388 54785175 		.ascii	"TxQueue\000"
 1536      65756500 
 1537              	.LASF19:
 1538 0390 454E4142 		.ascii	"ENABLE\000"
 1538      4C4500
 1539              		.ident	"GCC: (GNU Tools for ARM Embedded Processors) 4.9.3 20150529 (release) [ARM/embedded-4_9-br
ARM GAS  /var/folders/yt/6z6x8bjn5sjf5fbb45bk5m4c0000gn/T//ccX50q5d.s 			page 35


DEFINED SYMBOLS
                            *ABS*:0000000000000000 stm32f10x_it.c
/var/folders/yt/6z6x8bjn5sjf5fbb45bk5m4c0000gn/T//ccX50q5d.s:72     .text:0000000000000000 $t
/var/folders/yt/6z6x8bjn5sjf5fbb45bk5m4c0000gn/T//ccX50q5d.s:77     .text:0000000000000000 NMI_Handler
/var/folders/yt/6z6x8bjn5sjf5fbb45bk5m4c0000gn/T//ccX50q5d.s:94     .text:0000000000000002 HardFault_Handler
/var/folders/yt/6z6x8bjn5sjf5fbb45bk5m4c0000gn/T//ccX50q5d.s:113    .text:0000000000000004 MemManage_Handler
/var/folders/yt/6z6x8bjn5sjf5fbb45bk5m4c0000gn/T//ccX50q5d.s:132    .text:0000000000000006 BusFault_Handler
/var/folders/yt/6z6x8bjn5sjf5fbb45bk5m4c0000gn/T//ccX50q5d.s:151    .text:0000000000000008 UsageFault_Handler
/var/folders/yt/6z6x8bjn5sjf5fbb45bk5m4c0000gn/T//ccX50q5d.s:170    .text:000000000000000a DebugMon_Handler
/var/folders/yt/6z6x8bjn5sjf5fbb45bk5m4c0000gn/T//ccX50q5d.s:186    .text:000000000000000c EXTI0_IRQHandler
/var/folders/yt/6z6x8bjn5sjf5fbb45bk5m4c0000gn/T//ccX50q5d.s:202    .text:000000000000000e EXTI3_IRQHandler
/var/folders/yt/6z6x8bjn5sjf5fbb45bk5m4c0000gn/T//ccX50q5d.s:218    .text:0000000000000010 EXTI9_5_IRQHandler
/var/folders/yt/6z6x8bjn5sjf5fbb45bk5m4c0000gn/T//ccX50q5d.s:234    .text:0000000000000012 EXTI15_10_IRQHandler
/var/folders/yt/6z6x8bjn5sjf5fbb45bk5m4c0000gn/T//ccX50q5d.s:250    .text:0000000000000014 USART1_IRQHandler
/var/folders/yt/6z6x8bjn5sjf5fbb45bk5m4c0000gn/T//ccX50q5d.s:342    .text:0000000000000088 $d
                     .debug_frame:0000000000000010 $d

UNDEFINED SYMBOLS
USART_GetITStatus
USART_ReceiveData
xQueueGenericSendFromISR
xQueueReceiveFromISR
USART_SendData
USART_ITConfig
RxQueue
TxQueue
