ARM GAS  /var/folders/yt/6z6x8bjn5sjf5fbb45bk5m4c0000gn/T//cclFrJiR.s 			page 1


   1              		.syntax unified
   2              		.cpu cortex-m3
   3              		.fpu softvfp
   4              		.eabi_attribute 20, 1	@ Tag_ABI_FP_denormal
   5              		.eabi_attribute 21, 1	@ Tag_ABI_FP_exceptions
   6              		.eabi_attribute 23, 3	@ Tag_ABI_FP_number_model
   7              		.eabi_attribute 24, 1	@ Tag_ABI_align8_needed
   8              		.eabi_attribute 25, 1	@ Tag_ABI_align8_preserved
   9              		.eabi_attribute 26, 1	@ Tag_ABI_enum_size
  10              		.eabi_attribute 30, 4	@ Tag_ABI_optimization_goals
  11              		.eabi_attribute 34, 1	@ Tag_CPU_unaligned_access
  12              		.eabi_attribute 18, 4	@ Tag_ABI_PCS_wchar_t
  13              		.file	"misc.c"
  14              	@ GNU C (GNU Tools for ARM Embedded Processors) version 4.9.3 20150529 (release) [ARM/embedded-4_9-
  15              	@	compiled by GNU C version 4.2.1 (Based on Apple Inc. build 5658) (LLVM build 2336.9.00), GMP vers
  16              	@ GGC heuristics: --param ggc-min-expand=100 --param ggc-min-heapsize=131072
  17              	@ options passed:  -I . -I ./Libraries/CMSIS/CM3/CoreSupport
  18              	@ -I ./Libraries/CMSIS/CM3/DeviceSupport/ST/STM32F10x
  19              	@ -I ./Libraries/STM32F10x_StdPeriph_Driver/inc -I ./Libraries/Drivers/Leds
  20              	@ -I ./Libraries/Drivers/Buttons -I ./Libraries/Drivers/Usart
  21              	@ -I ./Libraries/Drivers/i2c -I ./Libraries/Drivers/BH1750
  22              	@ -I ./Libraries/Drivers/Utilities -I ./FreeRTOS/Source/include
  23              	@ -I ./FreeRTOS/Source/portable/GCC/ARM_CM3 -imultilib armv7-m
  24              	@ -iprefix /usr/local/Cellar/arm-none-eabi-gcc/20150921/bin/../lib/gcc/arm-none-eabi/4.9.3/
  25              	@ -isysroot /usr/local/Cellar/arm-none-eabi-gcc/20150921/bin/../arm-none-eabi
  26              	@ -MD Libraries/STM32F10x_StdPeriph_Driver/src/misc.d -MF .dep/misc.o.d -MP
  27              	@ -MQ Libraries/STM32F10x_StdPeriph_Driver/src/misc.o -D__USES_INITFINI__
  28              	@ -D STM32F10X_MD -D USE_STDPERIPH_DRIVER -D GCC_ARMCM3 -D RUN_FROM_FLASH=1
  29              	@ Libraries/STM32F10x_StdPeriph_Driver/src/misc.c -mcpu=cortex-m3 -mthumb
  30              	@ -auxbase-strip Libraries/STM32F10x_StdPeriph_Driver/src/misc.o -gdwarf-2
  31              	@ -Os -Wall -Wstrict-prototypes -fomit-frame-pointer -fverbose-asm
  32              	@ options enabled:  -faggressive-loop-optimizations -fauto-inc-dec
  33              	@ -fbranch-count-reg -fcaller-saves -fcombine-stack-adjustments -fcommon
  34              	@ -fcompare-elim -fcprop-registers -fcrossjumping -fcse-follow-jumps
  35              	@ -fdefer-pop -fdelete-null-pointer-checks -fdevirtualize
  36              	@ -fdevirtualize-speculatively -fdwarf2-cfi-asm -fearly-inlining
  37              	@ -feliminate-unused-debug-types -fexpensive-optimizations
  38              	@ -fforward-propagate -ffunction-cse -fgcse -fgcse-lm -fgnu-runtime
  39              	@ -fgnu-unique -fguess-branch-probability -fhoist-adjacent-loads -fident
  40              	@ -fif-conversion -fif-conversion2 -findirect-inlining -finline
  41              	@ -finline-atomics -finline-functions -finline-functions-called-once
  42              	@ -finline-small-functions -fipa-cp -fipa-profile -fipa-pure-const
  43              	@ -fipa-reference -fipa-sra -fira-hoist-pressure -fira-share-save-slots
  44              	@ -fira-share-spill-slots -fisolate-erroneous-paths-dereference -fivopts
  45              	@ -fkeep-static-consts -fleading-underscore -flifetime-dse -fmath-errno
  46              	@ -fmerge-constants -fmerge-debug-strings -fomit-frame-pointer
  47              	@ -foptimize-sibling-calls -fpartial-inlining -fpeephole -fpeephole2
  48              	@ -fprefetch-loop-arrays -freg-struct-return -freorder-blocks
  49              	@ -freorder-functions -frerun-cse-after-loop
  50              	@ -fsched-critical-path-heuristic -fsched-dep-count-heuristic
  51              	@ -fsched-group-heuristic -fsched-interblock -fsched-last-insn-heuristic
  52              	@ -fsched-pressure -fsched-rank-heuristic -fsched-spec
  53              	@ -fsched-spec-insn-heuristic -fsched-stalled-insns-dep -fschedule-insns2
  54              	@ -fsection-anchors -fshow-column -fsigned-zeros -fsplit-ivs-in-unroller
  55              	@ -fsplit-wide-types -fstrict-aliasing -fstrict-overflow
  56              	@ -fstrict-volatile-bitfields -fsync-libcalls -fthread-jumps
  57              	@ -ftoplevel-reorder -ftrapping-math -ftree-bit-ccp -ftree-builtin-call-dce
ARM GAS  /var/folders/yt/6z6x8bjn5sjf5fbb45bk5m4c0000gn/T//cclFrJiR.s 			page 2


  58              	@ -ftree-ccp -ftree-ch -ftree-coalesce-vars -ftree-copy-prop
  59              	@ -ftree-copyrename -ftree-cselim -ftree-dce -ftree-dominator-opts
  60              	@ -ftree-dse -ftree-forwprop -ftree-fre -ftree-loop-if-convert
  61              	@ -ftree-loop-im -ftree-loop-ivcanon -ftree-loop-optimize
  62              	@ -ftree-parallelize-loops= -ftree-phiprop -ftree-pre -ftree-pta
  63              	@ -ftree-reassoc -ftree-scev-cprop -ftree-sink -ftree-slsr -ftree-sra
  64              	@ -ftree-switch-conversion -ftree-tail-merge -ftree-ter -ftree-vrp
  65              	@ -funit-at-a-time -fvar-tracking -fvar-tracking-assignments -fverbose-asm
  66              	@ -fzero-initialized-in-bss -mfix-cortex-m3-ldrd -mlittle-endian -mlra
  67              	@ -mpic-data-is-text-relative -msched-prolog -mthumb -munaligned-access
  68              	@ -mvectorize-with-neon-quad
  69              	
  70              		.text
  71              	.Ltext0:
  72              		.cfi_sections	.debug_frame
  73              		.align	1
  74              		.global	NVIC_PriorityGroupConfig
  75              		.thumb
  76              		.thumb_func
  77              		.type	NVIC_PriorityGroupConfig, %function
  78              	NVIC_PriorityGroupConfig:
  79              	.LFB29:
  80              		.file 1 "Libraries/STM32F10x_StdPeriph_Driver/src/misc.c"
   1:Libraries/STM32F10x_StdPeriph_Driver/src/misc.c **** /**
   2:Libraries/STM32F10x_StdPeriph_Driver/src/misc.c ****   ******************************************************************************
   3:Libraries/STM32F10x_StdPeriph_Driver/src/misc.c ****   * @file    misc.c
   4:Libraries/STM32F10x_StdPeriph_Driver/src/misc.c ****   * @author  MCD Application Team
   5:Libraries/STM32F10x_StdPeriph_Driver/src/misc.c ****   * @version V3.5.0
   6:Libraries/STM32F10x_StdPeriph_Driver/src/misc.c ****   * @date    11-March-2011
   7:Libraries/STM32F10x_StdPeriph_Driver/src/misc.c ****   * @brief   This file provides all the miscellaneous firmware functions (add-on
   8:Libraries/STM32F10x_StdPeriph_Driver/src/misc.c ****   *          to CMSIS functions).
   9:Libraries/STM32F10x_StdPeriph_Driver/src/misc.c ****   ******************************************************************************
  10:Libraries/STM32F10x_StdPeriph_Driver/src/misc.c ****   * @attention
  11:Libraries/STM32F10x_StdPeriph_Driver/src/misc.c ****   *
  12:Libraries/STM32F10x_StdPeriph_Driver/src/misc.c ****   * THE PRESENT FIRMWARE WHICH IS FOR GUIDANCE ONLY AIMS AT PROVIDING CUSTOMERS
  13:Libraries/STM32F10x_StdPeriph_Driver/src/misc.c ****   * WITH CODING INFORMATION REGARDING THEIR PRODUCTS IN ORDER FOR THEM TO SAVE
  14:Libraries/STM32F10x_StdPeriph_Driver/src/misc.c ****   * TIME. AS A RESULT, STMICROELECTRONICS SHALL NOT BE HELD LIABLE FOR ANY
  15:Libraries/STM32F10x_StdPeriph_Driver/src/misc.c ****   * DIRECT, INDIRECT OR CONSEQUENTIAL DAMAGES WITH RESPECT TO ANY CLAIMS ARISING
  16:Libraries/STM32F10x_StdPeriph_Driver/src/misc.c ****   * FROM THE CONTENT OF SUCH FIRMWARE AND/OR THE USE MADE BY CUSTOMERS OF THE
  17:Libraries/STM32F10x_StdPeriph_Driver/src/misc.c ****   * CODING INFORMATION CONTAINED HEREIN IN CONNECTION WITH THEIR PRODUCTS.
  18:Libraries/STM32F10x_StdPeriph_Driver/src/misc.c ****   *
  19:Libraries/STM32F10x_StdPeriph_Driver/src/misc.c ****   * <h2><center>&copy; COPYRIGHT 2011 STMicroelectronics</center></h2>
  20:Libraries/STM32F10x_StdPeriph_Driver/src/misc.c ****   ******************************************************************************
  21:Libraries/STM32F10x_StdPeriph_Driver/src/misc.c ****   */
  22:Libraries/STM32F10x_StdPeriph_Driver/src/misc.c **** 
  23:Libraries/STM32F10x_StdPeriph_Driver/src/misc.c **** /* Includes ------------------------------------------------------------------*/
  24:Libraries/STM32F10x_StdPeriph_Driver/src/misc.c **** #include "misc.h"
  25:Libraries/STM32F10x_StdPeriph_Driver/src/misc.c **** 
  26:Libraries/STM32F10x_StdPeriph_Driver/src/misc.c **** /** @addtogroup STM32F10x_StdPeriph_Driver
  27:Libraries/STM32F10x_StdPeriph_Driver/src/misc.c ****   * @{
  28:Libraries/STM32F10x_StdPeriph_Driver/src/misc.c ****   */
  29:Libraries/STM32F10x_StdPeriph_Driver/src/misc.c **** 
  30:Libraries/STM32F10x_StdPeriph_Driver/src/misc.c **** /** @defgroup MISC 
  31:Libraries/STM32F10x_StdPeriph_Driver/src/misc.c ****   * @brief MISC driver modules
  32:Libraries/STM32F10x_StdPeriph_Driver/src/misc.c ****   * @{
  33:Libraries/STM32F10x_StdPeriph_Driver/src/misc.c ****   */
  34:Libraries/STM32F10x_StdPeriph_Driver/src/misc.c **** 
ARM GAS  /var/folders/yt/6z6x8bjn5sjf5fbb45bk5m4c0000gn/T//cclFrJiR.s 			page 3


  35:Libraries/STM32F10x_StdPeriph_Driver/src/misc.c **** /** @defgroup MISC_Private_TypesDefinitions
  36:Libraries/STM32F10x_StdPeriph_Driver/src/misc.c ****   * @{
  37:Libraries/STM32F10x_StdPeriph_Driver/src/misc.c ****   */
  38:Libraries/STM32F10x_StdPeriph_Driver/src/misc.c **** 
  39:Libraries/STM32F10x_StdPeriph_Driver/src/misc.c **** /**
  40:Libraries/STM32F10x_StdPeriph_Driver/src/misc.c ****   * @}
  41:Libraries/STM32F10x_StdPeriph_Driver/src/misc.c ****   */ 
  42:Libraries/STM32F10x_StdPeriph_Driver/src/misc.c **** 
  43:Libraries/STM32F10x_StdPeriph_Driver/src/misc.c **** /** @defgroup MISC_Private_Defines
  44:Libraries/STM32F10x_StdPeriph_Driver/src/misc.c ****   * @{
  45:Libraries/STM32F10x_StdPeriph_Driver/src/misc.c ****   */
  46:Libraries/STM32F10x_StdPeriph_Driver/src/misc.c **** 
  47:Libraries/STM32F10x_StdPeriph_Driver/src/misc.c **** #define AIRCR_VECTKEY_MASK    ((uint32_t)0x05FA0000)
  48:Libraries/STM32F10x_StdPeriph_Driver/src/misc.c **** /**
  49:Libraries/STM32F10x_StdPeriph_Driver/src/misc.c ****   * @}
  50:Libraries/STM32F10x_StdPeriph_Driver/src/misc.c ****   */
  51:Libraries/STM32F10x_StdPeriph_Driver/src/misc.c **** 
  52:Libraries/STM32F10x_StdPeriph_Driver/src/misc.c **** /** @defgroup MISC_Private_Macros
  53:Libraries/STM32F10x_StdPeriph_Driver/src/misc.c ****   * @{
  54:Libraries/STM32F10x_StdPeriph_Driver/src/misc.c ****   */
  55:Libraries/STM32F10x_StdPeriph_Driver/src/misc.c **** 
  56:Libraries/STM32F10x_StdPeriph_Driver/src/misc.c **** /**
  57:Libraries/STM32F10x_StdPeriph_Driver/src/misc.c ****   * @}
  58:Libraries/STM32F10x_StdPeriph_Driver/src/misc.c ****   */
  59:Libraries/STM32F10x_StdPeriph_Driver/src/misc.c **** 
  60:Libraries/STM32F10x_StdPeriph_Driver/src/misc.c **** /** @defgroup MISC_Private_Variables
  61:Libraries/STM32F10x_StdPeriph_Driver/src/misc.c ****   * @{
  62:Libraries/STM32F10x_StdPeriph_Driver/src/misc.c ****   */
  63:Libraries/STM32F10x_StdPeriph_Driver/src/misc.c **** 
  64:Libraries/STM32F10x_StdPeriph_Driver/src/misc.c **** /**
  65:Libraries/STM32F10x_StdPeriph_Driver/src/misc.c ****   * @}
  66:Libraries/STM32F10x_StdPeriph_Driver/src/misc.c ****   */
  67:Libraries/STM32F10x_StdPeriph_Driver/src/misc.c **** 
  68:Libraries/STM32F10x_StdPeriph_Driver/src/misc.c **** /** @defgroup MISC_Private_FunctionPrototypes
  69:Libraries/STM32F10x_StdPeriph_Driver/src/misc.c ****   * @{
  70:Libraries/STM32F10x_StdPeriph_Driver/src/misc.c ****   */
  71:Libraries/STM32F10x_StdPeriph_Driver/src/misc.c **** 
  72:Libraries/STM32F10x_StdPeriph_Driver/src/misc.c **** /**
  73:Libraries/STM32F10x_StdPeriph_Driver/src/misc.c ****   * @}
  74:Libraries/STM32F10x_StdPeriph_Driver/src/misc.c ****   */
  75:Libraries/STM32F10x_StdPeriph_Driver/src/misc.c **** 
  76:Libraries/STM32F10x_StdPeriph_Driver/src/misc.c **** /** @defgroup MISC_Private_Functions
  77:Libraries/STM32F10x_StdPeriph_Driver/src/misc.c ****   * @{
  78:Libraries/STM32F10x_StdPeriph_Driver/src/misc.c ****   */
  79:Libraries/STM32F10x_StdPeriph_Driver/src/misc.c **** 
  80:Libraries/STM32F10x_StdPeriph_Driver/src/misc.c **** /**
  81:Libraries/STM32F10x_StdPeriph_Driver/src/misc.c ****   * @brief  Configures the priority grouping: pre-emption priority and subpriority.
  82:Libraries/STM32F10x_StdPeriph_Driver/src/misc.c ****   * @param  NVIC_PriorityGroup: specifies the priority grouping bits length. 
  83:Libraries/STM32F10x_StdPeriph_Driver/src/misc.c ****   *   This parameter can be one of the following values:
  84:Libraries/STM32F10x_StdPeriph_Driver/src/misc.c ****   *     @arg NVIC_PriorityGroup_0: 0 bits for pre-emption priority
  85:Libraries/STM32F10x_StdPeriph_Driver/src/misc.c ****   *                                4 bits for subpriority
  86:Libraries/STM32F10x_StdPeriph_Driver/src/misc.c ****   *     @arg NVIC_PriorityGroup_1: 1 bits for pre-emption priority
  87:Libraries/STM32F10x_StdPeriph_Driver/src/misc.c ****   *                                3 bits for subpriority
  88:Libraries/STM32F10x_StdPeriph_Driver/src/misc.c ****   *     @arg NVIC_PriorityGroup_2: 2 bits for pre-emption priority
  89:Libraries/STM32F10x_StdPeriph_Driver/src/misc.c ****   *                                2 bits for subpriority
  90:Libraries/STM32F10x_StdPeriph_Driver/src/misc.c ****   *     @arg NVIC_PriorityGroup_3: 3 bits for pre-emption priority
  91:Libraries/STM32F10x_StdPeriph_Driver/src/misc.c ****   *                                1 bits for subpriority
ARM GAS  /var/folders/yt/6z6x8bjn5sjf5fbb45bk5m4c0000gn/T//cclFrJiR.s 			page 4


  92:Libraries/STM32F10x_StdPeriph_Driver/src/misc.c ****   *     @arg NVIC_PriorityGroup_4: 4 bits for pre-emption priority
  93:Libraries/STM32F10x_StdPeriph_Driver/src/misc.c ****   *                                0 bits for subpriority
  94:Libraries/STM32F10x_StdPeriph_Driver/src/misc.c ****   * @retval None
  95:Libraries/STM32F10x_StdPeriph_Driver/src/misc.c ****   */
  96:Libraries/STM32F10x_StdPeriph_Driver/src/misc.c **** void NVIC_PriorityGroupConfig(uint32_t NVIC_PriorityGroup)
  97:Libraries/STM32F10x_StdPeriph_Driver/src/misc.c **** {
  81              		.loc 1 97 0
  82              		.cfi_startproc
  83              		@ args = 0, pretend = 0, frame = 0
  84              		@ frame_needed = 0, uses_anonymous_args = 0
  85              		@ link register save eliminated.
  86              	.LVL0:
  98:Libraries/STM32F10x_StdPeriph_Driver/src/misc.c ****   /* Check the parameters */
  99:Libraries/STM32F10x_StdPeriph_Driver/src/misc.c ****   assert_param(IS_NVIC_PRIORITY_GROUP(NVIC_PriorityGroup));
 100:Libraries/STM32F10x_StdPeriph_Driver/src/misc.c ****   
 101:Libraries/STM32F10x_StdPeriph_Driver/src/misc.c ****   /* Set the PRIGROUP[10:8] bits according to NVIC_PriorityGroup value */
 102:Libraries/STM32F10x_StdPeriph_Driver/src/misc.c ****   SCB->AIRCR = AIRCR_VECTKEY_MASK | NVIC_PriorityGroup;
  87              		.loc 1 102 0
  88 0000 40F0BF60 		orr	r0, r0, #100139008	@ D.5544, NVIC_PriorityGroup,
  89              	.LVL1:
  90 0004 024B     		ldr	r3, .L2	@ tmp113,
  91 0006 40F40030 		orr	r0, r0, #131072	@ D.5544, D.5544,
  92 000a D860     		str	r0, [r3, #12]	@ D.5544, MEM[(struct SCB_Type *)3758157056B].AIRCR
  93 000c 7047     		bx	lr	@
  94              	.L3:
  95 000e 00BF     		.align	2
  96              	.L2:
  97 0010 00ED00E0 		.word	-536810240
  98              		.cfi_endproc
  99              	.LFE29:
 100              		.size	NVIC_PriorityGroupConfig, .-NVIC_PriorityGroupConfig
 101              		.align	1
 102              		.global	NVIC_Init
 103              		.thumb
 104              		.thumb_func
 105              		.type	NVIC_Init, %function
 106              	NVIC_Init:
 107              	.LFB30:
 103:Libraries/STM32F10x_StdPeriph_Driver/src/misc.c **** }
 104:Libraries/STM32F10x_StdPeriph_Driver/src/misc.c **** 
 105:Libraries/STM32F10x_StdPeriph_Driver/src/misc.c **** /**
 106:Libraries/STM32F10x_StdPeriph_Driver/src/misc.c ****   * @brief  Initializes the NVIC peripheral according to the specified
 107:Libraries/STM32F10x_StdPeriph_Driver/src/misc.c ****   *         parameters in the NVIC_InitStruct.
 108:Libraries/STM32F10x_StdPeriph_Driver/src/misc.c ****   * @param  NVIC_InitStruct: pointer to a NVIC_InitTypeDef structure that contains
 109:Libraries/STM32F10x_StdPeriph_Driver/src/misc.c ****   *         the configuration information for the specified NVIC peripheral.
 110:Libraries/STM32F10x_StdPeriph_Driver/src/misc.c ****   * @retval None
 111:Libraries/STM32F10x_StdPeriph_Driver/src/misc.c ****   */
 112:Libraries/STM32F10x_StdPeriph_Driver/src/misc.c **** void NVIC_Init(NVIC_InitTypeDef* NVIC_InitStruct)
 113:Libraries/STM32F10x_StdPeriph_Driver/src/misc.c **** {
 108              		.loc 1 113 0
 109              		.cfi_startproc
 110              		@ args = 0, pretend = 0, frame = 0
 111              		@ frame_needed = 0, uses_anonymous_args = 0
 112              	.LVL2:
 114:Libraries/STM32F10x_StdPeriph_Driver/src/misc.c ****   uint32_t tmppriority = 0x00, tmppre = 0x00, tmpsub = 0x0F;
 115:Libraries/STM32F10x_StdPeriph_Driver/src/misc.c ****   
 116:Libraries/STM32F10x_StdPeriph_Driver/src/misc.c ****   /* Check the parameters */
ARM GAS  /var/folders/yt/6z6x8bjn5sjf5fbb45bk5m4c0000gn/T//cclFrJiR.s 			page 5


 117:Libraries/STM32F10x_StdPeriph_Driver/src/misc.c ****   assert_param(IS_FUNCTIONAL_STATE(NVIC_InitStruct->NVIC_IRQChannelCmd));
 118:Libraries/STM32F10x_StdPeriph_Driver/src/misc.c ****   assert_param(IS_NVIC_PREEMPTION_PRIORITY(NVIC_InitStruct->NVIC_IRQChannelPreemptionPriority));  
 119:Libraries/STM32F10x_StdPeriph_Driver/src/misc.c ****   assert_param(IS_NVIC_SUB_PRIORITY(NVIC_InitStruct->NVIC_IRQChannelSubPriority));
 120:Libraries/STM32F10x_StdPeriph_Driver/src/misc.c ****     
 121:Libraries/STM32F10x_StdPeriph_Driver/src/misc.c ****   if (NVIC_InitStruct->NVIC_IRQChannelCmd != DISABLE)
 113              		.loc 1 121 0
 114 0014 C278     		ldrb	r2, [r0, #3]	@ zero_extendqisi2	@ NVIC_InitStruct_3(D)->NVIC_IRQChannelCmd, NVIC_InitStruct_3
 113:Libraries/STM32F10x_StdPeriph_Driver/src/misc.c ****   uint32_t tmppriority = 0x00, tmppre = 0x00, tmpsub = 0x0F;
 115              		.loc 1 113 0
 116 0016 10B5     		push	{r4, lr}	@
 117              	.LCFI0:
 118              		.cfi_def_cfa_offset 8
 119              		.cfi_offset 4, -8
 120              		.cfi_offset 14, -4
 121 0018 0378     		ldrb	r3, [r0]	@ zero_extendqisi2	@ D.5548, NVIC_InitStruct_3(D)->NVIC_IRQChannel
 122              		.loc 1 121 0
 123 001a 0AB3     		cbz	r2, .L5	@ NVIC_InitStruct_3(D)->NVIC_IRQChannelCmd,
 122:Libraries/STM32F10x_StdPeriph_Driver/src/misc.c ****   {
 123:Libraries/STM32F10x_StdPeriph_Driver/src/misc.c ****     /* Compute the Corresponding IRQ Priority --------------------------------*/    
 124:Libraries/STM32F10x_StdPeriph_Driver/src/misc.c ****     tmppriority = (0x700 - ((SCB->AIRCR) & (uint32_t)0x700))>> 0x08;
 124              		.loc 1 124 0
 125 001c 164A     		ldr	r2, .L8	@ tmp144,
 125:Libraries/STM32F10x_StdPeriph_Driver/src/misc.c ****     tmppre = (0x4 - tmppriority);
 126:Libraries/STM32F10x_StdPeriph_Driver/src/misc.c ****     tmpsub = tmpsub >> tmppriority;
 127:Libraries/STM32F10x_StdPeriph_Driver/src/misc.c **** 
 128:Libraries/STM32F10x_StdPeriph_Driver/src/misc.c ****     tmppriority = (uint32_t)NVIC_InitStruct->NVIC_IRQChannelPreemptionPriority << tmppre;
 129:Libraries/STM32F10x_StdPeriph_Driver/src/misc.c ****     tmppriority |=  NVIC_InitStruct->NVIC_IRQChannelSubPriority & tmpsub;
 130:Libraries/STM32F10x_StdPeriph_Driver/src/misc.c ****     tmppriority = tmppriority << 0x04;
 131:Libraries/STM32F10x_StdPeriph_Driver/src/misc.c ****         
 132:Libraries/STM32F10x_StdPeriph_Driver/src/misc.c ****     NVIC->IP[NVIC_InitStruct->NVIC_IRQChannel] = tmppriority;
 126              		.loc 1 132 0
 127 001e 03F16043 		add	r3, r3, #-536870912	@ tmp153, D.5548,
 124:Libraries/STM32F10x_StdPeriph_Driver/src/misc.c ****     tmppre = (0x4 - tmppriority);
 128              		.loc 1 124 0
 129 0022 D468     		ldr	r4, [r2, #12]	@ D.5549, MEM[(struct SCB_Type *)3758157056B].AIRCR
 128:Libraries/STM32F10x_StdPeriph_Driver/src/misc.c ****     tmppriority |=  NVIC_InitStruct->NVIC_IRQChannelSubPriority & tmpsub;
 130              		.loc 1 128 0
 131 0024 4278     		ldrb	r2, [r0, #1]	@ zero_extendqisi2	@ D.5549, NVIC_InitStruct_3(D)->NVIC_IRQChannelPreemptionPrio
 124:Libraries/STM32F10x_StdPeriph_Driver/src/misc.c ****     tmppre = (0x4 - tmppriority);
 132              		.loc 1 124 0
 133 0026 E443     		mvns	r4, r4	@ D.5549, D.5549
 134 0028 C4F30224 		ubfx	r4, r4, #8, #3	@ tmppriority, D.5549,,
 135              	.LVL3:
 125:Libraries/STM32F10x_StdPeriph_Driver/src/misc.c ****     tmppre = (0x4 - tmppriority);
 136              		.loc 1 125 0
 137 002c C4F10401 		rsb	r1, r4, #4	@ D.5550, tmppriority,
 138              	.LVL4:
 128:Libraries/STM32F10x_StdPeriph_Driver/src/misc.c ****     tmppriority |=  NVIC_InitStruct->NVIC_IRQChannelSubPriority & tmpsub;
 139              		.loc 1 128 0
 140 0030 02FA01F1 		lsl	r1, r2, r1	@ tmppriority, D.5549, D.5550
 141              	.LVL5:
 126:Libraries/STM32F10x_StdPeriph_Driver/src/misc.c **** 
 142              		.loc 1 126 0
 143 0034 0F22     		movs	r2, #15	@ tmp149,
 144 0036 E240     		lsrs	r2, r2, r4	@ tmpsub, tmp149, tmppriority
 145              	.LVL6:
 129:Libraries/STM32F10x_StdPeriph_Driver/src/misc.c ****     tmppriority = tmppriority << 0x04;
ARM GAS  /var/folders/yt/6z6x8bjn5sjf5fbb45bk5m4c0000gn/T//cclFrJiR.s 			page 6


 146              		.loc 1 129 0
 147 0038 8478     		ldrb	r4, [r0, #2]	@ zero_extendqisi2	@ D.5549, NVIC_InitStruct_3(D)->NVIC_IRQChannelSubPriority
 148              	.LVL7:
 149              		.loc 1 132 0
 150 003a 03F56143 		add	r3, r3, #57600	@ tmp153, tmp153,
 129:Libraries/STM32F10x_StdPeriph_Driver/src/misc.c ****     tmppriority = tmppriority << 0x04;
 151              		.loc 1 129 0
 152 003e 2240     		ands	r2, r2, r4	@, D.5549, tmpsub, D.5549
 153              	.LVL8:
 154 0040 0A43     		orrs	r2, r2, r1	@, tmppriority, D.5549, tmppriority
 155              	.LVL9:
 130:Libraries/STM32F10x_StdPeriph_Driver/src/misc.c ****         
 156              		.loc 1 130 0
 157 0042 1201     		lsls	r2, r2, #4	@ tmppriority, tmppriority,
 158              	.LVL10:
 159              		.loc 1 132 0
 160 0044 D2B2     		uxtb	r2, r2	@ D.5548, tmppriority
 161              	.LVL11:
 162 0046 83F80023 		strb	r2, [r3, #768]	@ D.5548, MEM[(struct NVIC_Type *)3758153984B].IP
 133:Libraries/STM32F10x_StdPeriph_Driver/src/misc.c ****     
 134:Libraries/STM32F10x_StdPeriph_Driver/src/misc.c ****     /* Enable the Selected IRQ Channels --------------------------------------*/
 135:Libraries/STM32F10x_StdPeriph_Driver/src/misc.c ****     NVIC->ISER[NVIC_InitStruct->NVIC_IRQChannel >> 0x05] =
 163              		.loc 1 135 0
 164 004a 0378     		ldrb	r3, [r0]	@ zero_extendqisi2	@ D.5548, NVIC_InitStruct_3(D)->NVIC_IRQChannel
 136:Libraries/STM32F10x_StdPeriph_Driver/src/misc.c ****       (uint32_t)0x01 << (NVIC_InitStruct->NVIC_IRQChannel & (uint8_t)0x1F);
 165              		.loc 1 136 0
 166 004c 0122     		movs	r2, #1	@ tmp158,
 135:Libraries/STM32F10x_StdPeriph_Driver/src/misc.c ****       (uint32_t)0x01 << (NVIC_InitStruct->NVIC_IRQChannel & (uint8_t)0x1F);
 167              		.loc 1 135 0
 168 004e 5909     		lsrs	r1, r3, #5	@ D.5550, D.5548,
 169              		.loc 1 136 0
 170 0050 03F01F03 		and	r3, r3, #31	@ D.5550, D.5548,
 171 0054 02FA03F3 		lsl	r3, r2, r3	@ D.5549, tmp158, D.5550
 135:Libraries/STM32F10x_StdPeriph_Driver/src/misc.c ****       (uint32_t)0x01 << (NVIC_InitStruct->NVIC_IRQChannel & (uint8_t)0x1F);
 172              		.loc 1 135 0
 173 0058 084A     		ldr	r2, .L8+4	@ tmp152,
 174 005a 42F82130 		str	r3, [r2, r1, lsl #2]	@ D.5549, MEM[(struct NVIC_Type *)3758153984B].ISER
 175 005e 10BD     		pop	{r4, pc}	@
 176              	.LVL12:
 177              	.L5:
 137:Libraries/STM32F10x_StdPeriph_Driver/src/misc.c ****   }
 138:Libraries/STM32F10x_StdPeriph_Driver/src/misc.c ****   else
 139:Libraries/STM32F10x_StdPeriph_Driver/src/misc.c ****   {
 140:Libraries/STM32F10x_StdPeriph_Driver/src/misc.c ****     /* Disable the Selected IRQ Channels -------------------------------------*/
 141:Libraries/STM32F10x_StdPeriph_Driver/src/misc.c ****     NVIC->ICER[NVIC_InitStruct->NVIC_IRQChannel >> 0x05] =
 178              		.loc 1 141 0
 179 0060 5A09     		lsrs	r2, r3, #5	@ D.5550, D.5548,
 142:Libraries/STM32F10x_StdPeriph_Driver/src/misc.c ****       (uint32_t)0x01 << (NVIC_InitStruct->NVIC_IRQChannel & (uint8_t)0x1F);
 180              		.loc 1 142 0
 181 0062 0121     		movs	r1, #1	@ tmp163,
 182 0064 03F01F03 		and	r3, r3, #31	@ D.5550, D.5548,
 183 0068 9940     		lsls	r1, r1, r3	@ D.5549, tmp163, D.5550
 141:Libraries/STM32F10x_StdPeriph_Driver/src/misc.c ****       (uint32_t)0x01 << (NVIC_InitStruct->NVIC_IRQChannel & (uint8_t)0x1F);
 184              		.loc 1 141 0
 185 006a 02F12003 		add	r3, r2, #32	@ tmp165, D.5550,
 186 006e 034A     		ldr	r2, .L8+4	@ tmp164,
 187 0070 42F82310 		str	r1, [r2, r3, lsl #2]	@ D.5549, MEM[(struct NVIC_Type *)3758153984B].ICER
ARM GAS  /var/folders/yt/6z6x8bjn5sjf5fbb45bk5m4c0000gn/T//cclFrJiR.s 			page 7


 188 0074 10BD     		pop	{r4, pc}	@
 189              	.L9:
 190 0076 00BF     		.align	2
 191              	.L8:
 192 0078 00ED00E0 		.word	-536810240
 193 007c 00E100E0 		.word	-536813312
 194              		.cfi_endproc
 195              	.LFE30:
 196              		.size	NVIC_Init, .-NVIC_Init
 197              		.align	1
 198              		.global	NVIC_SetVectorTable
 199              		.thumb
 200              		.thumb_func
 201              		.type	NVIC_SetVectorTable, %function
 202              	NVIC_SetVectorTable:
 203              	.LFB31:
 143:Libraries/STM32F10x_StdPeriph_Driver/src/misc.c ****   }
 144:Libraries/STM32F10x_StdPeriph_Driver/src/misc.c **** }
 145:Libraries/STM32F10x_StdPeriph_Driver/src/misc.c **** 
 146:Libraries/STM32F10x_StdPeriph_Driver/src/misc.c **** /**
 147:Libraries/STM32F10x_StdPeriph_Driver/src/misc.c ****   * @brief  Sets the vector table location and Offset.
 148:Libraries/STM32F10x_StdPeriph_Driver/src/misc.c ****   * @param  NVIC_VectTab: specifies if the vector table is in RAM or FLASH memory.
 149:Libraries/STM32F10x_StdPeriph_Driver/src/misc.c ****   *   This parameter can be one of the following values:
 150:Libraries/STM32F10x_StdPeriph_Driver/src/misc.c ****   *     @arg NVIC_VectTab_RAM
 151:Libraries/STM32F10x_StdPeriph_Driver/src/misc.c ****   *     @arg NVIC_VectTab_FLASH
 152:Libraries/STM32F10x_StdPeriph_Driver/src/misc.c ****   * @param  Offset: Vector Table base offset field. This value must be a multiple 
 153:Libraries/STM32F10x_StdPeriph_Driver/src/misc.c ****   *         of 0x200.
 154:Libraries/STM32F10x_StdPeriph_Driver/src/misc.c ****   * @retval None
 155:Libraries/STM32F10x_StdPeriph_Driver/src/misc.c ****   */
 156:Libraries/STM32F10x_StdPeriph_Driver/src/misc.c **** void NVIC_SetVectorTable(uint32_t NVIC_VectTab, uint32_t Offset)
 157:Libraries/STM32F10x_StdPeriph_Driver/src/misc.c **** { 
 204              		.loc 1 157 0
 205              		.cfi_startproc
 206              		@ args = 0, pretend = 0, frame = 0
 207              		@ frame_needed = 0, uses_anonymous_args = 0
 208              		@ link register save eliminated.
 209              	.LVL13:
 158:Libraries/STM32F10x_StdPeriph_Driver/src/misc.c ****   /* Check the parameters */
 159:Libraries/STM32F10x_StdPeriph_Driver/src/misc.c ****   assert_param(IS_NVIC_VECTTAB(NVIC_VectTab));
 160:Libraries/STM32F10x_StdPeriph_Driver/src/misc.c ****   assert_param(IS_NVIC_OFFSET(Offset));  
 161:Libraries/STM32F10x_StdPeriph_Driver/src/misc.c ****    
 162:Libraries/STM32F10x_StdPeriph_Driver/src/misc.c ****   SCB->VTOR = NVIC_VectTab | (Offset & (uint32_t)0x1FFFFF80);
 210              		.loc 1 162 0
 211 0080 21F06041 		bic	r1, r1, #-536870912	@ D.5553, Offset,
 212              	.LVL14:
 213 0084 21F07F01 		bic	r1, r1, #127	@ D.5553, D.5553,
 214 0088 014B     		ldr	r3, .L11	@ tmp116,
 215 008a 0843     		orrs	r0, r0, r1	@, D.5553, NVIC_VectTab, D.5553
 216              	.LVL15:
 217 008c 9860     		str	r0, [r3, #8]	@ D.5553, MEM[(struct SCB_Type *)3758157056B].VTOR
 218 008e 7047     		bx	lr	@
 219              	.L12:
 220              		.align	2
 221              	.L11:
 222 0090 00ED00E0 		.word	-536810240
 223              		.cfi_endproc
 224              	.LFE31:
ARM GAS  /var/folders/yt/6z6x8bjn5sjf5fbb45bk5m4c0000gn/T//cclFrJiR.s 			page 8


 225              		.size	NVIC_SetVectorTable, .-NVIC_SetVectorTable
 226              		.align	1
 227              		.global	NVIC_SystemLPConfig
 228              		.thumb
 229              		.thumb_func
 230              		.type	NVIC_SystemLPConfig, %function
 231              	NVIC_SystemLPConfig:
 232              	.LFB32:
 163:Libraries/STM32F10x_StdPeriph_Driver/src/misc.c **** }
 164:Libraries/STM32F10x_StdPeriph_Driver/src/misc.c **** 
 165:Libraries/STM32F10x_StdPeriph_Driver/src/misc.c **** /**
 166:Libraries/STM32F10x_StdPeriph_Driver/src/misc.c ****   * @brief  Selects the condition for the system to enter low power mode.
 167:Libraries/STM32F10x_StdPeriph_Driver/src/misc.c ****   * @param  LowPowerMode: Specifies the new mode for the system to enter low power mode.
 168:Libraries/STM32F10x_StdPeriph_Driver/src/misc.c ****   *   This parameter can be one of the following values:
 169:Libraries/STM32F10x_StdPeriph_Driver/src/misc.c ****   *     @arg NVIC_LP_SEVONPEND
 170:Libraries/STM32F10x_StdPeriph_Driver/src/misc.c ****   *     @arg NVIC_LP_SLEEPDEEP
 171:Libraries/STM32F10x_StdPeriph_Driver/src/misc.c ****   *     @arg NVIC_LP_SLEEPONEXIT
 172:Libraries/STM32F10x_StdPeriph_Driver/src/misc.c ****   * @param  NewState: new state of LP condition. This parameter can be: ENABLE or DISABLE.
 173:Libraries/STM32F10x_StdPeriph_Driver/src/misc.c ****   * @retval None
 174:Libraries/STM32F10x_StdPeriph_Driver/src/misc.c ****   */
 175:Libraries/STM32F10x_StdPeriph_Driver/src/misc.c **** void NVIC_SystemLPConfig(uint8_t LowPowerMode, FunctionalState NewState)
 176:Libraries/STM32F10x_StdPeriph_Driver/src/misc.c **** {
 233              		.loc 1 176 0
 234              		.cfi_startproc
 235              		@ args = 0, pretend = 0, frame = 0
 236              		@ frame_needed = 0, uses_anonymous_args = 0
 237              		@ link register save eliminated.
 238              	.LVL16:
 239 0094 044B     		ldr	r3, .L17	@ tmp124,
 177:Libraries/STM32F10x_StdPeriph_Driver/src/misc.c ****   /* Check the parameters */
 178:Libraries/STM32F10x_StdPeriph_Driver/src/misc.c ****   assert_param(IS_NVIC_LP(LowPowerMode));
 179:Libraries/STM32F10x_StdPeriph_Driver/src/misc.c ****   assert_param(IS_FUNCTIONAL_STATE(NewState));  
 180:Libraries/STM32F10x_StdPeriph_Driver/src/misc.c ****   
 181:Libraries/STM32F10x_StdPeriph_Driver/src/misc.c ****   if (NewState != DISABLE)
 182:Libraries/STM32F10x_StdPeriph_Driver/src/misc.c ****   {
 183:Libraries/STM32F10x_StdPeriph_Driver/src/misc.c ****     SCB->SCR |= LowPowerMode;
 240              		.loc 1 183 0
 241 0096 1A69     		ldr	r2, [r3, #16]	@ D.5556,
 181:Libraries/STM32F10x_StdPeriph_Driver/src/misc.c ****   {
 242              		.loc 1 181 0
 243 0098 09B1     		cbz	r1, .L14	@ NewState,
 244              		.loc 1 183 0
 245 009a 1043     		orrs	r0, r0, r2	@, D.5556, LowPowerMode, D.5556
 246              	.LVL17:
 247 009c 01E0     		b	.L16	@
 248              	.LVL18:
 249              	.L14:
 184:Libraries/STM32F10x_StdPeriph_Driver/src/misc.c ****   }
 185:Libraries/STM32F10x_StdPeriph_Driver/src/misc.c ****   else
 186:Libraries/STM32F10x_StdPeriph_Driver/src/misc.c ****   {
 187:Libraries/STM32F10x_StdPeriph_Driver/src/misc.c ****     SCB->SCR &= (uint32_t)(~(uint32_t)LowPowerMode);
 250              		.loc 1 187 0
 251 009e 22EA0000 		bic	r0, r2, r0	@ D.5556, D.5556, LowPowerMode
 252              	.LVL19:
 253              	.L16:
 254 00a2 1861     		str	r0, [r3, #16]	@ D.5556,
 255 00a4 7047     		bx	lr	@
ARM GAS  /var/folders/yt/6z6x8bjn5sjf5fbb45bk5m4c0000gn/T//cclFrJiR.s 			page 9


 256              	.L18:
 257 00a6 00BF     		.align	2
 258              	.L17:
 259 00a8 00ED00E0 		.word	-536810240
 260              		.cfi_endproc
 261              	.LFE32:
 262              		.size	NVIC_SystemLPConfig, .-NVIC_SystemLPConfig
 263              		.align	1
 264              		.global	SysTick_CLKSourceConfig
 265              		.thumb
 266              		.thumb_func
 267              		.type	SysTick_CLKSourceConfig, %function
 268              	SysTick_CLKSourceConfig:
 269              	.LFB33:
 188:Libraries/STM32F10x_StdPeriph_Driver/src/misc.c ****   }
 189:Libraries/STM32F10x_StdPeriph_Driver/src/misc.c **** }
 190:Libraries/STM32F10x_StdPeriph_Driver/src/misc.c **** 
 191:Libraries/STM32F10x_StdPeriph_Driver/src/misc.c **** /**
 192:Libraries/STM32F10x_StdPeriph_Driver/src/misc.c ****   * @brief  Configures the SysTick clock source.
 193:Libraries/STM32F10x_StdPeriph_Driver/src/misc.c ****   * @param  SysTick_CLKSource: specifies the SysTick clock source.
 194:Libraries/STM32F10x_StdPeriph_Driver/src/misc.c ****   *   This parameter can be one of the following values:
 195:Libraries/STM32F10x_StdPeriph_Driver/src/misc.c ****   *     @arg SysTick_CLKSource_HCLK_Div8: AHB clock divided by 8 selected as SysTick clock source.
 196:Libraries/STM32F10x_StdPeriph_Driver/src/misc.c ****   *     @arg SysTick_CLKSource_HCLK: AHB clock selected as SysTick clock source.
 197:Libraries/STM32F10x_StdPeriph_Driver/src/misc.c ****   * @retval None
 198:Libraries/STM32F10x_StdPeriph_Driver/src/misc.c ****   */
 199:Libraries/STM32F10x_StdPeriph_Driver/src/misc.c **** void SysTick_CLKSourceConfig(uint32_t SysTick_CLKSource)
 200:Libraries/STM32F10x_StdPeriph_Driver/src/misc.c **** {
 270              		.loc 1 200 0
 271              		.cfi_startproc
 272              		@ args = 0, pretend = 0, frame = 0
 273              		@ frame_needed = 0, uses_anonymous_args = 0
 274              		@ link register save eliminated.
 275              	.LVL20:
 276 00ac 044B     		ldr	r3, .L23	@ tmp119,
 201:Libraries/STM32F10x_StdPeriph_Driver/src/misc.c ****   /* Check the parameters */
 202:Libraries/STM32F10x_StdPeriph_Driver/src/misc.c ****   assert_param(IS_SYSTICK_CLK_SOURCE(SysTick_CLKSource));
 203:Libraries/STM32F10x_StdPeriph_Driver/src/misc.c ****   if (SysTick_CLKSource == SysTick_CLKSource_HCLK)
 277              		.loc 1 203 0
 278 00ae 0428     		cmp	r0, #4	@ SysTick_CLKSource,
 204:Libraries/STM32F10x_StdPeriph_Driver/src/misc.c ****   {
 205:Libraries/STM32F10x_StdPeriph_Driver/src/misc.c ****     SysTick->CTRL |= SysTick_CLKSource_HCLK;
 279              		.loc 1 205 0
 280 00b0 1A68     		ldr	r2, [r3]	@ D.5559,
 281 00b2 0CBF     		ite	eq
 282 00b4 42F00402 		orreq	r2, r2, #4	@ D.5559, D.5559,
 206:Libraries/STM32F10x_StdPeriph_Driver/src/misc.c ****   }
 207:Libraries/STM32F10x_StdPeriph_Driver/src/misc.c ****   else
 208:Libraries/STM32F10x_StdPeriph_Driver/src/misc.c ****   {
 209:Libraries/STM32F10x_StdPeriph_Driver/src/misc.c ****     SysTick->CTRL &= SysTick_CLKSource_HCLK_Div8;
 283              		.loc 1 209 0
 284 00b8 22F00402 		bicne	r2, r2, #4	@ D.5559, D.5559,
 285 00bc 1A60     		str	r2, [r3]	@ D.5559,
 286 00be 7047     		bx	lr	@
 287              	.L24:
 288              		.align	2
 289              	.L23:
 290 00c0 10E000E0 		.word	-536813552
ARM GAS  /var/folders/yt/6z6x8bjn5sjf5fbb45bk5m4c0000gn/T//cclFrJiR.s 			page 10


 291              		.cfi_endproc
 292              	.LFE33:
 293              		.size	SysTick_CLKSourceConfig, .-SysTick_CLKSourceConfig
 294              	.Letext0:
 295              		.file 2 "/usr/local/Cellar/arm-none-eabi-gcc/20150921/arm-none-eabi/include/machine/_default_types
 296              		.file 3 "/usr/local/Cellar/arm-none-eabi-gcc/20150921/arm-none-eabi/include/sys/_stdint.h"
 297              		.file 4 "./Libraries/CMSIS/CM3/CoreSupport/core_cm3.h"
 298              		.file 5 "./Libraries/CMSIS/CM3/DeviceSupport/ST/STM32F10x/stm32f10x.h"
 299              		.file 6 "./Libraries/STM32F10x_StdPeriph_Driver/inc/misc.h"
 300              		.section	.debug_info,"",%progbits
 301              	.Ldebug_info0:
 302 0000 56050000 		.4byte	0x556
 303 0004 0200     		.2byte	0x2
 304 0006 00000000 		.4byte	.Ldebug_abbrev0
 305 000a 04       		.byte	0x4
 306 000b 01       		.uleb128 0x1
 307 000c 3B000000 		.4byte	.LASF68
 308 0010 01       		.byte	0x1
 309 0011 70030000 		.4byte	.LASF69
 310 0015 79010000 		.4byte	.LASF70
 311 0019 00000000 		.4byte	.Ltext0
 312 001d C4000000 		.4byte	.Letext0
 313 0021 00000000 		.4byte	.Ldebug_line0
 314 0025 02       		.uleb128 0x2
 315 0026 01       		.byte	0x1
 316 0027 06       		.byte	0x6
 317 0028 11020000 		.4byte	.LASF0
 318 002c 03       		.uleb128 0x3
 319 002d D1010000 		.4byte	.LASF5
 320 0031 02       		.byte	0x2
 321 0032 1D       		.byte	0x1d
 322 0033 37000000 		.4byte	0x37
 323 0037 02       		.uleb128 0x2
 324 0038 01       		.byte	0x1
 325 0039 08       		.byte	0x8
 326 003a E0010000 		.4byte	.LASF1
 327 003e 02       		.uleb128 0x2
 328 003f 02       		.byte	0x2
 329 0040 05       		.byte	0x5
 330 0041 E7000000 		.4byte	.LASF2
 331 0045 02       		.uleb128 0x2
 332 0046 02       		.byte	0x2
 333 0047 07       		.byte	0x7
 334 0048 85020000 		.4byte	.LASF3
 335 004c 02       		.uleb128 0x2
 336 004d 04       		.byte	0x4
 337 004e 05       		.byte	0x5
 338 004f C8010000 		.4byte	.LASF4
 339 0053 03       		.uleb128 0x3
 340 0054 1F010000 		.4byte	.LASF6
 341 0058 02       		.byte	0x2
 342 0059 41       		.byte	0x41
 343 005a 5E000000 		.4byte	0x5e
 344 005e 02       		.uleb128 0x2
 345 005f 04       		.byte	0x4
 346 0060 07       		.byte	0x7
 347 0061 1A030000 		.4byte	.LASF7
ARM GAS  /var/folders/yt/6z6x8bjn5sjf5fbb45bk5m4c0000gn/T//cclFrJiR.s 			page 11


 348 0065 02       		.uleb128 0x2
 349 0066 08       		.byte	0x8
 350 0067 05       		.byte	0x5
 351 0068 AA010000 		.4byte	.LASF8
 352 006c 02       		.uleb128 0x2
 353 006d 08       		.byte	0x8
 354 006e 07       		.byte	0x7
 355 006f 1D020000 		.4byte	.LASF9
 356 0073 04       		.uleb128 0x4
 357 0074 04       		.byte	0x4
 358 0075 05       		.byte	0x5
 359 0076 696E7400 		.ascii	"int\000"
 360 007a 02       		.uleb128 0x2
 361 007b 04       		.byte	0x4
 362 007c 07       		.byte	0x7
 363 007d 3D020000 		.4byte	.LASF10
 364 0081 03       		.uleb128 0x3
 365 0082 3A010000 		.4byte	.LASF11
 366 0086 03       		.byte	0x3
 367 0087 14       		.byte	0x14
 368 0088 2C000000 		.4byte	0x2c
 369 008c 03       		.uleb128 0x3
 370 008d 34020000 		.4byte	.LASF12
 371 0091 03       		.byte	0x3
 372 0092 20       		.byte	0x20
 373 0093 53000000 		.4byte	0x53
 374 0097 05       		.uleb128 0x5
 375 0098 040E     		.2byte	0xe04
 376 009a 04       		.byte	0x4
 377 009b 85       		.byte	0x85
 378 009c 61010000 		.4byte	0x161
 379 00a0 06       		.uleb128 0x6
 380 00a1 ED020000 		.4byte	.LASF13
 381 00a5 04       		.byte	0x4
 382 00a6 87       		.byte	0x87
 383 00a7 78010000 		.4byte	0x178
 384 00ab 02       		.byte	0x2
 385 00ac 23       		.byte	0x23
 386 00ad 00       		.uleb128 0
 387 00ae 06       		.uleb128 0x6
 388 00af 30010000 		.4byte	.LASF14
 389 00b3 04       		.byte	0x4
 390 00b4 88       		.byte	0x88
 391 00b5 7D010000 		.4byte	0x17d
 392 00b9 02       		.byte	0x2
 393 00ba 23       		.byte	0x23
 394 00bb 20       		.uleb128 0x20
 395 00bc 06       		.uleb128 0x6
 396 00bd E3020000 		.4byte	.LASF15
 397 00c1 04       		.byte	0x4
 398 00c2 89       		.byte	0x89
 399 00c3 8D010000 		.4byte	0x18d
 400 00c7 03       		.byte	0x3
 401 00c8 23       		.byte	0x23
 402 00c9 8001     		.uleb128 0x80
 403 00cb 06       		.uleb128 0x6
 404 00cc 70010000 		.4byte	.LASF16
ARM GAS  /var/folders/yt/6z6x8bjn5sjf5fbb45bk5m4c0000gn/T//cclFrJiR.s 			page 12


 405 00d0 04       		.byte	0x4
 406 00d1 8A       		.byte	0x8a
 407 00d2 7D010000 		.4byte	0x17d
 408 00d6 03       		.byte	0x3
 409 00d7 23       		.byte	0x23
 410 00d8 A001     		.uleb128 0xa0
 411 00da 06       		.uleb128 0x6
 412 00db A9020000 		.4byte	.LASF17
 413 00df 04       		.byte	0x4
 414 00e0 8B       		.byte	0x8b
 415 00e1 92010000 		.4byte	0x192
 416 00e5 03       		.byte	0x3
 417 00e6 23       		.byte	0x23
 418 00e7 8002     		.uleb128 0x100
 419 00e9 06       		.uleb128 0x6
 420 00ea F2020000 		.4byte	.LASF18
 421 00ee 04       		.byte	0x4
 422 00ef 8C       		.byte	0x8c
 423 00f0 7D010000 		.4byte	0x17d
 424 00f4 03       		.byte	0x3
 425 00f5 23       		.byte	0x23
 426 00f6 A002     		.uleb128 0x120
 427 00f8 06       		.uleb128 0x6
 428 00f9 0C020000 		.4byte	.LASF19
 429 00fd 04       		.byte	0x4
 430 00fe 8D       		.byte	0x8d
 431 00ff 97010000 		.4byte	0x197
 432 0103 03       		.byte	0x3
 433 0104 23       		.byte	0x23
 434 0105 8003     		.uleb128 0x180
 435 0107 06       		.uleb128 0x6
 436 0108 FC020000 		.4byte	.LASF20
 437 010c 04       		.byte	0x4
 438 010d 8E       		.byte	0x8e
 439 010e 7D010000 		.4byte	0x17d
 440 0112 03       		.byte	0x3
 441 0113 23       		.byte	0x23
 442 0114 A003     		.uleb128 0x1a0
 443 0116 06       		.uleb128 0x6
 444 0117 00000000 		.4byte	.LASF21
 445 011b 04       		.byte	0x4
 446 011c 8F       		.byte	0x8f
 447 011d 9C010000 		.4byte	0x19c
 448 0121 03       		.byte	0x3
 449 0122 23       		.byte	0x23
 450 0123 8004     		.uleb128 0x200
 451 0125 06       		.uleb128 0x6
 452 0126 06030000 		.4byte	.LASF22
 453 012a 04       		.byte	0x4
 454 012b 90       		.byte	0x90
 455 012c A1010000 		.4byte	0x1a1
 456 0130 03       		.byte	0x3
 457 0131 23       		.byte	0x23
 458 0132 A004     		.uleb128 0x220
 459 0134 07       		.uleb128 0x7
 460 0135 495000   		.ascii	"IP\000"
 461 0138 04       		.byte	0x4
ARM GAS  /var/folders/yt/6z6x8bjn5sjf5fbb45bk5m4c0000gn/T//cclFrJiR.s 			page 13


 462 0139 91       		.byte	0x91
 463 013a C1010000 		.4byte	0x1c1
 464 013e 03       		.byte	0x3
 465 013f 23       		.byte	0x23
 466 0140 8006     		.uleb128 0x300
 467 0142 06       		.uleb128 0x6
 468 0143 10030000 		.4byte	.LASF23
 469 0147 04       		.byte	0x4
 470 0148 92       		.byte	0x92
 471 0149 C6010000 		.4byte	0x1c6
 472 014d 03       		.byte	0x3
 473 014e 23       		.byte	0x23
 474 014f F007     		.uleb128 0x3f0
 475 0151 06       		.uleb128 0x6
 476 0152 5E010000 		.4byte	.LASF24
 477 0156 04       		.byte	0x4
 478 0157 93       		.byte	0x93
 479 0158 D7010000 		.4byte	0x1d7
 480 015c 03       		.byte	0x3
 481 015d 23       		.byte	0x23
 482 015e 801C     		.uleb128 0xe00
 483 0160 00       		.byte	0
 484 0161 08       		.uleb128 0x8
 485 0162 8C000000 		.4byte	0x8c
 486 0166 71010000 		.4byte	0x171
 487 016a 09       		.uleb128 0x9
 488 016b 71010000 		.4byte	0x171
 489 016f 07       		.byte	0x7
 490 0170 00       		.byte	0
 491 0171 02       		.uleb128 0x2
 492 0172 04       		.byte	0x4
 493 0173 07       		.byte	0x7
 494 0174 05010000 		.4byte	.LASF25
 495 0178 0A       		.uleb128 0xa
 496 0179 61010000 		.4byte	0x161
 497 017d 08       		.uleb128 0x8
 498 017e 8C000000 		.4byte	0x8c
 499 0182 8D010000 		.4byte	0x18d
 500 0186 09       		.uleb128 0x9
 501 0187 71010000 		.4byte	0x171
 502 018b 17       		.byte	0x17
 503 018c 00       		.byte	0
 504 018d 0A       		.uleb128 0xa
 505 018e 61010000 		.4byte	0x161
 506 0192 0A       		.uleb128 0xa
 507 0193 61010000 		.4byte	0x161
 508 0197 0A       		.uleb128 0xa
 509 0198 61010000 		.4byte	0x161
 510 019c 0A       		.uleb128 0xa
 511 019d 61010000 		.4byte	0x161
 512 01a1 08       		.uleb128 0x8
 513 01a2 8C000000 		.4byte	0x8c
 514 01a6 B1010000 		.4byte	0x1b1
 515 01aa 09       		.uleb128 0x9
 516 01ab 71010000 		.4byte	0x171
 517 01af 37       		.byte	0x37
 518 01b0 00       		.byte	0
ARM GAS  /var/folders/yt/6z6x8bjn5sjf5fbb45bk5m4c0000gn/T//cclFrJiR.s 			page 14


 519 01b1 08       		.uleb128 0x8
 520 01b2 81000000 		.4byte	0x81
 521 01b6 C1010000 		.4byte	0x1c1
 522 01ba 09       		.uleb128 0x9
 523 01bb 71010000 		.4byte	0x171
 524 01bf EF       		.byte	0xef
 525 01c0 00       		.byte	0
 526 01c1 0A       		.uleb128 0xa
 527 01c2 B1010000 		.4byte	0x1b1
 528 01c6 08       		.uleb128 0x8
 529 01c7 8C000000 		.4byte	0x8c
 530 01cb D7010000 		.4byte	0x1d7
 531 01cf 0B       		.uleb128 0xb
 532 01d0 71010000 		.4byte	0x171
 533 01d4 8302     		.2byte	0x283
 534 01d6 00       		.byte	0
 535 01d7 0A       		.uleb128 0xa
 536 01d8 8C000000 		.4byte	0x8c
 537 01dc 03       		.uleb128 0x3
 538 01dd 02020000 		.4byte	.LASF26
 539 01e1 04       		.byte	0x4
 540 01e2 94       		.byte	0x94
 541 01e3 97000000 		.4byte	0x97
 542 01e7 0C       		.uleb128 0xc
 543 01e8 74       		.byte	0x74
 544 01e9 04       		.byte	0x4
 545 01ea 9C       		.byte	0x9c
 546 01eb FA020000 		.4byte	0x2fa
 547 01ef 06       		.uleb128 0x6
 548 01f0 2A010000 		.4byte	.LASF27
 549 01f4 04       		.byte	0x4
 550 01f5 9E       		.byte	0x9e
 551 01f6 FA020000 		.4byte	0x2fa
 552 01fa 02       		.byte	0x2
 553 01fb 23       		.byte	0x23
 554 01fc 00       		.uleb128 0
 555 01fd 06       		.uleb128 0x6
 556 01fe 6B010000 		.4byte	.LASF28
 557 0202 04       		.byte	0x4
 558 0203 9F       		.byte	0x9f
 559 0204 D7010000 		.4byte	0x1d7
 560 0208 02       		.byte	0x2
 561 0209 23       		.byte	0x23
 562 020a 04       		.uleb128 0x4
 563 020b 06       		.uleb128 0x6
 564 020c BE010000 		.4byte	.LASF29
 565 0210 04       		.byte	0x4
 566 0211 A0       		.byte	0xa0
 567 0212 D7010000 		.4byte	0x1d7
 568 0216 02       		.byte	0x2
 569 0217 23       		.byte	0x23
 570 0218 08       		.uleb128 0x8
 571 0219 06       		.uleb128 0x6
 572 021a EE010000 		.4byte	.LASF30
 573 021e 04       		.byte	0x4
 574 021f A1       		.byte	0xa1
 575 0220 D7010000 		.4byte	0x1d7
ARM GAS  /var/folders/yt/6z6x8bjn5sjf5fbb45bk5m4c0000gn/T//cclFrJiR.s 			page 15


 576 0224 02       		.byte	0x2
 577 0225 23       		.byte	0x23
 578 0226 0C       		.uleb128 0xc
 579 0227 07       		.uleb128 0x7
 580 0228 53435200 		.ascii	"SCR\000"
 581 022c 04       		.byte	0x4
 582 022d A2       		.byte	0xa2
 583 022e D7010000 		.4byte	0x1d7
 584 0232 02       		.byte	0x2
 585 0233 23       		.byte	0x23
 586 0234 10       		.uleb128 0x10
 587 0235 07       		.uleb128 0x7
 588 0236 43435200 		.ascii	"CCR\000"
 589 023a 04       		.byte	0x4
 590 023b A3       		.byte	0xa3
 591 023c D7010000 		.4byte	0x1d7
 592 0240 02       		.byte	0x2
 593 0241 23       		.byte	0x23
 594 0242 14       		.uleb128 0x14
 595 0243 07       		.uleb128 0x7
 596 0244 53485000 		.ascii	"SHP\000"
 597 0248 04       		.byte	0x4
 598 0249 A4       		.byte	0xa4
 599 024a 0F030000 		.4byte	0x30f
 600 024e 02       		.byte	0x2
 601 024f 23       		.byte	0x23
 602 0250 18       		.uleb128 0x18
 603 0251 06       		.uleb128 0x6
 604 0252 4A020000 		.4byte	.LASF31
 605 0256 04       		.byte	0x4
 606 0257 A5       		.byte	0xa5
 607 0258 D7010000 		.4byte	0x1d7
 608 025c 02       		.byte	0x2
 609 025d 23       		.byte	0x23
 610 025e 24       		.uleb128 0x24
 611 025f 06       		.uleb128 0x6
 612 0260 DB010000 		.4byte	.LASF32
 613 0264 04       		.byte	0x4
 614 0265 A6       		.byte	0xa6
 615 0266 D7010000 		.4byte	0x1d7
 616 026a 02       		.byte	0x2
 617 026b 23       		.byte	0x23
 618 026c 28       		.uleb128 0x28
 619 026d 06       		.uleb128 0x6
 620 026e DE020000 		.4byte	.LASF33
 621 0272 04       		.byte	0x4
 622 0273 A7       		.byte	0xa7
 623 0274 D7010000 		.4byte	0x1d7
 624 0278 02       		.byte	0x2
 625 0279 23       		.byte	0x23
 626 027a 2C       		.uleb128 0x2c
 627 027b 06       		.uleb128 0x6
 628 027c AE020000 		.4byte	.LASF34
 629 0280 04       		.byte	0x4
 630 0281 A8       		.byte	0xa8
 631 0282 D7010000 		.4byte	0x1d7
 632 0286 02       		.byte	0x2
ARM GAS  /var/folders/yt/6z6x8bjn5sjf5fbb45bk5m4c0000gn/T//cclFrJiR.s 			page 16


 633 0287 23       		.byte	0x23
 634 0288 30       		.uleb128 0x30
 635 0289 06       		.uleb128 0x6
 636 028a 50020000 		.4byte	.LASF35
 637 028e 04       		.byte	0x4
 638 028f A9       		.byte	0xa9
 639 0290 D7010000 		.4byte	0x1d7
 640 0294 02       		.byte	0x2
 641 0295 23       		.byte	0x23
 642 0296 34       		.uleb128 0x34
 643 0297 06       		.uleb128 0x6
 644 0298 C3010000 		.4byte	.LASF36
 645 029c 04       		.byte	0x4
 646 029d AA       		.byte	0xaa
 647 029e D7010000 		.4byte	0x1d7
 648 02a2 02       		.byte	0x2
 649 02a3 23       		.byte	0x23
 650 02a4 38       		.uleb128 0x38
 651 02a5 06       		.uleb128 0x6
 652 02a6 A0030000 		.4byte	.LASF37
 653 02aa 04       		.byte	0x4
 654 02ab AB       		.byte	0xab
 655 02ac D7010000 		.4byte	0x1d7
 656 02b0 02       		.byte	0x2
 657 02b1 23       		.byte	0x23
 658 02b2 3C       		.uleb128 0x3c
 659 02b3 07       		.uleb128 0x7
 660 02b4 50465200 		.ascii	"PFR\000"
 661 02b8 04       		.byte	0x4
 662 02b9 AC       		.byte	0xac
 663 02ba 24030000 		.4byte	0x324
 664 02be 02       		.byte	0x2
 665 02bf 23       		.byte	0x23
 666 02c0 40       		.uleb128 0x40
 667 02c1 07       		.uleb128 0x7
 668 02c2 44465200 		.ascii	"DFR\000"
 669 02c6 04       		.byte	0x4
 670 02c7 AD       		.byte	0xad
 671 02c8 FA020000 		.4byte	0x2fa
 672 02cc 02       		.byte	0x2
 673 02cd 23       		.byte	0x23
 674 02ce 48       		.uleb128 0x48
 675 02cf 07       		.uleb128 0x7
 676 02d0 41445200 		.ascii	"ADR\000"
 677 02d4 04       		.byte	0x4
 678 02d5 AE       		.byte	0xae
 679 02d6 FA020000 		.4byte	0x2fa
 680 02da 02       		.byte	0x2
 681 02db 23       		.byte	0x23
 682 02dc 4C       		.uleb128 0x4c
 683 02dd 06       		.uleb128 0x6
 684 02de E8020000 		.4byte	.LASF38
 685 02e2 04       		.byte	0x4
 686 02e3 AF       		.byte	0xaf
 687 02e4 3E030000 		.4byte	0x33e
 688 02e8 02       		.byte	0x2
 689 02e9 23       		.byte	0x23
ARM GAS  /var/folders/yt/6z6x8bjn5sjf5fbb45bk5m4c0000gn/T//cclFrJiR.s 			page 17


 690 02ea 50       		.uleb128 0x50
 691 02eb 06       		.uleb128 0x6
 692 02ec A4020000 		.4byte	.LASF39
 693 02f0 04       		.byte	0x4
 694 02f1 B0       		.byte	0xb0
 695 02f2 58030000 		.4byte	0x358
 696 02f6 02       		.byte	0x2
 697 02f7 23       		.byte	0x23
 698 02f8 60       		.uleb128 0x60
 699 02f9 00       		.byte	0
 700 02fa 0D       		.uleb128 0xd
 701 02fb D7010000 		.4byte	0x1d7
 702 02ff 08       		.uleb128 0x8
 703 0300 81000000 		.4byte	0x81
 704 0304 0F030000 		.4byte	0x30f
 705 0308 09       		.uleb128 0x9
 706 0309 71010000 		.4byte	0x171
 707 030d 0B       		.byte	0xb
 708 030e 00       		.byte	0
 709 030f 0A       		.uleb128 0xa
 710 0310 FF020000 		.4byte	0x2ff
 711 0314 08       		.uleb128 0x8
 712 0315 8C000000 		.4byte	0x8c
 713 0319 24030000 		.4byte	0x324
 714 031d 09       		.uleb128 0x9
 715 031e 71010000 		.4byte	0x171
 716 0322 01       		.byte	0x1
 717 0323 00       		.byte	0
 718 0324 0D       		.uleb128 0xd
 719 0325 29030000 		.4byte	0x329
 720 0329 0A       		.uleb128 0xa
 721 032a 14030000 		.4byte	0x314
 722 032e 08       		.uleb128 0x8
 723 032f 8C000000 		.4byte	0x8c
 724 0333 3E030000 		.4byte	0x33e
 725 0337 09       		.uleb128 0x9
 726 0338 71010000 		.4byte	0x171
 727 033c 03       		.byte	0x3
 728 033d 00       		.byte	0
 729 033e 0D       		.uleb128 0xd
 730 033f 43030000 		.4byte	0x343
 731 0343 0A       		.uleb128 0xa
 732 0344 2E030000 		.4byte	0x32e
 733 0348 08       		.uleb128 0x8
 734 0349 8C000000 		.4byte	0x8c
 735 034d 58030000 		.4byte	0x358
 736 0351 09       		.uleb128 0x9
 737 0352 71010000 		.4byte	0x171
 738 0356 04       		.byte	0x4
 739 0357 00       		.byte	0
 740 0358 0D       		.uleb128 0xd
 741 0359 5D030000 		.4byte	0x35d
 742 035d 0A       		.uleb128 0xa
 743 035e 48030000 		.4byte	0x348
 744 0362 03       		.uleb128 0x3
 745 0363 F4010000 		.4byte	.LASF40
 746 0367 04       		.byte	0x4
ARM GAS  /var/folders/yt/6z6x8bjn5sjf5fbb45bk5m4c0000gn/T//cclFrJiR.s 			page 18


 747 0368 B1       		.byte	0xb1
 748 0369 E7010000 		.4byte	0x1e7
 749 036d 0E       		.uleb128 0xe
 750 036e 10       		.byte	0x10
 751 036f 04       		.byte	0x4
 752 0370 6E01     		.2byte	0x16e
 753 0372 B3030000 		.4byte	0x3b3
 754 0376 0F       		.uleb128 0xf
 755 0377 FD010000 		.4byte	.LASF41
 756 037b 04       		.byte	0x4
 757 037c 7001     		.2byte	0x170
 758 037e D7010000 		.4byte	0x1d7
 759 0382 02       		.byte	0x2
 760 0383 23       		.byte	0x23
 761 0384 00       		.uleb128 0
 762 0385 0F       		.uleb128 0xf
 763 0386 6B030000 		.4byte	.LASF42
 764 038a 04       		.byte	0x4
 765 038b 7101     		.2byte	0x171
 766 038d D7010000 		.4byte	0x1d7
 767 0391 02       		.byte	0x2
 768 0392 23       		.byte	0x23
 769 0393 04       		.uleb128 0x4
 770 0394 10       		.uleb128 0x10
 771 0395 56414C00 		.ascii	"VAL\000"
 772 0399 04       		.byte	0x4
 773 039a 7201     		.2byte	0x172
 774 039c D7010000 		.4byte	0x1d7
 775 03a0 02       		.byte	0x2
 776 03a1 23       		.byte	0x23
 777 03a2 08       		.uleb128 0x8
 778 03a3 0F       		.uleb128 0xf
 779 03a4 B8010000 		.4byte	.LASF43
 780 03a8 04       		.byte	0x4
 781 03a9 7301     		.2byte	0x173
 782 03ab FA020000 		.4byte	0x2fa
 783 03af 02       		.byte	0x2
 784 03b0 23       		.byte	0x23
 785 03b1 0C       		.uleb128 0xc
 786 03b2 00       		.byte	0
 787 03b3 11       		.uleb128 0x11
 788 03b4 78020000 		.4byte	.LASF44
 789 03b8 04       		.byte	0x4
 790 03b9 7401     		.2byte	0x174
 791 03bb 6D030000 		.4byte	0x36d
 792 03bf 12       		.uleb128 0x12
 793 03c0 01       		.byte	0x1
 794 03c1 05       		.byte	0x5
 795 03c2 0902     		.2byte	0x209
 796 03c4 D5030000 		.4byte	0x3d5
 797 03c8 13       		.uleb128 0x13
 798 03c9 63010000 		.4byte	.LASF45
 799 03cd 00       		.sleb128 0
 800 03ce 13       		.uleb128 0x13
 801 03cf BF030000 		.4byte	.LASF46
 802 03d3 01       		.sleb128 1
 803 03d4 00       		.byte	0
ARM GAS  /var/folders/yt/6z6x8bjn5sjf5fbb45bk5m4c0000gn/T//cclFrJiR.s 			page 19


 804 03d5 11       		.uleb128 0x11
 805 03d6 4E030000 		.4byte	.LASF47
 806 03da 05       		.byte	0x5
 807 03db 0902     		.2byte	0x209
 808 03dd BF030000 		.4byte	0x3bf
 809 03e1 0C       		.uleb128 0xc
 810 03e2 04       		.byte	0x4
 811 03e3 06       		.byte	0x6
 812 03e4 32       		.byte	0x32
 813 03e5 22040000 		.4byte	0x422
 814 03e9 06       		.uleb128 0x6
 815 03ea B3020000 		.4byte	.LASF48
 816 03ee 06       		.byte	0x6
 817 03ef 34       		.byte	0x34
 818 03f0 81000000 		.4byte	0x81
 819 03f4 02       		.byte	0x2
 820 03f5 23       		.byte	0x23
 821 03f6 00       		.uleb128 0
 822 03f7 06       		.uleb128 0x6
 823 03f8 2C030000 		.4byte	.LASF49
 824 03fc 06       		.byte	0x6
 825 03fd 39       		.byte	0x39
 826 03fe 81000000 		.4byte	0x81
 827 0402 02       		.byte	0x2
 828 0403 23       		.byte	0x23
 829 0404 01       		.uleb128 0x1
 830 0405 06       		.uleb128 0x6
 831 0406 C3020000 		.4byte	.LASF50
 832 040a 06       		.byte	0x6
 833 040b 3D       		.byte	0x3d
 834 040c 81000000 		.4byte	0x81
 835 0410 02       		.byte	0x2
 836 0411 23       		.byte	0x23
 837 0412 02       		.uleb128 0x2
 838 0413 06       		.uleb128 0x6
 839 0414 16000000 		.4byte	.LASF51
 840 0418 06       		.byte	0x6
 841 0419 41       		.byte	0x41
 842 041a D5030000 		.4byte	0x3d5
 843 041e 02       		.byte	0x2
 844 041f 23       		.byte	0x23
 845 0420 03       		.uleb128 0x3
 846 0421 00       		.byte	0
 847 0422 03       		.uleb128 0x3
 848 0423 05000000 		.4byte	.LASF52
 849 0427 06       		.byte	0x6
 850 0428 44       		.byte	0x44
 851 0429 E1030000 		.4byte	0x3e1
 852 042d 14       		.uleb128 0x14
 853 042e 01       		.byte	0x1
 854 042f C6030000 		.4byte	.LASF53
 855 0433 01       		.byte	0x1
 856 0434 60       		.byte	0x60
 857 0435 01       		.byte	0x1
 858 0436 00000000 		.4byte	.LFB29
 859 043a 14000000 		.4byte	.LFE29
 860 043e 02       		.byte	0x2
ARM GAS  /var/folders/yt/6z6x8bjn5sjf5fbb45bk5m4c0000gn/T//cclFrJiR.s 			page 20


 861 043f 7D       		.byte	0x7d
 862 0440 00       		.sleb128 0
 863 0441 01       		.byte	0x1
 864 0442 56040000 		.4byte	0x456
 865 0446 15       		.uleb128 0x15
 866 0447 42010000 		.4byte	.LASF55
 867 044b 01       		.byte	0x1
 868 044c 60       		.byte	0x60
 869 044d 8C000000 		.4byte	0x8c
 870 0451 00000000 		.4byte	.LLST0
 871 0455 00       		.byte	0
 872 0456 16       		.uleb128 0x16
 873 0457 01       		.byte	0x1
 874 0458 0E010000 		.4byte	.LASF54
 875 045c 01       		.byte	0x1
 876 045d 70       		.byte	0x70
 877 045e 01       		.byte	0x1
 878 045f 14000000 		.4byte	.LFB30
 879 0463 80000000 		.4byte	.LFE30
 880 0467 21000000 		.4byte	.LLST1
 881 046b 01       		.byte	0x1
 882 046c AB040000 		.4byte	0x4ab
 883 0470 17       		.uleb128 0x17
 884 0471 BF000000 		.4byte	.LASF56
 885 0475 01       		.byte	0x1
 886 0476 70       		.byte	0x70
 887 0477 AB040000 		.4byte	0x4ab
 888 047b 01       		.byte	0x1
 889 047c 50       		.byte	0x50
 890 047d 18       		.uleb128 0x18
 891 047e 98020000 		.4byte	.LASF57
 892 0482 01       		.byte	0x1
 893 0483 72       		.byte	0x72
 894 0484 8C000000 		.4byte	0x8c
 895 0488 41000000 		.4byte	.LLST2
 896 048c 18       		.uleb128 0x18
 897 048d 18010000 		.4byte	.LASF58
 898 0491 01       		.byte	0x1
 899 0492 72       		.byte	0x72
 900 0493 8C000000 		.4byte	0x8c
 901 0497 91000000 		.4byte	.LLST3
 902 049b 18       		.uleb128 0x18
 903 049c 56020000 		.4byte	.LASF59
 904 04a0 01       		.byte	0x1
 905 04a1 72       		.byte	0x72
 906 04a2 8C000000 		.4byte	0x8c
 907 04a6 DA000000 		.4byte	.LLST4
 908 04aa 00       		.byte	0
 909 04ab 19       		.uleb128 0x19
 910 04ac 04       		.byte	0x4
 911 04ad 22040000 		.4byte	0x422
 912 04b1 14       		.uleb128 0x14
 913 04b2 01       		.byte	0x1
 914 04b3 F1000000 		.4byte	.LASF60
 915 04b7 01       		.byte	0x1
 916 04b8 9C       		.byte	0x9c
 917 04b9 01       		.byte	0x1
ARM GAS  /var/folders/yt/6z6x8bjn5sjf5fbb45bk5m4c0000gn/T//cclFrJiR.s 			page 21


 918 04ba 80000000 		.4byte	.LFB31
 919 04be 94000000 		.4byte	.LFE31
 920 04c2 02       		.byte	0x2
 921 04c3 7D       		.byte	0x7d
 922 04c4 00       		.sleb128 0
 923 04c5 01       		.byte	0x1
 924 04c6 E9040000 		.4byte	0x4e9
 925 04ca 15       		.uleb128 0x15
 926 04cb 5E030000 		.4byte	.LASF61
 927 04cf 01       		.byte	0x1
 928 04d0 9C       		.byte	0x9c
 929 04d1 8C000000 		.4byte	0x8c
 930 04d5 14010000 		.4byte	.LLST5
 931 04d9 15       		.uleb128 0x15
 932 04da 71020000 		.4byte	.LASF62
 933 04de 01       		.byte	0x1
 934 04df 9C       		.byte	0x9c
 935 04e0 8C000000 		.4byte	0x8c
 936 04e4 35010000 		.4byte	.LLST6
 937 04e8 00       		.byte	0
 938 04e9 14       		.uleb128 0x14
 939 04ea 01       		.byte	0x1
 940 04eb 5D020000 		.4byte	.LASF63
 941 04ef 01       		.byte	0x1
 942 04f0 AF       		.byte	0xaf
 943 04f1 01       		.byte	0x1
 944 04f2 94000000 		.4byte	.LFB32
 945 04f6 AC000000 		.4byte	.LFE32
 946 04fa 02       		.byte	0x2
 947 04fb 7D       		.byte	0x7d
 948 04fc 00       		.sleb128 0
 949 04fd 01       		.byte	0x1
 950 04fe 1F050000 		.4byte	0x51f
 951 0502 15       		.uleb128 0x15
 952 0503 A5030000 		.4byte	.LASF64
 953 0507 01       		.byte	0x1
 954 0508 AF       		.byte	0xaf
 955 0509 81000000 		.4byte	0x81
 956 050d 56010000 		.4byte	.LLST7
 957 0511 17       		.uleb128 0x17
 958 0512 55010000 		.4byte	.LASF65
 959 0516 01       		.byte	0x1
 960 0517 AF       		.byte	0xaf
 961 0518 D5030000 		.4byte	0x3d5
 962 051c 01       		.byte	0x1
 963 051d 51       		.byte	0x51
 964 051e 00       		.byte	0
 965 051f 14       		.uleb128 0x14
 966 0520 01       		.byte	0x1
 967 0521 CF000000 		.4byte	.LASF66
 968 0525 01       		.byte	0x1
 969 0526 C7       		.byte	0xc7
 970 0527 01       		.byte	0x1
 971 0528 AC000000 		.4byte	.LFB33
 972 052c C4000000 		.4byte	.LFE33
 973 0530 02       		.byte	0x2
 974 0531 7D       		.byte	0x7d
ARM GAS  /var/folders/yt/6z6x8bjn5sjf5fbb45bk5m4c0000gn/T//cclFrJiR.s 			page 22


 975 0532 00       		.sleb128 0
 976 0533 01       		.byte	0x1
 977 0534 46050000 		.4byte	0x546
 978 0538 17       		.uleb128 0x17
 979 0539 29000000 		.4byte	.LASF67
 980 053d 01       		.byte	0x1
 981 053e C7       		.byte	0xc7
 982 053f 8C000000 		.4byte	0x8c
 983 0543 01       		.byte	0x1
 984 0544 50       		.byte	0x50
 985 0545 00       		.byte	0
 986 0546 1A       		.uleb128 0x1a
 987 0547 B2030000 		.4byte	.LASF71
 988 054b 04       		.byte	0x4
 989 054c CF06     		.2byte	0x6cf
 990 054e 54050000 		.4byte	0x554
 991 0552 01       		.byte	0x1
 992 0553 01       		.byte	0x1
 993 0554 0A       		.uleb128 0xa
 994 0555 73000000 		.4byte	0x73
 995 0559 00       		.byte	0
 996              		.section	.debug_abbrev,"",%progbits
 997              	.Ldebug_abbrev0:
 998 0000 01       		.uleb128 0x1
 999 0001 11       		.uleb128 0x11
 1000 0002 01       		.byte	0x1
 1001 0003 25       		.uleb128 0x25
 1002 0004 0E       		.uleb128 0xe
 1003 0005 13       		.uleb128 0x13
 1004 0006 0B       		.uleb128 0xb
 1005 0007 03       		.uleb128 0x3
 1006 0008 0E       		.uleb128 0xe
 1007 0009 1B       		.uleb128 0x1b
 1008 000a 0E       		.uleb128 0xe
 1009 000b 11       		.uleb128 0x11
 1010 000c 01       		.uleb128 0x1
 1011 000d 12       		.uleb128 0x12
 1012 000e 01       		.uleb128 0x1
 1013 000f 10       		.uleb128 0x10
 1014 0010 06       		.uleb128 0x6
 1015 0011 00       		.byte	0
 1016 0012 00       		.byte	0
 1017 0013 02       		.uleb128 0x2
 1018 0014 24       		.uleb128 0x24
 1019 0015 00       		.byte	0
 1020 0016 0B       		.uleb128 0xb
 1021 0017 0B       		.uleb128 0xb
 1022 0018 3E       		.uleb128 0x3e
 1023 0019 0B       		.uleb128 0xb
 1024 001a 03       		.uleb128 0x3
 1025 001b 0E       		.uleb128 0xe
 1026 001c 00       		.byte	0
 1027 001d 00       		.byte	0
 1028 001e 03       		.uleb128 0x3
 1029 001f 16       		.uleb128 0x16
 1030 0020 00       		.byte	0
 1031 0021 03       		.uleb128 0x3
ARM GAS  /var/folders/yt/6z6x8bjn5sjf5fbb45bk5m4c0000gn/T//cclFrJiR.s 			page 23


 1032 0022 0E       		.uleb128 0xe
 1033 0023 3A       		.uleb128 0x3a
 1034 0024 0B       		.uleb128 0xb
 1035 0025 3B       		.uleb128 0x3b
 1036 0026 0B       		.uleb128 0xb
 1037 0027 49       		.uleb128 0x49
 1038 0028 13       		.uleb128 0x13
 1039 0029 00       		.byte	0
 1040 002a 00       		.byte	0
 1041 002b 04       		.uleb128 0x4
 1042 002c 24       		.uleb128 0x24
 1043 002d 00       		.byte	0
 1044 002e 0B       		.uleb128 0xb
 1045 002f 0B       		.uleb128 0xb
 1046 0030 3E       		.uleb128 0x3e
 1047 0031 0B       		.uleb128 0xb
 1048 0032 03       		.uleb128 0x3
 1049 0033 08       		.uleb128 0x8
 1050 0034 00       		.byte	0
 1051 0035 00       		.byte	0
 1052 0036 05       		.uleb128 0x5
 1053 0037 13       		.uleb128 0x13
 1054 0038 01       		.byte	0x1
 1055 0039 0B       		.uleb128 0xb
 1056 003a 05       		.uleb128 0x5
 1057 003b 3A       		.uleb128 0x3a
 1058 003c 0B       		.uleb128 0xb
 1059 003d 3B       		.uleb128 0x3b
 1060 003e 0B       		.uleb128 0xb
 1061 003f 01       		.uleb128 0x1
 1062 0040 13       		.uleb128 0x13
 1063 0041 00       		.byte	0
 1064 0042 00       		.byte	0
 1065 0043 06       		.uleb128 0x6
 1066 0044 0D       		.uleb128 0xd
 1067 0045 00       		.byte	0
 1068 0046 03       		.uleb128 0x3
 1069 0047 0E       		.uleb128 0xe
 1070 0048 3A       		.uleb128 0x3a
 1071 0049 0B       		.uleb128 0xb
 1072 004a 3B       		.uleb128 0x3b
 1073 004b 0B       		.uleb128 0xb
 1074 004c 49       		.uleb128 0x49
 1075 004d 13       		.uleb128 0x13
 1076 004e 38       		.uleb128 0x38
 1077 004f 0A       		.uleb128 0xa
 1078 0050 00       		.byte	0
 1079 0051 00       		.byte	0
 1080 0052 07       		.uleb128 0x7
 1081 0053 0D       		.uleb128 0xd
 1082 0054 00       		.byte	0
 1083 0055 03       		.uleb128 0x3
 1084 0056 08       		.uleb128 0x8
 1085 0057 3A       		.uleb128 0x3a
 1086 0058 0B       		.uleb128 0xb
 1087 0059 3B       		.uleb128 0x3b
 1088 005a 0B       		.uleb128 0xb
ARM GAS  /var/folders/yt/6z6x8bjn5sjf5fbb45bk5m4c0000gn/T//cclFrJiR.s 			page 24


 1089 005b 49       		.uleb128 0x49
 1090 005c 13       		.uleb128 0x13
 1091 005d 38       		.uleb128 0x38
 1092 005e 0A       		.uleb128 0xa
 1093 005f 00       		.byte	0
 1094 0060 00       		.byte	0
 1095 0061 08       		.uleb128 0x8
 1096 0062 01       		.uleb128 0x1
 1097 0063 01       		.byte	0x1
 1098 0064 49       		.uleb128 0x49
 1099 0065 13       		.uleb128 0x13
 1100 0066 01       		.uleb128 0x1
 1101 0067 13       		.uleb128 0x13
 1102 0068 00       		.byte	0
 1103 0069 00       		.byte	0
 1104 006a 09       		.uleb128 0x9
 1105 006b 21       		.uleb128 0x21
 1106 006c 00       		.byte	0
 1107 006d 49       		.uleb128 0x49
 1108 006e 13       		.uleb128 0x13
 1109 006f 2F       		.uleb128 0x2f
 1110 0070 0B       		.uleb128 0xb
 1111 0071 00       		.byte	0
 1112 0072 00       		.byte	0
 1113 0073 0A       		.uleb128 0xa
 1114 0074 35       		.uleb128 0x35
 1115 0075 00       		.byte	0
 1116 0076 49       		.uleb128 0x49
 1117 0077 13       		.uleb128 0x13
 1118 0078 00       		.byte	0
 1119 0079 00       		.byte	0
 1120 007a 0B       		.uleb128 0xb
 1121 007b 21       		.uleb128 0x21
 1122 007c 00       		.byte	0
 1123 007d 49       		.uleb128 0x49
 1124 007e 13       		.uleb128 0x13
 1125 007f 2F       		.uleb128 0x2f
 1126 0080 05       		.uleb128 0x5
 1127 0081 00       		.byte	0
 1128 0082 00       		.byte	0
 1129 0083 0C       		.uleb128 0xc
 1130 0084 13       		.uleb128 0x13
 1131 0085 01       		.byte	0x1
 1132 0086 0B       		.uleb128 0xb
 1133 0087 0B       		.uleb128 0xb
 1134 0088 3A       		.uleb128 0x3a
 1135 0089 0B       		.uleb128 0xb
 1136 008a 3B       		.uleb128 0x3b
 1137 008b 0B       		.uleb128 0xb
 1138 008c 01       		.uleb128 0x1
 1139 008d 13       		.uleb128 0x13
 1140 008e 00       		.byte	0
 1141 008f 00       		.byte	0
 1142 0090 0D       		.uleb128 0xd
 1143 0091 26       		.uleb128 0x26
 1144 0092 00       		.byte	0
 1145 0093 49       		.uleb128 0x49
ARM GAS  /var/folders/yt/6z6x8bjn5sjf5fbb45bk5m4c0000gn/T//cclFrJiR.s 			page 25


 1146 0094 13       		.uleb128 0x13
 1147 0095 00       		.byte	0
 1148 0096 00       		.byte	0
 1149 0097 0E       		.uleb128 0xe
 1150 0098 13       		.uleb128 0x13
 1151 0099 01       		.byte	0x1
 1152 009a 0B       		.uleb128 0xb
 1153 009b 0B       		.uleb128 0xb
 1154 009c 3A       		.uleb128 0x3a
 1155 009d 0B       		.uleb128 0xb
 1156 009e 3B       		.uleb128 0x3b
 1157 009f 05       		.uleb128 0x5
 1158 00a0 01       		.uleb128 0x1
 1159 00a1 13       		.uleb128 0x13
 1160 00a2 00       		.byte	0
 1161 00a3 00       		.byte	0
 1162 00a4 0F       		.uleb128 0xf
 1163 00a5 0D       		.uleb128 0xd
 1164 00a6 00       		.byte	0
 1165 00a7 03       		.uleb128 0x3
 1166 00a8 0E       		.uleb128 0xe
 1167 00a9 3A       		.uleb128 0x3a
 1168 00aa 0B       		.uleb128 0xb
 1169 00ab 3B       		.uleb128 0x3b
 1170 00ac 05       		.uleb128 0x5
 1171 00ad 49       		.uleb128 0x49
 1172 00ae 13       		.uleb128 0x13
 1173 00af 38       		.uleb128 0x38
 1174 00b0 0A       		.uleb128 0xa
 1175 00b1 00       		.byte	0
 1176 00b2 00       		.byte	0
 1177 00b3 10       		.uleb128 0x10
 1178 00b4 0D       		.uleb128 0xd
 1179 00b5 00       		.byte	0
 1180 00b6 03       		.uleb128 0x3
 1181 00b7 08       		.uleb128 0x8
 1182 00b8 3A       		.uleb128 0x3a
 1183 00b9 0B       		.uleb128 0xb
 1184 00ba 3B       		.uleb128 0x3b
 1185 00bb 05       		.uleb128 0x5
 1186 00bc 49       		.uleb128 0x49
 1187 00bd 13       		.uleb128 0x13
 1188 00be 38       		.uleb128 0x38
 1189 00bf 0A       		.uleb128 0xa
 1190 00c0 00       		.byte	0
 1191 00c1 00       		.byte	0
 1192 00c2 11       		.uleb128 0x11
 1193 00c3 16       		.uleb128 0x16
 1194 00c4 00       		.byte	0
 1195 00c5 03       		.uleb128 0x3
 1196 00c6 0E       		.uleb128 0xe
 1197 00c7 3A       		.uleb128 0x3a
 1198 00c8 0B       		.uleb128 0xb
 1199 00c9 3B       		.uleb128 0x3b
 1200 00ca 05       		.uleb128 0x5
 1201 00cb 49       		.uleb128 0x49
 1202 00cc 13       		.uleb128 0x13
ARM GAS  /var/folders/yt/6z6x8bjn5sjf5fbb45bk5m4c0000gn/T//cclFrJiR.s 			page 26


 1203 00cd 00       		.byte	0
 1204 00ce 00       		.byte	0
 1205 00cf 12       		.uleb128 0x12
 1206 00d0 04       		.uleb128 0x4
 1207 00d1 01       		.byte	0x1
 1208 00d2 0B       		.uleb128 0xb
 1209 00d3 0B       		.uleb128 0xb
 1210 00d4 3A       		.uleb128 0x3a
 1211 00d5 0B       		.uleb128 0xb
 1212 00d6 3B       		.uleb128 0x3b
 1213 00d7 05       		.uleb128 0x5
 1214 00d8 01       		.uleb128 0x1
 1215 00d9 13       		.uleb128 0x13
 1216 00da 00       		.byte	0
 1217 00db 00       		.byte	0
 1218 00dc 13       		.uleb128 0x13
 1219 00dd 28       		.uleb128 0x28
 1220 00de 00       		.byte	0
 1221 00df 03       		.uleb128 0x3
 1222 00e0 0E       		.uleb128 0xe
 1223 00e1 1C       		.uleb128 0x1c
 1224 00e2 0D       		.uleb128 0xd
 1225 00e3 00       		.byte	0
 1226 00e4 00       		.byte	0
 1227 00e5 14       		.uleb128 0x14
 1228 00e6 2E       		.uleb128 0x2e
 1229 00e7 01       		.byte	0x1
 1230 00e8 3F       		.uleb128 0x3f
 1231 00e9 0C       		.uleb128 0xc
 1232 00ea 03       		.uleb128 0x3
 1233 00eb 0E       		.uleb128 0xe
 1234 00ec 3A       		.uleb128 0x3a
 1235 00ed 0B       		.uleb128 0xb
 1236 00ee 3B       		.uleb128 0x3b
 1237 00ef 0B       		.uleb128 0xb
 1238 00f0 27       		.uleb128 0x27
 1239 00f1 0C       		.uleb128 0xc
 1240 00f2 11       		.uleb128 0x11
 1241 00f3 01       		.uleb128 0x1
 1242 00f4 12       		.uleb128 0x12
 1243 00f5 01       		.uleb128 0x1
 1244 00f6 40       		.uleb128 0x40
 1245 00f7 0A       		.uleb128 0xa
 1246 00f8 9742     		.uleb128 0x2117
 1247 00fa 0C       		.uleb128 0xc
 1248 00fb 01       		.uleb128 0x1
 1249 00fc 13       		.uleb128 0x13
 1250 00fd 00       		.byte	0
 1251 00fe 00       		.byte	0
 1252 00ff 15       		.uleb128 0x15
 1253 0100 05       		.uleb128 0x5
 1254 0101 00       		.byte	0
 1255 0102 03       		.uleb128 0x3
 1256 0103 0E       		.uleb128 0xe
 1257 0104 3A       		.uleb128 0x3a
 1258 0105 0B       		.uleb128 0xb
 1259 0106 3B       		.uleb128 0x3b
ARM GAS  /var/folders/yt/6z6x8bjn5sjf5fbb45bk5m4c0000gn/T//cclFrJiR.s 			page 27


 1260 0107 0B       		.uleb128 0xb
 1261 0108 49       		.uleb128 0x49
 1262 0109 13       		.uleb128 0x13
 1263 010a 02       		.uleb128 0x2
 1264 010b 06       		.uleb128 0x6
 1265 010c 00       		.byte	0
 1266 010d 00       		.byte	0
 1267 010e 16       		.uleb128 0x16
 1268 010f 2E       		.uleb128 0x2e
 1269 0110 01       		.byte	0x1
 1270 0111 3F       		.uleb128 0x3f
 1271 0112 0C       		.uleb128 0xc
 1272 0113 03       		.uleb128 0x3
 1273 0114 0E       		.uleb128 0xe
 1274 0115 3A       		.uleb128 0x3a
 1275 0116 0B       		.uleb128 0xb
 1276 0117 3B       		.uleb128 0x3b
 1277 0118 0B       		.uleb128 0xb
 1278 0119 27       		.uleb128 0x27
 1279 011a 0C       		.uleb128 0xc
 1280 011b 11       		.uleb128 0x11
 1281 011c 01       		.uleb128 0x1
 1282 011d 12       		.uleb128 0x12
 1283 011e 01       		.uleb128 0x1
 1284 011f 40       		.uleb128 0x40
 1285 0120 06       		.uleb128 0x6
 1286 0121 9742     		.uleb128 0x2117
 1287 0123 0C       		.uleb128 0xc
 1288 0124 01       		.uleb128 0x1
 1289 0125 13       		.uleb128 0x13
 1290 0126 00       		.byte	0
 1291 0127 00       		.byte	0
 1292 0128 17       		.uleb128 0x17
 1293 0129 05       		.uleb128 0x5
 1294 012a 00       		.byte	0
 1295 012b 03       		.uleb128 0x3
 1296 012c 0E       		.uleb128 0xe
 1297 012d 3A       		.uleb128 0x3a
 1298 012e 0B       		.uleb128 0xb
 1299 012f 3B       		.uleb128 0x3b
 1300 0130 0B       		.uleb128 0xb
 1301 0131 49       		.uleb128 0x49
 1302 0132 13       		.uleb128 0x13
 1303 0133 02       		.uleb128 0x2
 1304 0134 0A       		.uleb128 0xa
 1305 0135 00       		.byte	0
 1306 0136 00       		.byte	0
 1307 0137 18       		.uleb128 0x18
 1308 0138 34       		.uleb128 0x34
 1309 0139 00       		.byte	0
 1310 013a 03       		.uleb128 0x3
 1311 013b 0E       		.uleb128 0xe
 1312 013c 3A       		.uleb128 0x3a
 1313 013d 0B       		.uleb128 0xb
 1314 013e 3B       		.uleb128 0x3b
 1315 013f 0B       		.uleb128 0xb
 1316 0140 49       		.uleb128 0x49
ARM GAS  /var/folders/yt/6z6x8bjn5sjf5fbb45bk5m4c0000gn/T//cclFrJiR.s 			page 28


 1317 0141 13       		.uleb128 0x13
 1318 0142 02       		.uleb128 0x2
 1319 0143 06       		.uleb128 0x6
 1320 0144 00       		.byte	0
 1321 0145 00       		.byte	0
 1322 0146 19       		.uleb128 0x19
 1323 0147 0F       		.uleb128 0xf
 1324 0148 00       		.byte	0
 1325 0149 0B       		.uleb128 0xb
 1326 014a 0B       		.uleb128 0xb
 1327 014b 49       		.uleb128 0x49
 1328 014c 13       		.uleb128 0x13
 1329 014d 00       		.byte	0
 1330 014e 00       		.byte	0
 1331 014f 1A       		.uleb128 0x1a
 1332 0150 34       		.uleb128 0x34
 1333 0151 00       		.byte	0
 1334 0152 03       		.uleb128 0x3
 1335 0153 0E       		.uleb128 0xe
 1336 0154 3A       		.uleb128 0x3a
 1337 0155 0B       		.uleb128 0xb
 1338 0156 3B       		.uleb128 0x3b
 1339 0157 05       		.uleb128 0x5
 1340 0158 49       		.uleb128 0x49
 1341 0159 13       		.uleb128 0x13
 1342 015a 3F       		.uleb128 0x3f
 1343 015b 0C       		.uleb128 0xc
 1344 015c 3C       		.uleb128 0x3c
 1345 015d 0C       		.uleb128 0xc
 1346 015e 00       		.byte	0
 1347 015f 00       		.byte	0
 1348 0160 00       		.byte	0
 1349              		.section	.debug_loc,"",%progbits
 1350              	.Ldebug_loc0:
 1351              	.LLST0:
 1352 0000 00000000 		.4byte	.LVL0-.Ltext0
 1353 0004 04000000 		.4byte	.LVL1-.Ltext0
 1354 0008 0100     		.2byte	0x1
 1355 000a 50       		.byte	0x50
 1356 000b 04000000 		.4byte	.LVL1-.Ltext0
 1357 000f 14000000 		.4byte	.LFE29-.Ltext0
 1358 0013 0400     		.2byte	0x4
 1359 0015 F3       		.byte	0xf3
 1360 0016 01       		.uleb128 0x1
 1361 0017 50       		.byte	0x50
 1362 0018 9F       		.byte	0x9f
 1363 0019 00000000 		.4byte	0
 1364 001d 00000000 		.4byte	0
 1365              	.LLST1:
 1366 0021 14000000 		.4byte	.LFB30-.Ltext0
 1367 0025 18000000 		.4byte	.LCFI0-.Ltext0
 1368 0029 0200     		.2byte	0x2
 1369 002b 7D       		.byte	0x7d
 1370 002c 00       		.sleb128 0
 1371 002d 18000000 		.4byte	.LCFI0-.Ltext0
 1372 0031 80000000 		.4byte	.LFE30-.Ltext0
 1373 0035 0200     		.2byte	0x2
ARM GAS  /var/folders/yt/6z6x8bjn5sjf5fbb45bk5m4c0000gn/T//cclFrJiR.s 			page 29


 1374 0037 7D       		.byte	0x7d
 1375 0038 08       		.sleb128 8
 1376 0039 00000000 		.4byte	0
 1377 003d 00000000 		.4byte	0
 1378              	.LLST2:
 1379 0041 14000000 		.4byte	.LVL2-.Ltext0
 1380 0045 2C000000 		.4byte	.LVL3-.Ltext0
 1381 0049 0200     		.2byte	0x2
 1382 004b 30       		.byte	0x30
 1383 004c 9F       		.byte	0x9f
 1384 004d 2C000000 		.4byte	.LVL3-.Ltext0
 1385 0051 34000000 		.4byte	.LVL5-.Ltext0
 1386 0055 0100     		.2byte	0x1
 1387 0057 54       		.byte	0x54
 1388 0058 34000000 		.4byte	.LVL5-.Ltext0
 1389 005c 42000000 		.4byte	.LVL9-.Ltext0
 1390 0060 0100     		.2byte	0x1
 1391 0062 51       		.byte	0x51
 1392 0063 42000000 		.4byte	.LVL9-.Ltext0
 1393 0067 44000000 		.4byte	.LVL10-.Ltext0
 1394 006b 0500     		.2byte	0x5
 1395 006d 72       		.byte	0x72
 1396 006e 00       		.sleb128 0
 1397 006f 34       		.byte	0x34
 1398 0070 24       		.byte	0x24
 1399 0071 9F       		.byte	0x9f
 1400 0072 44000000 		.4byte	.LVL10-.Ltext0
 1401 0076 46000000 		.4byte	.LVL11-.Ltext0
 1402 007a 0100     		.2byte	0x1
 1403 007c 52       		.byte	0x52
 1404 007d 60000000 		.4byte	.LVL12-.Ltext0
 1405 0081 80000000 		.4byte	.LFE30-.Ltext0
 1406 0085 0200     		.2byte	0x2
 1407 0087 30       		.byte	0x30
 1408 0088 9F       		.byte	0x9f
 1409 0089 00000000 		.4byte	0
 1410 008d 00000000 		.4byte	0
 1411              	.LLST3:
 1412 0091 14000000 		.4byte	.LVL2-.Ltext0
 1413 0095 2C000000 		.4byte	.LVL3-.Ltext0
 1414 0099 0200     		.2byte	0x2
 1415 009b 30       		.byte	0x30
 1416 009c 9F       		.byte	0x9f
 1417 009d 2C000000 		.4byte	.LVL3-.Ltext0
 1418 00a1 30000000 		.4byte	.LVL4-.Ltext0
 1419 00a5 0500     		.2byte	0x5
 1420 00a7 34       		.byte	0x34
 1421 00a8 74       		.byte	0x74
 1422 00a9 00       		.sleb128 0
 1423 00aa 1C       		.byte	0x1c
 1424 00ab 9F       		.byte	0x9f
 1425 00ac 30000000 		.4byte	.LVL4-.Ltext0
 1426 00b0 34000000 		.4byte	.LVL5-.Ltext0
 1427 00b4 0100     		.2byte	0x1
 1428 00b6 51       		.byte	0x51
 1429 00b7 34000000 		.4byte	.LVL5-.Ltext0
 1430 00bb 3A000000 		.4byte	.LVL7-.Ltext0
ARM GAS  /var/folders/yt/6z6x8bjn5sjf5fbb45bk5m4c0000gn/T//cclFrJiR.s 			page 30


 1431 00bf 0500     		.2byte	0x5
 1432 00c1 34       		.byte	0x34
 1433 00c2 74       		.byte	0x74
 1434 00c3 00       		.sleb128 0
 1435 00c4 1C       		.byte	0x1c
 1436 00c5 9F       		.byte	0x9f
 1437 00c6 60000000 		.4byte	.LVL12-.Ltext0
 1438 00ca 80000000 		.4byte	.LFE30-.Ltext0
 1439 00ce 0200     		.2byte	0x2
 1440 00d0 30       		.byte	0x30
 1441 00d1 9F       		.byte	0x9f
 1442 00d2 00000000 		.4byte	0
 1443 00d6 00000000 		.4byte	0
 1444              	.LLST4:
 1445 00da 14000000 		.4byte	.LVL2-.Ltext0
 1446 00de 2C000000 		.4byte	.LVL3-.Ltext0
 1447 00e2 0200     		.2byte	0x2
 1448 00e4 3F       		.byte	0x3f
 1449 00e5 9F       		.byte	0x9f
 1450 00e6 2C000000 		.4byte	.LVL3-.Ltext0
 1451 00ea 38000000 		.4byte	.LVL6-.Ltext0
 1452 00ee 0500     		.2byte	0x5
 1453 00f0 3F       		.byte	0x3f
 1454 00f1 74       		.byte	0x74
 1455 00f2 00       		.sleb128 0
 1456 00f3 25       		.byte	0x25
 1457 00f4 9F       		.byte	0x9f
 1458 00f5 38000000 		.4byte	.LVL6-.Ltext0
 1459 00f9 40000000 		.4byte	.LVL8-.Ltext0
 1460 00fd 0100     		.2byte	0x1
 1461 00ff 52       		.byte	0x52
 1462 0100 60000000 		.4byte	.LVL12-.Ltext0
 1463 0104 80000000 		.4byte	.LFE30-.Ltext0
 1464 0108 0200     		.2byte	0x2
 1465 010a 3F       		.byte	0x3f
 1466 010b 9F       		.byte	0x9f
 1467 010c 00000000 		.4byte	0
 1468 0110 00000000 		.4byte	0
 1469              	.LLST5:
 1470 0114 80000000 		.4byte	.LVL13-.Ltext0
 1471 0118 8C000000 		.4byte	.LVL15-.Ltext0
 1472 011c 0100     		.2byte	0x1
 1473 011e 50       		.byte	0x50
 1474 011f 8C000000 		.4byte	.LVL15-.Ltext0
 1475 0123 94000000 		.4byte	.LFE31-.Ltext0
 1476 0127 0400     		.2byte	0x4
 1477 0129 F3       		.byte	0xf3
 1478 012a 01       		.uleb128 0x1
 1479 012b 50       		.byte	0x50
 1480 012c 9F       		.byte	0x9f
 1481 012d 00000000 		.4byte	0
 1482 0131 00000000 		.4byte	0
 1483              	.LLST6:
 1484 0135 80000000 		.4byte	.LVL13-.Ltext0
 1485 0139 84000000 		.4byte	.LVL14-.Ltext0
 1486 013d 0100     		.2byte	0x1
 1487 013f 51       		.byte	0x51
ARM GAS  /var/folders/yt/6z6x8bjn5sjf5fbb45bk5m4c0000gn/T//cclFrJiR.s 			page 31


 1488 0140 84000000 		.4byte	.LVL14-.Ltext0
 1489 0144 94000000 		.4byte	.LFE31-.Ltext0
 1490 0148 0400     		.2byte	0x4
 1491 014a F3       		.byte	0xf3
 1492 014b 01       		.uleb128 0x1
 1493 014c 51       		.byte	0x51
 1494 014d 9F       		.byte	0x9f
 1495 014e 00000000 		.4byte	0
 1496 0152 00000000 		.4byte	0
 1497              	.LLST7:
 1498 0156 94000000 		.4byte	.LVL16-.Ltext0
 1499 015a 9C000000 		.4byte	.LVL17-.Ltext0
 1500 015e 0100     		.2byte	0x1
 1501 0160 50       		.byte	0x50
 1502 0161 9C000000 		.4byte	.LVL17-.Ltext0
 1503 0165 9E000000 		.4byte	.LVL18-.Ltext0
 1504 0169 0400     		.2byte	0x4
 1505 016b F3       		.byte	0xf3
 1506 016c 01       		.uleb128 0x1
 1507 016d 50       		.byte	0x50
 1508 016e 9F       		.byte	0x9f
 1509 016f 9E000000 		.4byte	.LVL18-.Ltext0
 1510 0173 A2000000 		.4byte	.LVL19-.Ltext0
 1511 0177 0100     		.2byte	0x1
 1512 0179 50       		.byte	0x50
 1513 017a A2000000 		.4byte	.LVL19-.Ltext0
 1514 017e AC000000 		.4byte	.LFE32-.Ltext0
 1515 0182 0400     		.2byte	0x4
 1516 0184 F3       		.byte	0xf3
 1517 0185 01       		.uleb128 0x1
 1518 0186 50       		.byte	0x50
 1519 0187 9F       		.byte	0x9f
 1520 0188 00000000 		.4byte	0
 1521 018c 00000000 		.4byte	0
 1522              		.section	.debug_aranges,"",%progbits
 1523 0000 1C000000 		.4byte	0x1c
 1524 0004 0200     		.2byte	0x2
 1525 0006 00000000 		.4byte	.Ldebug_info0
 1526 000a 04       		.byte	0x4
 1527 000b 00       		.byte	0
 1528 000c 0000     		.2byte	0
 1529 000e 0000     		.2byte	0
 1530 0010 00000000 		.4byte	.Ltext0
 1531 0014 C4000000 		.4byte	.Letext0-.Ltext0
 1532 0018 00000000 		.4byte	0
 1533 001c 00000000 		.4byte	0
 1534              		.section	.debug_line,"",%progbits
 1535              	.Ldebug_line0:
 1536 0000 E5010000 		.section	.debug_str,"MS",%progbits,1
 1536      02009E01 
 1536      00000201 
 1536      FB0E0D00 
 1536      01010101 
 1537              	.LASF21:
 1538 0000 49414252 		.ascii	"IABR\000"
 1538      00
 1539              	.LASF52:
ARM GAS  /var/folders/yt/6z6x8bjn5sjf5fbb45bk5m4c0000gn/T//cclFrJiR.s 			page 32


 1540 0005 4E564943 		.ascii	"NVIC_InitTypeDef\000"
 1540      5F496E69 
 1540      74547970 
 1540      65446566 
 1540      00
 1541              	.LASF51:
 1542 0016 4E564943 		.ascii	"NVIC_IRQChannelCmd\000"
 1542      5F495251 
 1542      4368616E 
 1542      6E656C43 
 1542      6D6400
 1543              	.LASF67:
 1544 0029 53797354 		.ascii	"SysTick_CLKSource\000"
 1544      69636B5F 
 1544      434C4B53 
 1544      6F757263 
 1544      6500
 1545              	.LASF68:
 1546 003b 474E5520 		.ascii	"GNU C 4.9.3 20150529 (release) [ARM/embedded-4_9-br"
 1546      4320342E 
 1546      392E3320 
 1546      32303135 
 1546      30353239 
 1547 006e 616E6368 		.ascii	"anch revision 227977] -mcpu=cortex-m3 -mthumb -gdwa"
 1547      20726576 
 1547      6973696F 
 1547      6E203232 
 1547      37393737 
 1548 00a1 72662D32 		.ascii	"rf-2 -Os -fomit-frame-pointer\000"
 1548      202D4F73 
 1548      202D666F 
 1548      6D69742D 
 1548      6672616D 
 1549              	.LASF56:
 1550 00bf 4E564943 		.ascii	"NVIC_InitStruct\000"
 1550      5F496E69 
 1550      74537472 
 1550      75637400 
 1551              	.LASF66:
 1552 00cf 53797354 		.ascii	"SysTick_CLKSourceConfig\000"
 1552      69636B5F 
 1552      434C4B53 
 1552      6F757263 
 1552      65436F6E 
 1553              	.LASF2:
 1554 00e7 73686F72 		.ascii	"short int\000"
 1554      7420696E 
 1554      7400
 1555              	.LASF60:
 1556 00f1 4E564943 		.ascii	"NVIC_SetVectorTable\000"
 1556      5F536574 
 1556      56656374 
 1556      6F725461 
 1556      626C6500 
 1557              	.LASF25:
 1558 0105 73697A65 		.ascii	"sizetype\000"
 1558      74797065 
ARM GAS  /var/folders/yt/6z6x8bjn5sjf5fbb45bk5m4c0000gn/T//cclFrJiR.s 			page 33


 1558      00
 1559              	.LASF54:
 1560 010e 4E564943 		.ascii	"NVIC_Init\000"
 1560      5F496E69 
 1560      7400
 1561              	.LASF58:
 1562 0118 746D7070 		.ascii	"tmppre\000"
 1562      726500
 1563              	.LASF6:
 1564 011f 5F5F7569 		.ascii	"__uint32_t\000"
 1564      6E743332 
 1564      5F7400
 1565              	.LASF27:
 1566 012a 43505549 		.ascii	"CPUID\000"
 1566      4400
 1567              	.LASF14:
 1568 0130 52455345 		.ascii	"RESERVED0\000"
 1568      52564544 
 1568      3000
 1569              	.LASF11:
 1570 013a 75696E74 		.ascii	"uint8_t\000"
 1570      385F7400 
 1571              	.LASF55:
 1572 0142 4E564943 		.ascii	"NVIC_PriorityGroup\000"
 1572      5F507269 
 1572      6F726974 
 1572      7947726F 
 1572      757000
 1573              	.LASF65:
 1574 0155 4E657753 		.ascii	"NewState\000"
 1574      74617465 
 1574      00
 1575              	.LASF24:
 1576 015e 53544952 		.ascii	"STIR\000"
 1576      00
 1577              	.LASF45:
 1578 0163 44495341 		.ascii	"DISABLE\000"
 1578      424C4500 
 1579              	.LASF28:
 1580 016b 49435352 		.ascii	"ICSR\000"
 1580      00
 1581              	.LASF16:
 1582 0170 52534552 		.ascii	"RSERVED1\000"
 1582      56454431 
 1582      00
 1583              	.LASF70:
 1584 0179 2F557365 		.ascii	"/Users/ingamedeo/Downloads/STM32F103ZET6FreeRTOS\000"
 1584      72732F69 
 1584      6E67616D 
 1584      6564656F 
 1584      2F446F77 
 1585              	.LASF8:
 1586 01aa 6C6F6E67 		.ascii	"long long int\000"
 1586      206C6F6E 
 1586      6720696E 
 1586      7400
 1587              	.LASF43:
ARM GAS  /var/folders/yt/6z6x8bjn5sjf5fbb45bk5m4c0000gn/T//cclFrJiR.s 			page 34


 1588 01b8 43414C49 		.ascii	"CALIB\000"
 1588      4200
 1589              	.LASF29:
 1590 01be 56544F52 		.ascii	"VTOR\000"
 1590      00
 1591              	.LASF36:
 1592 01c3 42464152 		.ascii	"BFAR\000"
 1592      00
 1593              	.LASF4:
 1594 01c8 6C6F6E67 		.ascii	"long int\000"
 1594      20696E74 
 1594      00
 1595              	.LASF5:
 1596 01d1 5F5F7569 		.ascii	"__uint8_t\000"
 1596      6E74385F 
 1596      7400
 1597              	.LASF32:
 1598 01db 43465352 		.ascii	"CFSR\000"
 1598      00
 1599              	.LASF1:
 1600 01e0 756E7369 		.ascii	"unsigned char\000"
 1600      676E6564 
 1600      20636861 
 1600      7200
 1601              	.LASF30:
 1602 01ee 41495243 		.ascii	"AIRCR\000"
 1602      5200
 1603              	.LASF40:
 1604 01f4 5343425F 		.ascii	"SCB_Type\000"
 1604      54797065 
 1604      00
 1605              	.LASF41:
 1606 01fd 4354524C 		.ascii	"CTRL\000"
 1606      00
 1607              	.LASF26:
 1608 0202 4E564943 		.ascii	"NVIC_Type\000"
 1608      5F547970 
 1608      6500
 1609              	.LASF19:
 1610 020c 49435052 		.ascii	"ICPR\000"
 1610      00
 1611              	.LASF0:
 1612 0211 7369676E 		.ascii	"signed char\000"
 1612      65642063 
 1612      68617200 
 1613              	.LASF9:
 1614 021d 6C6F6E67 		.ascii	"long long unsigned int\000"
 1614      206C6F6E 
 1614      6720756E 
 1614      7369676E 
 1614      65642069 
 1615              	.LASF12:
 1616 0234 75696E74 		.ascii	"uint32_t\000"
 1616      33325F74 
 1616      00
 1617              	.LASF10:
 1618 023d 756E7369 		.ascii	"unsigned int\000"
ARM GAS  /var/folders/yt/6z6x8bjn5sjf5fbb45bk5m4c0000gn/T//cclFrJiR.s 			page 35


 1618      676E6564 
 1618      20696E74 
 1618      00
 1619              	.LASF31:
 1620 024a 53484353 		.ascii	"SHCSR\000"
 1620      5200
 1621              	.LASF35:
 1622 0250 4D4D4641 		.ascii	"MMFAR\000"
 1622      5200
 1623              	.LASF59:
 1624 0256 746D7073 		.ascii	"tmpsub\000"
 1624      756200
 1625              	.LASF63:
 1626 025d 4E564943 		.ascii	"NVIC_SystemLPConfig\000"
 1626      5F537973 
 1626      74656D4C 
 1626      50436F6E 
 1626      66696700 
 1627              	.LASF62:
 1628 0271 4F666673 		.ascii	"Offset\000"
 1628      657400
 1629              	.LASF44:
 1630 0278 53797354 		.ascii	"SysTick_Type\000"
 1630      69636B5F 
 1630      54797065 
 1630      00
 1631              	.LASF3:
 1632 0285 73686F72 		.ascii	"short unsigned int\000"
 1632      7420756E 
 1632      7369676E 
 1632      65642069 
 1632      6E7400
 1633              	.LASF57:
 1634 0298 746D7070 		.ascii	"tmppriority\000"
 1634      72696F72 
 1634      69747900 
 1635              	.LASF39:
 1636 02a4 49534152 		.ascii	"ISAR\000"
 1636      00
 1637              	.LASF17:
 1638 02a9 49535052 		.ascii	"ISPR\000"
 1638      00
 1639              	.LASF34:
 1640 02ae 44465352 		.ascii	"DFSR\000"
 1640      00
 1641              	.LASF48:
 1642 02b3 4E564943 		.ascii	"NVIC_IRQChannel\000"
 1642      5F495251 
 1642      4368616E 
 1642      6E656C00 
 1643              	.LASF50:
 1644 02c3 4E564943 		.ascii	"NVIC_IRQChannelSubPriority\000"
 1644      5F495251 
 1644      4368616E 
 1644      6E656C53 
 1644      75625072 
 1645              	.LASF33:
ARM GAS  /var/folders/yt/6z6x8bjn5sjf5fbb45bk5m4c0000gn/T//cclFrJiR.s 			page 36


 1646 02de 48465352 		.ascii	"HFSR\000"
 1646      00
 1647              	.LASF15:
 1648 02e3 49434552 		.ascii	"ICER\000"
 1648      00
 1649              	.LASF38:
 1650 02e8 4D4D4652 		.ascii	"MMFR\000"
 1650      00
 1651              	.LASF13:
 1652 02ed 49534552 		.ascii	"ISER\000"
 1652      00
 1653              	.LASF18:
 1654 02f2 52455345 		.ascii	"RESERVED2\000"
 1654      52564544 
 1654      3200
 1655              	.LASF20:
 1656 02fc 52455345 		.ascii	"RESERVED3\000"
 1656      52564544 
 1656      3300
 1657              	.LASF22:
 1658 0306 52455345 		.ascii	"RESERVED4\000"
 1658      52564544 
 1658      3400
 1659              	.LASF23:
 1660 0310 52455345 		.ascii	"RESERVED5\000"
 1660      52564544 
 1660      3500
 1661              	.LASF7:
 1662 031a 6C6F6E67 		.ascii	"long unsigned int\000"
 1662      20756E73 
 1662      69676E65 
 1662      6420696E 
 1662      7400
 1663              	.LASF49:
 1664 032c 4E564943 		.ascii	"NVIC_IRQChannelPreemptionPriority\000"
 1664      5F495251 
 1664      4368616E 
 1664      6E656C50 
 1664      7265656D 
 1665              	.LASF47:
 1666 034e 46756E63 		.ascii	"FunctionalState\000"
 1666      74696F6E 
 1666      616C5374 
 1666      61746500 
 1667              	.LASF61:
 1668 035e 4E564943 		.ascii	"NVIC_VectTab\000"
 1668      5F566563 
 1668      74546162 
 1668      00
 1669              	.LASF42:
 1670 036b 4C4F4144 		.ascii	"LOAD\000"
 1670      00
 1671              	.LASF69:
 1672 0370 4C696272 		.ascii	"Libraries/STM32F10x_StdPeriph_Driver/src/misc.c\000"
 1672      61726965 
 1672      732F5354 
 1672      4D333246 
ARM GAS  /var/folders/yt/6z6x8bjn5sjf5fbb45bk5m4c0000gn/T//cclFrJiR.s 			page 37


 1672      3130785F 
 1673              	.LASF37:
 1674 03a0 41465352 		.ascii	"AFSR\000"
 1674      00
 1675              	.LASF64:
 1676 03a5 4C6F7750 		.ascii	"LowPowerMode\000"
 1676      6F776572 
 1676      4D6F6465 
 1676      00
 1677              	.LASF71:
 1678 03b2 49544D5F 		.ascii	"ITM_RxBuffer\000"
 1678      52784275 
 1678      66666572 
 1678      00
 1679              	.LASF46:
 1680 03bf 454E4142 		.ascii	"ENABLE\000"
 1680      4C4500
 1681              	.LASF53:
 1682 03c6 4E564943 		.ascii	"NVIC_PriorityGroupConfig\000"
 1682      5F507269 
 1682      6F726974 
 1682      7947726F 
 1682      7570436F 
 1683              		.ident	"GCC: (GNU Tools for ARM Embedded Processors) 4.9.3 20150529 (release) [ARM/embedded-4_9-br
ARM GAS  /var/folders/yt/6z6x8bjn5sjf5fbb45bk5m4c0000gn/T//cclFrJiR.s 			page 38


DEFINED SYMBOLS
                            *ABS*:0000000000000000 misc.c
/var/folders/yt/6z6x8bjn5sjf5fbb45bk5m4c0000gn/T//cclFrJiR.s:73     .text:0000000000000000 $t
/var/folders/yt/6z6x8bjn5sjf5fbb45bk5m4c0000gn/T//cclFrJiR.s:78     .text:0000000000000000 NVIC_PriorityGroupConfig
/var/folders/yt/6z6x8bjn5sjf5fbb45bk5m4c0000gn/T//cclFrJiR.s:97     .text:0000000000000010 $d
/var/folders/yt/6z6x8bjn5sjf5fbb45bk5m4c0000gn/T//cclFrJiR.s:101    .text:0000000000000014 $t
/var/folders/yt/6z6x8bjn5sjf5fbb45bk5m4c0000gn/T//cclFrJiR.s:106    .text:0000000000000014 NVIC_Init
/var/folders/yt/6z6x8bjn5sjf5fbb45bk5m4c0000gn/T//cclFrJiR.s:192    .text:0000000000000078 $d
/var/folders/yt/6z6x8bjn5sjf5fbb45bk5m4c0000gn/T//cclFrJiR.s:197    .text:0000000000000080 $t
/var/folders/yt/6z6x8bjn5sjf5fbb45bk5m4c0000gn/T//cclFrJiR.s:202    .text:0000000000000080 NVIC_SetVectorTable
/var/folders/yt/6z6x8bjn5sjf5fbb45bk5m4c0000gn/T//cclFrJiR.s:222    .text:0000000000000090 $d
/var/folders/yt/6z6x8bjn5sjf5fbb45bk5m4c0000gn/T//cclFrJiR.s:226    .text:0000000000000094 $t
/var/folders/yt/6z6x8bjn5sjf5fbb45bk5m4c0000gn/T//cclFrJiR.s:231    .text:0000000000000094 NVIC_SystemLPConfig
/var/folders/yt/6z6x8bjn5sjf5fbb45bk5m4c0000gn/T//cclFrJiR.s:259    .text:00000000000000a8 $d
/var/folders/yt/6z6x8bjn5sjf5fbb45bk5m4c0000gn/T//cclFrJiR.s:263    .text:00000000000000ac $t
/var/folders/yt/6z6x8bjn5sjf5fbb45bk5m4c0000gn/T//cclFrJiR.s:268    .text:00000000000000ac SysTick_CLKSourceConfig
/var/folders/yt/6z6x8bjn5sjf5fbb45bk5m4c0000gn/T//cclFrJiR.s:290    .text:00000000000000c0 $d
                     .debug_frame:0000000000000010 $d

NO UNDEFINED SYMBOLS
